{"/home/techuz/Nirav/data_viz/Code/Backend/node_boilerplate/config/config.js":{"path":"/home/techuz/Nirav/data_viz/Code/Backend/node_boilerplate/config/config.js","s":{"1":1,"2":1,"3":1,"4":1,"5":0,"6":0,"7":0,"8":0,"9":1,"10":1,"11":1,"12":0,"13":1,"14":1,"15":1,"16":1,"17":0,"18":0,"19":0,"20":1,"21":1,"22":0,"23":0,"24":0,"25":0,"26":0,"27":0,"28":0,"29":1,"30":1,"31":1,"32":1,"33":1,"34":1,"35":1,"36":1,"37":1,"38":1},"b":{"1":[0,1],"2":[0,0],"3":[0,1],"4":[1,1],"5":[0,1],"6":[1,1],"7":[0,1],"8":[1,0]},"f":{"1":1,"2":1,"3":1,"4":1},"fnMap":{"1":{"name":"(anonymous_1)","line":16,"loc":{"start":{"line":16,"column":34},"end":{"line":16,"column":46}}},"2":{"name":"(anonymous_2)","line":34,"loc":{"start":{"line":34,"column":25},"end":{"line":34,"column":43}}},"3":{"name":"(anonymous_3)","line":53,"loc":{"start":{"line":53,"column":25},"end":{"line":53,"column":43}}},"4":{"name":"(anonymous_4)","line":72,"loc":{"start":{"line":72,"column":23},"end":{"line":72,"column":35}}}},"statementMap":{"1":{"start":{"line":6,"column":0},"end":{"line":10,"column":25}},"2":{"start":{"line":16,"column":0},"end":{"line":28,"column":2}},"3":{"start":{"line":17,"column":2},"end":{"line":17,"column":83}},"4":{"start":{"line":18,"column":2},"end":{"line":25,"column":3}},"5":{"start":{"line":19,"column":4},"end":{"line":23,"column":5}},"6":{"start":{"line":20,"column":6},"end":{"line":20,"column":144}},"7":{"start":{"line":22,"column":6},"end":{"line":22,"column":106}},"8":{"start":{"line":24,"column":4},"end":{"line":24,"column":41}},"9":{"start":{"line":27,"column":2},"end":{"line":27,"column":31}},"10":{"start":{"line":34,"column":0},"end":{"line":48,"column":2}},"11":{"start":{"line":36,"column":2},"end":{"line":38,"column":3}},"12":{"start":{"line":37,"column":4},"end":{"line":37,"column":16}},"13":{"start":{"line":40,"column":2},"end":{"line":40,"column":113}},"14":{"start":{"line":41,"column":2},"end":{"line":41,"column":114}},"15":{"start":{"line":42,"column":2},"end":{"line":42,"column":195}},"16":{"start":{"line":43,"column":2},"end":{"line":47,"column":3}},"17":{"start":{"line":44,"column":4},"end":{"line":44,"column":109}},"18":{"start":{"line":45,"column":4},"end":{"line":45,"column":18}},"19":{"start":{"line":46,"column":4},"end":{"line":46,"column":33}},"20":{"start":{"line":53,"column":0},"end":{"line":66,"column":2}},"21":{"start":{"line":55,"column":2},"end":{"line":65,"column":3}},"22":{"start":{"line":56,"column":6},"end":{"line":56,"column":102}},"23":{"start":{"line":57,"column":6},"end":{"line":57,"column":108}},"24":{"start":{"line":58,"column":6},"end":{"line":58,"column":58}},"25":{"start":{"line":59,"column":6},"end":{"line":59,"column":79}},"26":{"start":{"line":60,"column":6},"end":{"line":60,"column":20}},"27":{"start":{"line":61,"column":6},"end":{"line":61,"column":52}},"28":{"start":{"line":62,"column":6},"end":{"line":62,"column":19}},"29":{"start":{"line":64,"column":4},"end":{"line":64,"column":16}},"30":{"start":{"line":72,"column":0},"end":{"line":92,"column":2}},"31":{"start":{"line":74,"column":2},"end":{"line":74,"column":32}},"32":{"start":{"line":78,"column":2},"end":{"line":78,"column":78}},"33":{"start":{"line":80,"column":2},"end":{"line":80,"column":103}},"34":{"start":{"line":83,"column":2},"end":{"line":83,"column":57}},"35":{"start":{"line":86,"column":2},"end":{"line":86,"column":29}},"36":{"start":{"line":89,"column":2},"end":{"line":89,"column":29}},"37":{"start":{"line":91,"column":2},"end":{"line":91,"column":16}},"38":{"start":{"line":97,"column":0},"end":{"line":97,"column":36}}},"branchMap":{"1":{"line":18,"type":"if","locations":[{"start":{"line":18,"column":2},"end":{"line":18,"column":2}},{"start":{"line":18,"column":2},"end":{"line":18,"column":2}}]},"2":{"line":19,"type":"if","locations":[{"start":{"line":19,"column":4},"end":{"line":19,"column":4}},{"start":{"line":19,"column":4},"end":{"line":19,"column":4}}]},"3":{"line":36,"type":"if","locations":[{"start":{"line":36,"column":2},"end":{"line":36,"column":2}},{"start":{"line":36,"column":2},"end":{"line":36,"column":2}}]},"4":{"line":36,"type":"binary-expr","locations":[{"start":{"line":36,"column":6},"end":{"line":36,"column":20}},{"start":{"line":36,"column":24},"end":{"line":36,"column":53}}]},"5":{"line":43,"type":"if","locations":[{"start":{"line":43,"column":2},"end":{"line":43,"column":2}},{"start":{"line":43,"column":2},"end":{"line":43,"column":2}}]},"6":{"line":43,"type":"binary-expr","locations":[{"start":{"line":43,"column":6},"end":{"line":43,"column":17}},{"start":{"line":43,"column":21},"end":{"line":43,"column":33}}]},"7":{"line":55,"type":"if","locations":[{"start":{"line":55,"column":2},"end":{"line":55,"column":2}},{"start":{"line":55,"column":2},"end":{"line":55,"column":2}}]},"8":{"line":80,"type":"binary-expr","locations":[{"start":{"line":80,"column":26},"end":{"line":80,"column":96}},{"start":{"line":80,"column":100},"end":{"line":80,"column":102}}]}}},"/home/techuz/Nirav/data_viz/Code/Backend/node_boilerplate/config/env/default.js":{"path":"/home/techuz/Nirav/data_viz/Code/Backend/node_boilerplate/config/env/default.js","s":{"1":1},"b":{"1":[1,1]},"f":{},"fnMap":{},"statementMap":{"1":{"start":{"line":3,"column":0},"end":{"line":26,"column":2}}},"branchMap":{"1":{"line":10,"type":"binary-expr","locations":[{"start":{"line":10,"column":10},"end":{"line":10,"column":26}},{"start":{"line":10,"column":30},"end":{"line":10,"column":39}}]}}},"/home/techuz/Nirav/data_viz/Code/Backend/node_boilerplate/config/env/testing.js":{"path":"/home/techuz/Nirav/data_viz/Code/Backend/node_boilerplate/config/env/testing.js","s":{"1":1,"2":1},"b":{"1":[1,1],"2":[1,1],"3":[1,1],"4":[1,1]},"f":{},"fnMap":{},"statementMap":{"1":{"start":{"line":3,"column":0},"end":{"line":3,"column":44}},"2":{"start":{"line":5,"column":0},"end":{"line":34,"column":2}}},"branchMap":{"1":{"line":24,"type":"binary-expr","locations":[{"start":{"line":24,"column":10},"end":{"line":24,"column":33}},{"start":{"line":24,"column":37},"end":{"line":24,"column":79}}]},"2":{"line":26,"type":"binary-expr","locations":[{"start":{"line":26,"column":15},"end":{"line":26,"column":50}},{"start":{"line":26,"column":54},"end":{"line":26,"column":70}}]},"3":{"line":28,"type":"binary-expr","locations":[{"start":{"line":28,"column":14},"end":{"line":28,"column":41}},{"start":{"line":28,"column":45},"end":{"line":28,"column":70}}]},"4":{"line":29,"type":"binary-expr","locations":[{"start":{"line":29,"column":14},"end":{"line":29,"column":41}},{"start":{"line":29,"column":45},"end":{"line":29,"column":59}}]}}},"/home/techuz/Nirav/data_viz/Code/Backend/node_boilerplate/server.js":{"path":"/home/techuz/Nirav/data_viz/Code/Backend/node_boilerplate/server.js","s":{"1":1,"2":1,"3":1,"4":1,"5":1,"6":1,"7":1,"8":1,"9":1,"10":1,"11":1,"12":1,"13":1,"14":1,"15":1,"16":1,"17":0,"18":0,"19":0,"20":0,"21":0,"22":0,"23":0,"24":1},"b":{"1":[1,0],"2":[1,1],"3":[1,0]},"f":{"1":1,"2":0},"fnMap":{"1":{"name":"(anonymous_1)","line":24,"loc":{"start":{"line":24,"column":66},"end":{"line":24,"column":77}}},"2":{"name":"(anonymous_2)","line":37,"loc":{"start":{"line":37,"column":65},"end":{"line":37,"column":76}}}},"statementMap":{"1":{"start":{"line":6,"column":0},"end":{"line":9,"column":29}},"2":{"start":{"line":10,"column":0},"end":{"line":10,"column":31}},"3":{"start":{"line":11,"column":0},"end":{"line":11,"column":22}},"4":{"start":{"line":12,"column":0},"end":{"line":12,"column":11}},"5":{"start":{"line":13,"column":0},"end":{"line":48,"column":1}},"6":{"start":{"line":14,"column":4},"end":{"line":14,"column":29}},"7":{"start":{"line":15,"column":4},"end":{"line":15,"column":19}},"8":{"start":{"line":16,"column":4},"end":{"line":47,"column":5}},"9":{"start":{"line":17,"column":8},"end":{"line":20,"column":10}},"10":{"start":{"line":23,"column":8},"end":{"line":33,"column":15}},"11":{"start":{"line":26,"column":16},"end":{"line":26,"column":97}},"12":{"start":{"line":28,"column":16},"end":{"line":28,"column":59}},"13":{"start":{"line":29,"column":16},"end":{"line":29,"column":30}},"14":{"start":{"line":30,"column":16},"end":{"line":30,"column":85}},"15":{"start":{"line":31,"column":16},"end":{"line":31,"column":74}},"16":{"start":{"line":32,"column":16},"end":{"line":32,"column":30}},"17":{"start":{"line":36,"column":8},"end":{"line":46,"column":15}},"18":{"start":{"line":39,"column":16},"end":{"line":39,"column":95}},"19":{"start":{"line":41,"column":16},"end":{"line":41,"column":59}},"20":{"start":{"line":42,"column":16},"end":{"line":42,"column":30}},"21":{"start":{"line":43,"column":16},"end":{"line":43,"column":85}},"22":{"start":{"line":44,"column":16},"end":{"line":44,"column":74}},"23":{"start":{"line":45,"column":16},"end":{"line":45,"column":30}},"24":{"start":{"line":50,"column":0},"end":{"line":50,"column":24}}},"branchMap":{"1":{"line":13,"type":"if","locations":[{"start":{"line":13,"column":0},"end":{"line":13,"column":0}},{"start":{"line":13,"column":0},"end":{"line":13,"column":0}}]},"2":{"line":13,"type":"binary-expr","locations":[{"start":{"line":13,"column":4},"end":{"line":13,"column":15}},{"start":{"line":13,"column":19},"end":{"line":13,"column":27}}]},"3":{"line":16,"type":"if","locations":[{"start":{"line":16,"column":4},"end":{"line":16,"column":4}},{"start":{"line":16,"column":4},"end":{"line":16,"column":4}}]}}},"/home/techuz/Nirav/data_viz/Code/Backend/node_boilerplate/lib/app.js":{"path":"/home/techuz/Nirav/data_viz/Code/Backend/node_boilerplate/lib/app.js","s":{"1":1,"2":1,"3":1,"4":1},"b":{},"f":{"1":1},"fnMap":{"1":{"name":"init","line":13,"loc":{"start":{"line":13,"column":22},"end":{"line":13,"column":46}}}},"statementMap":{"1":{"start":{"line":6,"column":0},"end":{"line":11,"column":27}},"2":{"start":{"line":13,"column":0},"end":{"line":17,"column":2}},"3":{"start":{"line":14,"column":4},"end":{"line":14,"column":29}},"4":{"start":{"line":16,"column":4},"end":{"line":16,"column":37}}},"branchMap":{}},"/home/techuz/Nirav/data_viz/Code/Backend/node_boilerplate/lib/express.js":{"path":"/home/techuz/Nirav/data_viz/Code/Backend/node_boilerplate/lib/express.js","s":{"1":1,"2":1,"3":1,"4":1,"5":1,"6":1,"7":1,"8":1,"9":0,"10":0,"11":0,"12":0,"13":0,"14":0,"15":0,"16":0,"17":1,"18":1,"19":1,"20":12,"21":12,"22":0,"23":12,"24":1,"25":1,"26":1,"27":1,"28":1,"29":1,"30":1,"31":1,"32":1,"33":12,"34":12,"35":12,"36":12,"37":1,"38":1,"39":1,"40":1,"41":1,"42":1,"43":1,"44":1,"45":1,"46":1,"47":1,"48":1,"49":1,"50":1,"51":1,"52":1,"53":0,"54":0,"55":1,"56":0,"57":0,"58":0,"59":1,"60":0,"61":0,"62":1,"63":1,"64":1,"65":1,"66":1,"67":1,"68":1,"69":1,"70":1,"71":1,"72":1,"73":1,"74":1,"75":1,"76":1,"77":1},"b":{"1":[0,0],"2":[0,0],"3":[0,0],"4":[0,12],"5":[0,1],"6":[0,1]},"f":{"1":1,"2":1,"3":0,"4":0,"5":12,"6":1,"7":12,"8":1,"9":1,"10":1,"11":1,"12":0,"13":0,"14":1,"15":1,"16":1},"fnMap":{"1":{"name":"(anonymous_1)","line":25,"loc":{"start":{"line":25,"column":37},"end":{"line":25,"column":52}}},"2":{"name":"(anonymous_2)","line":34,"loc":{"start":{"line":34,"column":32},"end":{"line":34,"column":47}}},"3":{"name":"(anonymous_3)","line":41,"loc":{"start":{"line":41,"column":13},"end":{"line":41,"column":29}}},"4":{"name":"(anonymous_4)","line":44,"loc":{"start":{"line":44,"column":14},"end":{"line":44,"column":29}}},"5":{"name":"(anonymous_5)","line":63,"loc":{"start":{"line":63,"column":10},"end":{"line":63,"column":35}}},"6":{"name":"(anonymous_6)","line":75,"loc":{"start":{"line":75,"column":35},"end":{"line":75,"column":50}}},"7":{"name":"(anonymous_7)","line":93,"loc":{"start":{"line":93,"column":34},"end":{"line":93,"column":60}}},"8":{"name":"(anonymous_8)","line":104,"loc":{"start":{"line":104,"column":28},"end":{"line":104,"column":46}}},"9":{"name":"(anonymous_9)","line":114,"loc":{"start":{"line":114,"column":41},"end":{"line":114,"column":56}}},"10":{"name":"(anonymous_10)","line":123,"loc":{"start":{"line":123,"column":34},"end":{"line":123,"column":49}}},"11":{"name":"(anonymous_11)","line":146,"loc":{"start":{"line":146,"column":27},"end":{"line":146,"column":42}}},"12":{"name":"(anonymous_12)","line":166,"loc":{"start":{"line":166,"column":12},"end":{"line":166,"column":43}}},"13":{"name":"(anonymous_13)","line":171,"loc":{"start":{"line":171,"column":12},"end":{"line":171,"column":43}}},"14":{"name":"(anonymous_14)","line":181,"loc":{"start":{"line":181,"column":35},"end":{"line":181,"column":50}}},"15":{"name":"(anonymous_15)","line":190,"loc":{"start":{"line":190,"column":40},"end":{"line":190,"column":55}}},"16":{"name":"(anonymous_16)","line":200,"loc":{"start":{"line":200,"column":22},"end":{"line":200,"column":36}}}},"statementMap":{"1":{"start":{"line":6,"column":0},"end":{"line":19,"column":39}},"2":{"start":{"line":25,"column":0},"end":{"line":29,"column":2}},"3":{"start":{"line":27,"column":2},"end":{"line":27,"column":62}},"4":{"start":{"line":34,"column":0},"end":{"line":70,"column":2}},"5":{"start":{"line":36,"column":2},"end":{"line":36,"column":25}},"6":{"start":{"line":37,"column":2},"end":{"line":37,"column":67}},"7":{"start":{"line":38,"column":2},"end":{"line":38,"column":44}},"8":{"start":{"line":39,"column":2},"end":{"line":59,"column":4}},"9":{"start":{"line":42,"column":6},"end":{"line":42,"column":34}},"10":{"start":{"line":45,"column":6},"end":{"line":49,"column":7}},"11":{"start":{"line":46,"column":8},"end":{"line":46,"column":20}},"12":{"start":{"line":48,"column":8},"end":{"line":48,"column":21}},"13":{"start":{"line":52,"column":6},"end":{"line":52,"column":29}},"14":{"start":{"line":53,"column":6},"end":{"line":55,"column":7}},"15":{"start":{"line":54,"column":8},"end":{"line":54,"column":68}},"16":{"start":{"line":56,"column":6},"end":{"line":56,"column":18}},"17":{"start":{"line":60,"column":2},"end":{"line":60,"column":26}},"18":{"start":{"line":61,"column":2},"end":{"line":61,"column":33}},"19":{"start":{"line":63,"column":2},"end":{"line":69,"column":4}},"20":{"start":{"line":64,"column":4},"end":{"line":64,"column":37}},"21":{"start":{"line":65,"column":4},"end":{"line":67,"column":5}},"22":{"start":{"line":66,"column":6},"end":{"line":66,"column":24}},"23":{"start":{"line":68,"column":4},"end":{"line":68,"column":10}},"24":{"start":{"line":75,"column":0},"end":{"line":88,"column":2}},"25":{"start":{"line":77,"column":2},"end":{"line":77,"column":31}},"26":{"start":{"line":78,"column":2},"end":{"line":78,"column":31}},"27":{"start":{"line":79,"column":2},"end":{"line":79,"column":30}},"28":{"start":{"line":80,"column":2},"end":{"line":80,"column":28}},"29":{"start":{"line":81,"column":2},"end":{"line":81,"column":29}},"30":{"start":{"line":82,"column":2},"end":{"line":86,"column":6}},"31":{"start":{"line":87,"column":2},"end":{"line":87,"column":30}},"32":{"start":{"line":93,"column":0},"end":{"line":99,"column":2}},"33":{"start":{"line":95,"column":2},"end":{"line":95,"column":49}},"34":{"start":{"line":96,"column":2},"end":{"line":96,"column":140}},"35":{"start":{"line":97,"column":2},"end":{"line":97,"column":71}},"36":{"start":{"line":98,"column":2},"end":{"line":98,"column":16}},"37":{"start":{"line":104,"column":0},"end":{"line":109,"column":1}},"38":{"start":{"line":107,"column":2},"end":{"line":107,"column":73}},"39":{"start":{"line":114,"column":0},"end":{"line":118,"column":2}},"40":{"start":{"line":116,"column":2},"end":{"line":116,"column":57}},"41":{"start":{"line":123,"column":0},"end":{"line":141,"column":2}},"42":{"start":{"line":125,"column":2},"end":{"line":125,"column":57}},"43":{"start":{"line":126,"column":2},"end":{"line":126,"column":65}},"44":{"start":{"line":127,"column":2},"end":{"line":127,"column":57}},"45":{"start":{"line":128,"column":2},"end":{"line":128,"column":61}},"46":{"start":{"line":129,"column":2},"end":{"line":129,"column":63}},"47":{"start":{"line":130,"column":2},"end":{"line":130,"column":69}},"48":{"start":{"line":131,"column":2},"end":{"line":131,"column":65}},"49":{"start":{"line":132,"column":2},"end":{"line":132,"column":61}},"50":{"start":{"line":133,"column":2},"end":{"line":133,"column":59}},"51":{"start":{"line":146,"column":0},"end":{"line":177,"column":2}},"52":{"start":{"line":148,"column":2},"end":{"line":161,"column":3}},"53":{"start":{"line":150,"column":4},"end":{"line":150,"column":49}},"54":{"start":{"line":152,"column":4},"end":{"line":160,"column":8}},"55":{"start":{"line":165,"column":2},"end":{"line":175,"column":3}},"56":{"start":{"line":166,"column":4},"end":{"line":169,"column":7}},"57":{"start":{"line":167,"column":8},"end":{"line":167,"column":25}},"58":{"start":{"line":168,"column":8},"end":{"line":168,"column":112}},"59":{"start":{"line":171,"column":4},"end":{"line":174,"column":7}},"60":{"start":{"line":172,"column":8},"end":{"line":172,"column":25}},"61":{"start":{"line":173,"column":8},"end":{"line":173,"column":94}},"62":{"start":{"line":181,"column":0},"end":{"line":185,"column":2}},"63":{"start":{"line":183,"column":2},"end":{"line":183,"column":37}},"64":{"start":{"line":190,"column":0},"end":{"line":194,"column":2}},"65":{"start":{"line":192,"column":2},"end":{"line":192,"column":79}},"66":{"start":{"line":200,"column":0},"end":{"line":236,"column":2}},"67":{"start":{"line":203,"column":2},"end":{"line":203,"column":22}},"68":{"start":{"line":206,"column":2},"end":{"line":206,"column":32}},"69":{"start":{"line":209,"column":2},"end":{"line":209,"column":27}},"70":{"start":{"line":212,"column":2},"end":{"line":212,"column":30}},"71":{"start":{"line":215,"column":2},"end":{"line":215,"column":23}},"72":{"start":{"line":218,"column":2},"end":{"line":218,"column":30}},"73":{"start":{"line":221,"column":2},"end":{"line":221,"column":35}},"74":{"start":{"line":225,"column":2},"end":{"line":225,"column":36}},"75":{"start":{"line":228,"column":2},"end":{"line":228,"column":29}},"76":{"start":{"line":231,"column":2},"end":{"line":231,"column":22}},"77":{"start":{"line":235,"column":2},"end":{"line":235,"column":13}}},"branchMap":{"1":{"line":45,"type":"if","locations":[{"start":{"line":45,"column":6},"end":{"line":45,"column":6}},{"start":{"line":45,"column":6},"end":{"line":45,"column":6}}]},"2":{"line":52,"type":"binary-expr","locations":[{"start":{"line":52,"column":16},"end":{"line":52,"column":23}},{"start":{"line":52,"column":27},"end":{"line":52,"column":29}}]},"3":{"line":53,"type":"if","locations":[{"start":{"line":53,"column":6},"end":{"line":53,"column":6}},{"start":{"line":53,"column":6},"end":{"line":53,"column":6}}]},"4":{"line":65,"type":"if","locations":[{"start":{"line":65,"column":4},"end":{"line":65,"column":4}},{"start":{"line":65,"column":4},"end":{"line":65,"column":4}}]},"5":{"line":148,"type":"if","locations":[{"start":{"line":148,"column":2},"end":{"line":148,"column":2}},{"start":{"line":148,"column":2},"end":{"line":148,"column":2}}]},"6":{"line":165,"type":"if","locations":[{"start":{"line":165,"column":2},"end":{"line":165,"column":2}},{"start":{"line":165,"column":2},"end":{"line":165,"column":2}}]}}},"/home/techuz/Nirav/data_viz/Code/Backend/node_boilerplate/languages/en/errors.js":{"path":"/home/techuz/Nirav/data_viz/Code/Backend/node_boilerplate/languages/en/errors.js","s":{"1":1,"2":1},"b":{},"f":{},"fnMap":{},"statementMap":{"1":{"start":{"line":6,"column":0},"end":{"line":6,"column":26}},"2":{"start":{"line":11,"column":0},"end":{"line":16,"column":2}}},"branchMap":{}},"/home/techuz/Nirav/data_viz/Code/Backend/node_boilerplate/languages/en/errors/auth.js":{"path":"/home/techuz/Nirav/data_viz/Code/Backend/node_boilerplate/languages/en/errors/auth.js","s":{"1":1,"2":1,"3":1,"4":1,"5":1},"b":{},"f":{},"fnMap":{},"statementMap":{"1":{"start":{"line":3,"column":0},"end":{"line":8,"column":2}},"2":{"start":{"line":10,"column":0},"end":{"line":15,"column":2}},"3":{"start":{"line":17,"column":0},"end":{"line":22,"column":2}},"4":{"start":{"line":24,"column":0},"end":{"line":29,"column":2}},"5":{"start":{"line":31,"column":0},"end":{"line":36,"column":2}}},"branchMap":{}},"/home/techuz/Nirav/data_viz/Code/Backend/node_boilerplate/languages/en/errors/register.js":{"path":"/home/techuz/Nirav/data_viz/Code/Backend/node_boilerplate/languages/en/errors/register.js","s":{"1":1},"b":{},"f":{},"fnMap":{},"statementMap":{"1":{"start":{"line":4,"column":0},"end":{"line":9,"column":1}}},"branchMap":{}},"/home/techuz/Nirav/data_viz/Code/Backend/node_boilerplate/languages/en/errors/common.js":{"path":"/home/techuz/Nirav/data_viz/Code/Backend/node_boilerplate/languages/en/errors/common.js","s":{"1":1,"2":1,"3":1,"4":1,"5":1,"6":1,"7":1,"8":1,"9":1,"10":1,"11":1,"12":1,"13":1,"14":1,"15":1,"16":1,"17":1,"18":1,"19":1,"20":1,"21":1,"22":1,"23":1},"b":{},"f":{},"fnMap":{},"statementMap":{"1":{"start":{"line":4,"column":0},"end":{"line":9,"column":1}},"2":{"start":{"line":11,"column":0},"end":{"line":16,"column":2}},"3":{"start":{"line":18,"column":0},"end":{"line":23,"column":2}},"4":{"start":{"line":25,"column":0},"end":{"line":30,"column":2}},"5":{"start":{"line":32,"column":0},"end":{"line":37,"column":1}},"6":{"start":{"line":39,"column":0},"end":{"line":44,"column":1}},"7":{"start":{"line":46,"column":0},"end":{"line":51,"column":1}},"8":{"start":{"line":53,"column":0},"end":{"line":58,"column":1}},"9":{"start":{"line":60,"column":0},"end":{"line":65,"column":1}},"10":{"start":{"line":67,"column":0},"end":{"line":72,"column":1}},"11":{"start":{"line":74,"column":0},"end":{"line":79,"column":1}},"12":{"start":{"line":81,"column":0},"end":{"line":86,"column":1}},"13":{"start":{"line":88,"column":0},"end":{"line":93,"column":1}},"14":{"start":{"line":96,"column":0},"end":{"line":101,"column":1}},"15":{"start":{"line":103,"column":0},"end":{"line":108,"column":1}},"16":{"start":{"line":111,"column":0},"end":{"line":116,"column":1}},"17":{"start":{"line":118,"column":0},"end":{"line":123,"column":1}},"18":{"start":{"line":126,"column":0},"end":{"line":131,"column":1}},"19":{"start":{"line":134,"column":0},"end":{"line":139,"column":1}},"20":{"start":{"line":141,"column":0},"end":{"line":146,"column":1}},"21":{"start":{"line":148,"column":0},"end":{"line":153,"column":1}},"22":{"start":{"line":156,"column":0},"end":{"line":161,"column":1}},"23":{"start":{"line":164,"column":0},"end":{"line":169,"column":1}}},"branchMap":{}},"/home/techuz/Nirav/data_viz/Code/Backend/node_boilerplate/languages/en/errors/password.js":{"path":"/home/techuz/Nirav/data_viz/Code/Backend/node_boilerplate/languages/en/errors/password.js","s":{"1":1,"2":1,"3":1,"4":1},"b":{},"f":{},"fnMap":{},"statementMap":{"1":{"start":{"line":3,"column":0},"end":{"line":8,"column":1}},"2":{"start":{"line":10,"column":0},"end":{"line":15,"column":1}},"3":{"start":{"line":17,"column":0},"end":{"line":22,"column":1}},"4":{"start":{"line":24,"column":0},"end":{"line":29,"column":1}}},"branchMap":{}},"/home/techuz/Nirav/data_viz/Code/Backend/node_boilerplate/lib/logger.js":{"path":"/home/techuz/Nirav/data_viz/Code/Backend/node_boilerplate/lib/logger.js","s":{"1":1,"2":1,"3":0,"4":1,"5":1,"6":1,"7":0,"8":1,"9":1,"10":1,"11":1,"12":1,"13":0,"14":1,"15":1,"16":1,"17":1,"18":12,"19":1,"20":5,"21":1,"22":1,"23":12,"24":12,"25":0,"26":12,"27":1},"b":{"1":[0,1],"2":[0,1],"3":[0,1],"4":[5,0],"5":[0,5],"6":[5,5],"7":[5,0],"8":[5,0],"9":[0,5],"10":[5,0,0],"11":[5,5],"12":[5,0],"13":[0,12]},"f":{"1":1,"2":1,"3":12,"4":1,"5":12},"fnMap":{"1":{"name":"(anonymous_1)","line":11,"loc":{"start":{"line":11,"column":22},"end":{"line":11,"column":34}}},"2":{"name":"(anonymous_2)","line":31,"loc":{"start":{"line":31,"column":26},"end":{"line":31,"column":38}}},"3":{"name":"(anonymous_3)","line":71,"loc":{"start":{"line":71,"column":9},"end":{"line":71,"column":23}}},"4":{"name":"getMorganOptions","line":99,"loc":{"start":{"line":99,"column":26},"end":{"line":99,"column":57}}},"5":{"name":"(anonymous_5)","line":103,"loc":{"start":{"line":103,"column":10},"end":{"line":103,"column":25}}}},"statementMap":{"1":{"start":{"line":3,"column":0},"end":{"line":7,"column":32}},"2":{"start":{"line":8,"column":0},"end":{"line":10,"column":1}},"3":{"start":{"line":9,"column":2},"end":{"line":9,"column":22}},"4":{"start":{"line":11,"column":0},"end":{"line":29,"column":2}},"5":{"start":{"line":12,"column":2},"end":{"line":12,"column":14}},"6":{"start":{"line":14,"column":2},"end":{"line":27,"column":3}},"7":{"start":{"line":15,"column":4},"end":{"line":20,"column":6}},"8":{"start":{"line":22,"column":4},"end":{"line":26,"column":7}},"9":{"start":{"line":28,"column":2},"end":{"line":28,"column":17}},"10":{"start":{"line":31,"column":0},"end":{"line":49,"column":2}},"11":{"start":{"line":32,"column":2},"end":{"line":32,"column":14}},"12":{"start":{"line":34,"column":2},"end":{"line":47,"column":3}},"13":{"start":{"line":35,"column":4},"end":{"line":40,"column":6}},"14":{"start":{"line":42,"column":4},"end":{"line":46,"column":7}},"15":{"start":{"line":48,"column":2},"end":{"line":48,"column":17}},"16":{"start":{"line":54,"column":0},"end":{"line":63,"column":3}},"17":{"start":{"line":70,"column":0},"end":{"line":74,"column":2}},"18":{"start":{"line":72,"column":4},"end":{"line":72,"column":21}},"19":{"start":{"line":76,"column":0},"end":{"line":91,"column":1}},"20":{"start":{"line":77,"column":2},"end":{"line":90,"column":3}},"21":{"start":{"line":99,"column":0},"end":{"line":113,"column":2}},"22":{"start":{"line":101,"column":2},"end":{"line":111,"column":4}},"23":{"start":{"line":104,"column":8},"end":{"line":104,"column":48}},"24":{"start":{"line":105,"column":8},"end":{"line":109,"column":9}},"25":{"start":{"line":106,"column":10},"end":{"line":106,"column":22}},"26":{"start":{"line":108,"column":10},"end":{"line":108,"column":23}},"27":{"start":{"line":115,"column":0},"end":{"line":115,"column":24}}},"branchMap":{"1":{"line":8,"type":"if","locations":[{"start":{"line":8,"column":0},"end":{"line":8,"column":0}},{"start":{"line":8,"column":0},"end":{"line":8,"column":0}}]},"2":{"line":14,"type":"if","locations":[{"start":{"line":14,"column":2},"end":{"line":14,"column":2}},{"start":{"line":14,"column":2},"end":{"line":14,"column":2}}]},"3":{"line":34,"type":"if","locations":[{"start":{"line":34,"column":2},"end":{"line":34,"column":2}},{"start":{"line":34,"column":2},"end":{"line":34,"column":2}}]},"4":{"line":80,"type":"binary-expr","locations":[{"start":{"line":80,"column":15},"end":{"line":80,"column":21}},{"start":{"line":80,"column":25},"end":{"line":80,"column":27}}]},"5":{"line":81,"type":"cond-expr","locations":[{"start":{"line":81,"column":28},"end":{"line":81,"column":39}},{"start":{"line":81,"column":42},"end":{"line":81,"column":44}}]},"6":{"line":82,"type":"binary-expr","locations":[{"start":{"line":82,"column":12},"end":{"line":82,"column":42}},{"start":{"line":82,"column":46},"end":{"line":82,"column":74}}]},"7":{"line":83,"type":"binary-expr","locations":[{"start":{"line":83,"column":13},"end":{"line":83,"column":28}},{"start":{"line":83,"column":32},"end":{"line":83,"column":34}}]},"8":{"line":84,"type":"binary-expr","locations":[{"start":{"line":84,"column":16},"end":{"line":84,"column":26}},{"start":{"line":84,"column":30},"end":{"line":84,"column":32}}]},"9":{"line":85,"type":"cond-expr","locations":[{"start":{"line":85,"column":34},"end":{"line":85,"column":48}},{"start":{"line":85,"column":51},"end":{"line":85,"column":53}}]},"10":{"line":86,"type":"binary-expr","locations":[{"start":{"line":86,"column":16},"end":{"line":86,"column":24}},{"start":{"line":86,"column":28},"end":{"line":86,"column":38}},{"start":{"line":86,"column":42},"end":{"line":86,"column":44}}]},"11":{"line":87,"type":"binary-expr","locations":[{"start":{"line":87,"column":22},"end":{"line":87,"column":33}},{"start":{"line":87,"column":37},"end":{"line":87,"column":39}}]},"12":{"line":88,"type":"binary-expr","locations":[{"start":{"line":88,"column":17},"end":{"line":88,"column":28}},{"start":{"line":88,"column":32},"end":{"line":88,"column":34}}]},"13":{"line":105,"type":"if","locations":[{"start":{"line":105,"column":8},"end":{"line":105,"column":8}},{"start":{"line":105,"column":8},"end":{"line":105,"column":8}}]}}},"/home/techuz/Nirav/data_viz/Code/Backend/node_boilerplate/common/helper.js":{"path":"/home/techuz/Nirav/data_viz/Code/Backend/node_boilerplate/common/helper.js","s":{"1":1,"2":1,"3":2,"4":1,"5":5,"6":1,"7":2,"8":1,"9":5,"10":1,"11":12,"12":12,"13":0,"14":12,"15":12,"16":12,"17":0,"18":12,"19":192,"20":12,"21":1,"22":0},"b":{"1":[0,12],"2":[0,12]},"f":{"1":2,"2":5,"3":12,"4":0},"fnMap":{"1":{"name":"encrypt","line":22,"loc":{"start":{"line":22,"column":0},"end":{"line":22,"column":33}}},"2":{"name":"validPassword","line":26,"loc":{"start":{"line":26,"column":0},"end":{"line":26,"column":54}}},"3":{"name":"(anonymous_3)","line":30,"loc":{"start":{"line":30,"column":23},"end":{"line":30,"column":51}}},"4":{"name":"(anonymous_4)","line":47,"loc":{"start":{"line":47,"column":18},"end":{"line":47,"column":32}}}},"statementMap":{"1":{"start":{"line":3,"column":0},"end":{"line":9,"column":29}},"2":{"start":{"line":13,"column":0},"end":{"line":15,"column":2}},"3":{"start":{"line":14,"column":3},"end":{"line":14,"column":28}},"4":{"start":{"line":17,"column":0},"end":{"line":19,"column":2}},"5":{"start":{"line":18,"column":4},"end":{"line":18,"column":50}},"6":{"start":{"line":22,"column":0},"end":{"line":24,"column":1}},"7":{"start":{"line":23,"column":2},"end":{"line":23,"column":70}},"8":{"start":{"line":26,"column":0},"end":{"line":28,"column":1}},"9":{"start":{"line":27,"column":2},"end":{"line":27,"column":59}},"10":{"start":{"line":30,"column":0},"end":{"line":45,"column":2}},"11":{"start":{"line":31,"column":2},"end":{"line":31,"column":15}},"12":{"start":{"line":32,"column":2},"end":{"line":36,"column":3}},"13":{"start":{"line":33,"column":4},"end":{"line":33,"column":38}},"14":{"start":{"line":35,"column":4},"end":{"line":35,"column":90}},"15":{"start":{"line":37,"column":2},"end":{"line":37,"column":30}},"16":{"start":{"line":38,"column":2},"end":{"line":40,"column":3}},"17":{"start":{"line":39,"column":4},"end":{"line":39,"column":42}},"18":{"start":{"line":41,"column":2},"end":{"line":43,"column":3}},"19":{"start":{"line":42,"column":4},"end":{"line":42,"column":47}},"20":{"start":{"line":44,"column":2},"end":{"line":44,"column":13}},"21":{"start":{"line":47,"column":0},"end":{"line":54,"column":1}},"22":{"start":{"line":48,"column":2},"end":{"line":53,"column":24}}},"branchMap":{"1":{"line":32,"type":"if","locations":[{"start":{"line":32,"column":2},"end":{"line":32,"column":2}},{"start":{"line":32,"column":2},"end":{"line":32,"column":2}}]},"2":{"line":38,"type":"if","locations":[{"start":{"line":38,"column":2},"end":{"line":38,"column":2}},{"start":{"line":38,"column":2},"end":{"line":38,"column":2}}]}}},"/home/techuz/Nirav/data_viz/Code/Backend/node_boilerplate/swagger/swagger.js":{"path":"/home/techuz/Nirav/data_viz/Code/Backend/node_boilerplate/swagger/swagger.js","s":{"1":1,"2":1,"3":1,"4":1,"5":1,"6":1,"7":1,"8":1,"9":1,"10":1,"11":1,"12":1,"13":1,"14":1,"15":1,"16":1,"17":1,"18":1,"19":1,"20":1,"21":1,"22":1,"23":1},"b":{"1":[1,0],"2":[1,0]},"f":{"1":1,"2":1},"fnMap":{"1":{"name":"(anonymous_1)","line":54,"loc":{"start":{"line":54,"column":17},"end":{"line":54,"column":32}}},"2":{"name":"(anonymous_2)","line":57,"loc":{"start":{"line":57,"column":51},"end":{"line":57,"column":73}}}},"statementMap":{"1":{"start":{"line":3,"column":0},"end":{"line":3,"column":46}},"2":{"start":{"line":4,"column":0},"end":{"line":4,"column":44}},"3":{"start":{"line":5,"column":0},"end":{"line":5,"column":29}},"4":{"start":{"line":7,"column":0},"end":{"line":7,"column":43}},"5":{"start":{"line":8,"column":0},"end":{"line":8,"column":29}},"6":{"start":{"line":9,"column":0},"end":{"line":16,"column":2}},"7":{"start":{"line":17,"column":0},"end":{"line":23,"column":2}},"8":{"start":{"line":25,"column":0},"end":{"line":32,"column":2}},"9":{"start":{"line":33,"column":0},"end":{"line":39,"column":2}},"10":{"start":{"line":40,"column":0},"end":{"line":40,"column":52}},"11":{"start":{"line":41,"column":0},"end":{"line":44,"column":2}},"12":{"start":{"line":45,"column":0},"end":{"line":45,"column":45}},"13":{"start":{"line":46,"column":0},"end":{"line":46,"column":46}},"14":{"start":{"line":47,"column":0},"end":{"line":47,"column":76}},"15":{"start":{"line":50,"column":0},"end":{"line":50,"column":30}},"16":{"start":{"line":51,"column":0},"end":{"line":51,"column":70}},"17":{"start":{"line":52,"column":0},"end":{"line":52,"column":66}},"18":{"start":{"line":54,"column":0},"end":{"line":70,"column":2}},"19":{"start":{"line":57,"column":4},"end":{"line":69,"column":7}},"20":{"start":{"line":59,"column":8},"end":{"line":59,"column":46}},"21":{"start":{"line":62,"column":8},"end":{"line":62,"column":47}},"22":{"start":{"line":65,"column":8},"end":{"line":65,"column":51}},"23":{"start":{"line":68,"column":8},"end":{"line":68,"column":40}}},"branchMap":{"1":{"line":47,"type":"cond-expr","locations":[{"start":{"line":47,"column":40},"end":{"line":47,"column":56}},{"start":{"line":47,"column":59},"end":{"line":47,"column":75}}]},"2":{"line":52,"type":"cond-expr","locations":[{"start":{"line":52,"column":48},"end":{"line":52,"column":55}},{"start":{"line":52,"column":58},"end":{"line":52,"column":64}}]}}},"/home/techuz/Nirav/data_viz/Code/Backend/node_boilerplate/swagger/genericResponse.js":{"path":"/home/techuz/Nirav/data_viz/Code/Backend/node_boilerplate/swagger/genericResponse.js","s":{"1":1},"b":{},"f":{},"fnMap":{},"statementMap":{"1":{"start":{"line":3,"column":0},"end":{"line":28,"column":2}}},"branchMap":{}},"/home/techuz/Nirav/data_viz/Code/Backend/node_boilerplate/swagger/authSwagger.js":{"path":"/home/techuz/Nirav/data_viz/Code/Backend/node_boilerplate/swagger/authSwagger.js","s":{"1":1,"2":1,"3":1,"4":1,"5":1,"6":1,"7":1,"8":1,"9":1,"10":1,"11":1,"12":1,"13":1,"14":1,"15":1,"16":1,"17":1},"b":{},"f":{},"fnMap":{},"statementMap":{"1":{"start":{"line":1,"column":0},"end":{"line":433,"column":2}},"2":{"start":{"line":2,"column":4},"end":{"line":22,"column":6}},"3":{"start":{"line":24,"column":4},"end":{"line":44,"column":6}},"4":{"start":{"line":46,"column":4},"end":{"line":66,"column":6}},"5":{"start":{"line":68,"column":4},"end":{"line":135,"column":6}},"6":{"start":{"line":137,"column":4},"end":{"line":187,"column":6}},"7":{"start":{"line":189,"column":4},"end":{"line":235,"column":6}},"8":{"start":{"line":237,"column":4},"end":{"line":287,"column":6}},"9":{"start":{"line":289,"column":4},"end":{"line":335,"column":6}},"10":{"start":{"line":338,"column":4},"end":{"line":350,"column":6}},"11":{"start":{"line":354,"column":4},"end":{"line":366,"column":6}},"12":{"start":{"line":368,"column":4},"end":{"line":380,"column":6}},"13":{"start":{"line":382,"column":4},"end":{"line":394,"column":6}},"14":{"start":{"line":396,"column":4},"end":{"line":406,"column":6}},"15":{"start":{"line":408,"column":4},"end":{"line":418,"column":6}},"16":{"start":{"line":419,"column":4},"end":{"line":429,"column":6}},"17":{"start":{"line":432,"column":4},"end":{"line":432,"column":23}}},"branchMap":{}},"/home/techuz/Nirav/data_viz/Code/Backend/node_boilerplate/modules/auth/routes/auth.js":{"path":"/home/techuz/Nirav/data_viz/Code/Backend/node_boilerplate/modules/auth/routes/auth.js","s":{"1":1,"2":1,"3":1,"4":1,"5":1,"6":1,"7":1},"b":{},"f":{"1":1},"fnMap":{"1":{"name":"(anonymous_1)","line":10,"loc":{"start":{"line":10,"column":17},"end":{"line":10,"column":32}}}},"statementMap":{"1":{"start":{"line":6,"column":0},"end":{"line":8,"column":55}},"2":{"start":{"line":10,"column":0},"end":{"line":36,"column":2}},"3":{"start":{"line":13,"column":2},"end":{"line":13,"column":54}},"4":{"start":{"line":15,"column":2},"end":{"line":19,"column":10}},"5":{"start":{"line":21,"column":2},"end":{"line":25,"column":12}},"6":{"start":{"line":26,"column":3},"end":{"line":30,"column":12}},"7":{"start":{"line":31,"column":2},"end":{"line":34,"column":12}}},"branchMap":{}},"/home/techuz/Nirav/data_viz/Code/Backend/node_boilerplate/modules/auth/validate/authValidate.js":{"path":"/home/techuz/Nirav/data_viz/Code/Backend/node_boilerplate/modules/auth/validate/authValidate.js","s":{"1":1,"2":1},"b":{},"f":{},"fnMap":{},"statementMap":{"1":{"start":{"line":6,"column":0},"end":{"line":6,"column":26}},"2":{"start":{"line":11,"column":0},"end":{"line":15,"column":2}}},"branchMap":{}},"/home/techuz/Nirav/data_viz/Code/Backend/node_boilerplate/modules/auth/validate/auth/login.js":{"path":"/home/techuz/Nirav/data_viz/Code/Backend/node_boilerplate/modules/auth/validate/auth/login.js","s":{"1":1,"2":1,"3":5,"4":5,"5":5,"6":5,"7":0,"8":5},"b":{"1":[0,5]},"f":{"1":5},"fnMap":{"1":{"name":"(anonymous_1)","line":5,"loc":{"start":{"line":5,"column":16},"end":{"line":5,"column":42}}}},"statementMap":{"1":{"start":{"line":2,"column":0},"end":{"line":4,"column":58}},"2":{"start":{"line":5,"column":0},"end":{"line":28,"column":2}},"3":{"start":{"line":7,"column":2},"end":{"line":19,"column":4}},"4":{"start":{"line":21,"column":2},"end":{"line":21,"column":24}},"5":{"start":{"line":22,"column":2},"end":{"line":22,"column":38}},"6":{"start":{"line":23,"column":2},"end":{"line":27,"column":3}},"7":{"start":{"line":24,"column":4},"end":{"line":24,"column":106}},"8":{"start":{"line":26,"column":4},"end":{"line":26,"column":11}}},"branchMap":{"1":{"line":23,"type":"if","locations":[{"start":{"line":23,"column":2},"end":{"line":23,"column":2}},{"start":{"line":23,"column":2},"end":{"line":23,"column":2}}]}}},"/home/techuz/Nirav/data_viz/Code/Backend/node_boilerplate/modules/auth/validate/auth/socialSignIn.js":{"path":"/home/techuz/Nirav/data_viz/Code/Backend/node_boilerplate/modules/auth/validate/auth/socialSignIn.js","s":{"1":1,"2":2,"3":2,"4":2,"5":2,"6":0,"7":2},"b":{"1":[0,2]},"f":{"1":2},"fnMap":{"1":{"name":"(anonymous_1)","line":3,"loc":{"start":{"line":3,"column":23},"end":{"line":3,"column":49}}}},"statementMap":{"1":{"start":{"line":3,"column":0},"end":{"line":34,"column":2}},"2":{"start":{"line":5,"column":2},"end":{"line":25,"column":4}},"3":{"start":{"line":27,"column":2},"end":{"line":27,"column":24}},"4":{"start":{"line":28,"column":2},"end":{"line":28,"column":38}},"5":{"start":{"line":29,"column":2},"end":{"line":33,"column":3}},"6":{"start":{"line":30,"column":4},"end":{"line":30,"column":72}},"7":{"start":{"line":32,"column":4},"end":{"line":32,"column":11}}},"branchMap":{"1":{"line":29,"type":"if","locations":[{"start":{"line":29,"column":2},"end":{"line":29,"column":2}},{"start":{"line":29,"column":2},"end":{"line":29,"column":2}}]}}},"/home/techuz/Nirav/data_viz/Code/Backend/node_boilerplate/modules/auth/validate/auth/register.js":{"path":"/home/techuz/Nirav/data_viz/Code/Backend/node_boilerplate/modules/auth/validate/auth/register.js","s":{"1":1,"2":1,"3":2,"4":2,"5":2,"6":2,"7":0,"8":2},"b":{"1":[0,2]},"f":{"1":2},"fnMap":{"1":{"name":"(anonymous_1)","line":5,"loc":{"start":{"line":5,"column":19},"end":{"line":5,"column":45}}}},"statementMap":{"1":{"start":{"line":2,"column":0},"end":{"line":4,"column":58}},"2":{"start":{"line":5,"column":0},"end":{"line":36,"column":2}},"3":{"start":{"line":7,"column":2},"end":{"line":27,"column":4}},"4":{"start":{"line":29,"column":2},"end":{"line":29,"column":24}},"5":{"start":{"line":30,"column":2},"end":{"line":30,"column":38}},"6":{"start":{"line":31,"column":2},"end":{"line":35,"column":3}},"7":{"start":{"line":32,"column":4},"end":{"line":32,"column":106}},"8":{"start":{"line":34,"column":4},"end":{"line":34,"column":11}}},"branchMap":{"1":{"line":31,"type":"if","locations":[{"start":{"line":31,"column":2},"end":{"line":31,"column":2}},{"start":{"line":31,"column":2},"end":{"line":31,"column":2}}]}}},"/home/techuz/Nirav/data_viz/Code/Backend/node_boilerplate/modules/stratagy.js":{"path":"/home/techuz/Nirav/data_viz/Code/Backend/node_boilerplate/modules/stratagy.js","s":{"1":1,"2":1,"3":0,"4":0,"5":0,"6":0,"7":1,"8":0,"9":0,"10":1,"11":0,"12":0,"13":0,"14":0,"15":1,"16":0,"17":0,"18":0,"19":0,"20":1,"21":0,"22":0,"23":0,"24":0,"25":0,"26":0,"27":0,"28":0,"29":0,"30":0,"31":0,"32":0,"33":0,"34":0,"35":0,"36":0,"37":0,"38":0,"39":0,"40":0,"41":0,"42":0,"43":0},"b":{"1":[0,0],"2":[0,0],"3":[0,0],"4":[0,0,0],"5":[0,0],"6":[0,0],"7":[0,0],"8":[0,0],"9":[0,0],"10":[0,0],"11":[0,0],"12":[0,0]},"f":{"1":0,"2":0,"3":0,"4":0,"5":0,"6":0,"7":0,"8":0,"9":0,"10":0,"11":0},"fnMap":{"1":{"name":"(anonymous_1)","line":9,"loc":{"start":{"line":9,"column":23},"end":{"line":9,"column":47}}},"2":{"name":"(anonymous_2)","line":11,"loc":{"start":{"line":11,"column":31},"end":{"line":11,"column":44}}},"3":{"name":"(anonymous_3)","line":21,"loc":{"start":{"line":21,"column":26},"end":{"line":21,"column":50}}},"4":{"name":"(anonymous_4)","line":23,"loc":{"start":{"line":23,"column":31},"end":{"line":23,"column":44}}},"5":{"name":"(anonymous_5)","line":29,"loc":{"start":{"line":29,"column":18},"end":{"line":29,"column":43}}},"6":{"name":"(anonymous_6)","line":31,"loc":{"start":{"line":31,"column":29},"end":{"line":31,"column":42}}},"7":{"name":"(anonymous_7)","line":40,"loc":{"start":{"line":40,"column":23},"end":{"line":40,"column":48}}},"8":{"name":"(anonymous_8)","line":42,"loc":{"start":{"line":42,"column":27},"end":{"line":42,"column":40}}},"9":{"name":"checkToken","line":52,"loc":{"start":{"line":52,"column":0},"end":{"line":52,"column":46}}},"10":{"name":"(anonymous_10)","line":58,"loc":{"start":{"line":58,"column":36},"end":{"line":58,"column":54}}},"11":{"name":"(anonymous_11)","line":76,"loc":{"start":{"line":76,"column":41},"end":{"line":76,"column":54}}}},"statementMap":{"1":{"start":{"line":3,"column":0},"end":{"line":6,"column":51}},"2":{"start":{"line":9,"column":0},"end":{"line":19,"column":2}},"3":{"start":{"line":11,"column":1},"end":{"line":17,"column":4}},"4":{"start":{"line":12,"column":2},"end":{"line":16,"column":3}},"5":{"start":{"line":13,"column":3},"end":{"line":13,"column":79}},"6":{"start":{"line":15,"column":3},"end":{"line":15,"column":10}},"7":{"start":{"line":21,"column":0},"end":{"line":27,"column":2}},"8":{"start":{"line":23,"column":1},"end":{"line":25,"column":4}},"9":{"start":{"line":24,"column":2},"end":{"line":24,"column":9}},"10":{"start":{"line":29,"column":0},"end":{"line":38,"column":2}},"11":{"start":{"line":31,"column":1},"end":{"line":37,"column":4}},"12":{"start":{"line":32,"column":2},"end":{"line":36,"column":3}},"13":{"start":{"line":33,"column":3},"end":{"line":33,"column":79}},"14":{"start":{"line":35,"column":3},"end":{"line":35,"column":10}},"15":{"start":{"line":40,"column":0},"end":{"line":49,"column":2}},"16":{"start":{"line":42,"column":1},"end":{"line":48,"column":4}},"17":{"start":{"line":43,"column":2},"end":{"line":47,"column":3}},"18":{"start":{"line":44,"column":3},"end":{"line":44,"column":79}},"19":{"start":{"line":46,"column":3},"end":{"line":46,"column":10}},"20":{"start":{"line":52,"column":0},"end":{"line":95,"column":1}},"21":{"start":{"line":54,"column":1},"end":{"line":54,"column":80}},"22":{"start":{"line":56,"column":1},"end":{"line":93,"column":3}},"23":{"start":{"line":58,"column":2},"end":{"line":89,"column":5}},"24":{"start":{"line":59,"column":3},"end":{"line":88,"column":4}},"25":{"start":{"line":60,"column":4},"end":{"line":60,"column":18}},"26":{"start":{"line":61,"column":10},"end":{"line":88,"column":4}},"27":{"start":{"line":62,"column":4},"end":{"line":62,"column":80}},"28":{"start":{"line":65,"column":4},"end":{"line":65,"column":22}},"29":{"start":{"line":66,"column":4},"end":{"line":68,"column":5}},"30":{"start":{"line":67,"column":5},"end":{"line":67,"column":114}},"31":{"start":{"line":70,"column":4},"end":{"line":70,"column":48}},"32":{"start":{"line":71,"column":4},"end":{"line":71,"column":32}},"33":{"start":{"line":73,"column":4},"end":{"line":73,"column":63}},"34":{"start":{"line":75,"column":4},"end":{"line":87,"column":5}},"35":{"start":{"line":76,"column":5},"end":{"line":80,"column":8}},"36":{"start":{"line":77,"column":6},"end":{"line":79,"column":7}},"37":{"start":{"line":78,"column":7},"end":{"line":78,"column":24}},"38":{"start":{"line":81,"column":5},"end":{"line":81,"column":81}},"39":{"start":{"line":82,"column":11},"end":{"line":87,"column":5}},"40":{"start":{"line":83,"column":5},"end":{"line":83,"column":75}},"41":{"start":{"line":85,"column":5},"end":{"line":85,"column":26}},"42":{"start":{"line":86,"column":5},"end":{"line":86,"column":20}},"43":{"start":{"line":92,"column":3},"end":{"line":92,"column":37}}},"branchMap":{"1":{"line":12,"type":"if","locations":[{"start":{"line":12,"column":2},"end":{"line":12,"column":2}},{"start":{"line":12,"column":2},"end":{"line":12,"column":2}}]},"2":{"line":32,"type":"if","locations":[{"start":{"line":32,"column":2},"end":{"line":32,"column":2}},{"start":{"line":32,"column":2},"end":{"line":32,"column":2}}]},"3":{"line":43,"type":"if","locations":[{"start":{"line":43,"column":2},"end":{"line":43,"column":2}},{"start":{"line":43,"column":2},"end":{"line":43,"column":2}}]},"4":{"line":54,"type":"binary-expr","locations":[{"start":{"line":54,"column":13},"end":{"line":54,"column":27}},{"start":{"line":54,"column":31},"end":{"line":54,"column":46}},{"start":{"line":54,"column":50},"end":{"line":54,"column":79}}]},"5":{"line":56,"type":"if","locations":[{"start":{"line":56,"column":1},"end":{"line":56,"column":1}},{"start":{"line":56,"column":1},"end":{"line":56,"column":1}}]},"6":{"line":59,"type":"if","locations":[{"start":{"line":59,"column":3},"end":{"line":59,"column":3}},{"start":{"line":59,"column":3},"end":{"line":59,"column":3}}]},"7":{"line":61,"type":"if","locations":[{"start":{"line":61,"column":10},"end":{"line":61,"column":10}},{"start":{"line":61,"column":10},"end":{"line":61,"column":10}}]},"8":{"line":66,"type":"if","locations":[{"start":{"line":66,"column":4},"end":{"line":66,"column":4}},{"start":{"line":66,"column":4},"end":{"line":66,"column":4}}]},"9":{"line":73,"type":"cond-expr","locations":[{"start":{"line":73,"column":57},"end":{"line":73,"column":58}},{"start":{"line":73,"column":61},"end":{"line":73,"column":62}}]},"10":{"line":75,"type":"if","locations":[{"start":{"line":75,"column":4},"end":{"line":75,"column":4}},{"start":{"line":75,"column":4},"end":{"line":75,"column":4}}]},"11":{"line":77,"type":"if","locations":[{"start":{"line":77,"column":6},"end":{"line":77,"column":6}},{"start":{"line":77,"column":6},"end":{"line":77,"column":6}}]},"12":{"line":82,"type":"if","locations":[{"start":{"line":82,"column":11},"end":{"line":82,"column":11}},{"start":{"line":82,"column":11},"end":{"line":82,"column":11}}]}}},"/home/techuz/Nirav/data_viz/Code/Backend/node_boilerplate/models/Session.js":{"path":"/home/techuz/Nirav/data_viz/Code/Backend/node_boilerplate/models/Session.js","s":{"1":1,"2":1,"3":6,"4":6,"5":6,"6":3,"7":3,"8":0,"9":3,"10":3,"11":3,"12":0,"13":3,"14":1,"15":0,"16":0,"17":0,"18":0,"19":0,"20":0,"21":0,"22":0,"23":0,"24":0,"25":0,"26":1,"27":0,"28":0,"29":0,"30":0,"31":0,"32":0,"33":0,"34":0,"35":0,"36":1,"37":0,"38":0,"39":0,"40":0,"41":0,"42":0,"43":0,"44":0,"45":0,"46":1,"47":0,"48":0,"49":0,"50":0,"51":0,"52":0,"53":0,"54":0,"55":0,"56":0,"57":0,"58":1,"59":0,"60":0,"61":0,"62":0,"63":0,"64":0,"65":0},"b":{"1":[3,3],"2":[0,3],"3":[0,3],"4":[0,0],"5":[0,0],"6":[0,0],"7":[0,0],"8":[0,0],"9":[0,0],"10":[0,0],"11":[0,0],"12":[0,0],"13":[0,0],"14":[0,0],"15":[0,0],"16":[0,0]},"f":{"1":6,"2":3,"3":3,"4":0,"5":0,"6":0,"7":0,"8":0,"9":0,"10":0,"11":0,"12":0,"13":0,"14":0,"15":0,"16":0,"17":0},"fnMap":{"1":{"name":"(anonymous_1)","line":15,"loc":{"start":{"line":15,"column":16},"end":{"line":15,"column":48}}},"2":{"name":"(anonymous_2)","line":24,"loc":{"start":{"line":24,"column":26},"end":{"line":24,"column":47}}},"3":{"name":"(anonymous_3)","line":32,"loc":{"start":{"line":32,"column":24},"end":{"line":32,"column":45}}},"4":{"name":"(anonymous_4)","line":50,"loc":{"start":{"line":50,"column":24},"end":{"line":50,"column":57}}},"5":{"name":"(anonymous_5)","line":55,"loc":{"start":{"line":55,"column":26},"end":{"line":55,"column":39}}},"6":{"name":"(anonymous_6)","line":63,"loc":{"start":{"line":63,"column":24},"end":{"line":63,"column":37}}},"7":{"name":"(anonymous_7)","line":79,"loc":{"start":{"line":79,"column":23},"end":{"line":79,"column":48}}},"8":{"name":"(anonymous_8)","line":84,"loc":{"start":{"line":84,"column":26},"end":{"line":84,"column":39}}},"9":{"name":"(anonymous_9)","line":90,"loc":{"start":{"line":90,"column":24},"end":{"line":90,"column":37}}},"10":{"name":"(anonymous_10)","line":103,"loc":{"start":{"line":103,"column":21},"end":{"line":103,"column":46}}},"11":{"name":"(anonymous_11)","line":108,"loc":{"start":{"line":108,"column":26},"end":{"line":108,"column":39}}},"12":{"name":"(anonymous_12)","line":114,"loc":{"start":{"line":114,"column":24},"end":{"line":114,"column":37}}},"13":{"name":"(anonymous_13)","line":129,"loc":{"start":{"line":129,"column":22},"end":{"line":129,"column":55}}},"14":{"name":"(anonymous_14)","line":135,"loc":{"start":{"line":135,"column":26},"end":{"line":135,"column":47}}},"15":{"name":"(anonymous_15)","line":143,"loc":{"start":{"line":143,"column":24},"end":{"line":143,"column":45}}},"16":{"name":"(anonymous_16)","line":159,"loc":{"start":{"line":159,"column":31},"end":{"line":159,"column":49}}},"17":{"name":"(anonymous_17)","line":164,"loc":{"start":{"line":164,"column":23},"end":{"line":164,"column":36}}}},"statementMap":{"1":{"start":{"line":6,"column":0},"end":{"line":7,"column":40}},"2":{"start":{"line":15,"column":0},"end":{"line":41,"column":2}},"3":{"start":{"line":17,"column":1},"end":{"line":17,"column":83}},"4":{"start":{"line":18,"column":1},"end":{"line":22,"column":32}},"5":{"start":{"line":23,"column":1},"end":{"line":39,"column":2}},"6":{"start":{"line":24,"column":2},"end":{"line":30,"column":5}},"7":{"start":{"line":25,"column":3},"end":{"line":29,"column":4}},"8":{"start":{"line":26,"column":4},"end":{"line":26,"column":18}},"9":{"start":{"line":28,"column":4},"end":{"line":28,"column":32}},"10":{"start":{"line":32,"column":2},"end":{"line":38,"column":5}},"11":{"start":{"line":33,"column":3},"end":{"line":37,"column":4}},"12":{"start":{"line":34,"column":4},"end":{"line":34,"column":18}},"13":{"start":{"line":36,"column":4},"end":{"line":36,"column":32}},"14":{"start":{"line":50,"column":0},"end":{"line":72,"column":2}},"15":{"start":{"line":52,"column":1},"end":{"line":52,"column":19}},"16":{"start":{"line":53,"column":1},"end":{"line":53,"column":52}},"17":{"start":{"line":54,"column":1},"end":{"line":70,"column":2}},"18":{"start":{"line":55,"column":2},"end":{"line":61,"column":5}},"19":{"start":{"line":56,"column":3},"end":{"line":60,"column":4}},"20":{"start":{"line":57,"column":4},"end":{"line":57,"column":18}},"21":{"start":{"line":59,"column":4},"end":{"line":59,"column":19}},"22":{"start":{"line":63,"column":2},"end":{"line":69,"column":5}},"23":{"start":{"line":64,"column":3},"end":{"line":68,"column":4}},"24":{"start":{"line":65,"column":4},"end":{"line":65,"column":18}},"25":{"start":{"line":67,"column":4},"end":{"line":67,"column":19}},"26":{"start":{"line":79,"column":0},"end":{"line":97,"column":2}},"27":{"start":{"line":81,"column":1},"end":{"line":81,"column":21}},"28":{"start":{"line":82,"column":1},"end":{"line":82,"column":54}},"29":{"start":{"line":83,"column":1},"end":{"line":95,"column":2}},"30":{"start":{"line":84,"column":2},"end":{"line":88,"column":5}},"31":{"start":{"line":85,"column":3},"end":{"line":87,"column":4}},"32":{"start":{"line":86,"column":4},"end":{"line":86,"column":21}},"33":{"start":{"line":90,"column":2},"end":{"line":94,"column":5}},"34":{"start":{"line":91,"column":3},"end":{"line":93,"column":4}},"35":{"start":{"line":92,"column":4},"end":{"line":92,"column":21}},"36":{"start":{"line":103,"column":0},"end":{"line":121,"column":2}},"37":{"start":{"line":105,"column":1},"end":{"line":105,"column":21}},"38":{"start":{"line":106,"column":1},"end":{"line":106,"column":113}},"39":{"start":{"line":107,"column":1},"end":{"line":119,"column":2}},"40":{"start":{"line":108,"column":2},"end":{"line":112,"column":5}},"41":{"start":{"line":109,"column":3},"end":{"line":111,"column":4}},"42":{"start":{"line":110,"column":4},"end":{"line":110,"column":21}},"43":{"start":{"line":114,"column":2},"end":{"line":118,"column":5}},"44":{"start":{"line":115,"column":3},"end":{"line":117,"column":4}},"45":{"start":{"line":116,"column":4},"end":{"line":116,"column":21}},"46":{"start":{"line":129,"column":0},"end":{"line":152,"column":2}},"47":{"start":{"line":131,"column":1},"end":{"line":131,"column":19}},"48":{"start":{"line":133,"column":1},"end":{"line":133,"column":54}},"49":{"start":{"line":134,"column":1},"end":{"line":150,"column":2}},"50":{"start":{"line":135,"column":2},"end":{"line":141,"column":5}},"51":{"start":{"line":136,"column":3},"end":{"line":140,"column":4}},"52":{"start":{"line":137,"column":4},"end":{"line":137,"column":18}},"53":{"start":{"line":139,"column":4},"end":{"line":139,"column":32}},"54":{"start":{"line":143,"column":2},"end":{"line":149,"column":5}},"55":{"start":{"line":144,"column":3},"end":{"line":148,"column":4}},"56":{"start":{"line":145,"column":4},"end":{"line":145,"column":18}},"57":{"start":{"line":147,"column":4},"end":{"line":147,"column":32}},"58":{"start":{"line":159,"column":0},"end":{"line":172,"column":2}},"59":{"start":{"line":161,"column":1},"end":{"line":161,"column":45}},"60":{"start":{"line":162,"column":1},"end":{"line":162,"column":22}},"61":{"start":{"line":163,"column":1},"end":{"line":163,"column":56}},"62":{"start":{"line":164,"column":1},"end":{"line":170,"column":4}},"63":{"start":{"line":165,"column":2},"end":{"line":169,"column":3}},"64":{"start":{"line":166,"column":3},"end":{"line":166,"column":17}},"65":{"start":{"line":168,"column":3},"end":{"line":168,"column":18}}},"branchMap":{"1":{"line":23,"type":"if","locations":[{"start":{"line":23,"column":1},"end":{"line":23,"column":1}},{"start":{"line":23,"column":1},"end":{"line":23,"column":1}}]},"2":{"line":25,"type":"if","locations":[{"start":{"line":25,"column":3},"end":{"line":25,"column":3}},{"start":{"line":25,"column":3},"end":{"line":25,"column":3}}]},"3":{"line":33,"type":"if","locations":[{"start":{"line":33,"column":3},"end":{"line":33,"column":3}},{"start":{"line":33,"column":3},"end":{"line":33,"column":3}}]},"4":{"line":54,"type":"if","locations":[{"start":{"line":54,"column":1},"end":{"line":54,"column":1}},{"start":{"line":54,"column":1},"end":{"line":54,"column":1}}]},"5":{"line":56,"type":"if","locations":[{"start":{"line":56,"column":3},"end":{"line":56,"column":3}},{"start":{"line":56,"column":3},"end":{"line":56,"column":3}}]},"6":{"line":64,"type":"if","locations":[{"start":{"line":64,"column":3},"end":{"line":64,"column":3}},{"start":{"line":64,"column":3},"end":{"line":64,"column":3}}]},"7":{"line":83,"type":"if","locations":[{"start":{"line":83,"column":1},"end":{"line":83,"column":1}},{"start":{"line":83,"column":1},"end":{"line":83,"column":1}}]},"8":{"line":85,"type":"if","locations":[{"start":{"line":85,"column":3},"end":{"line":85,"column":3}},{"start":{"line":85,"column":3},"end":{"line":85,"column":3}}]},"9":{"line":91,"type":"if","locations":[{"start":{"line":91,"column":3},"end":{"line":91,"column":3}},{"start":{"line":91,"column":3},"end":{"line":91,"column":3}}]},"10":{"line":107,"type":"if","locations":[{"start":{"line":107,"column":1},"end":{"line":107,"column":1}},{"start":{"line":107,"column":1},"end":{"line":107,"column":1}}]},"11":{"line":109,"type":"if","locations":[{"start":{"line":109,"column":3},"end":{"line":109,"column":3}},{"start":{"line":109,"column":3},"end":{"line":109,"column":3}}]},"12":{"line":115,"type":"if","locations":[{"start":{"line":115,"column":3},"end":{"line":115,"column":3}},{"start":{"line":115,"column":3},"end":{"line":115,"column":3}}]},"13":{"line":134,"type":"if","locations":[{"start":{"line":134,"column":1},"end":{"line":134,"column":1}},{"start":{"line":134,"column":1},"end":{"line":134,"column":1}}]},"14":{"line":136,"type":"if","locations":[{"start":{"line":136,"column":3},"end":{"line":136,"column":3}},{"start":{"line":136,"column":3},"end":{"line":136,"column":3}}]},"15":{"line":144,"type":"if","locations":[{"start":{"line":144,"column":3},"end":{"line":144,"column":3}},{"start":{"line":144,"column":3},"end":{"line":144,"column":3}}]},"16":{"line":165,"type":"if","locations":[{"start":{"line":165,"column":2},"end":{"line":165,"column":2}},{"start":{"line":165,"column":2},"end":{"line":165,"column":2}}]}}},"/home/techuz/Nirav/data_viz/Code/Backend/node_boilerplate/lib/db.js":{"path":"/home/techuz/Nirav/data_viz/Code/Backend/node_boilerplate/lib/db.js","s":{"1":1,"2":1,"3":1,"4":1,"5":1,"6":1,"7":0,"8":1,"9":20,"10":1,"11":1,"12":1,"13":1,"14":1,"15":4},"b":{},"f":{"1":0,"2":20,"3":1,"4":1,"5":2,"6":4},"fnMap":{"1":{"name":"(anonymous_1)","line":29,"loc":{"start":{"line":29,"column":17},"end":{"line":29,"column":40}}},"2":{"name":"(anonymous_2)","line":40,"loc":{"start":{"line":40,"column":23},"end":{"line":40,"column":57}}},"3":{"name":"(anonymous_3)","line":45,"loc":{"start":{"line":45,"column":26},"end":{"line":45,"column":49}}},"4":{"name":"(anonymous_4)","line":46,"loc":{"start":{"line":46,"column":27},"end":{"line":46,"column":41}}},"5":{"name":"(anonymous_5)","line":56,"loc":{"start":{"line":56,"column":19},"end":{"line":56,"column":40}}},"6":{"name":"(anonymous_6)","line":62,"loc":{"start":{"line":62,"column":25},"end":{"line":62,"column":45}}}},"statementMap":{"1":{"start":{"line":6,"column":0},"end":{"line":6,"column":43}},"2":{"start":{"line":7,"column":0},"end":{"line":7,"column":31}},"3":{"start":{"line":9,"column":0},"end":{"line":9,"column":25}},"4":{"start":{"line":15,"column":0},"end":{"line":23,"column":2}},"5":{"start":{"line":27,"column":0},"end":{"line":27,"column":35}},"6":{"start":{"line":29,"column":0},"end":{"line":37,"column":3}},"7":{"start":{"line":36,"column":0},"end":{"line":36,"column":68}},"8":{"start":{"line":40,"column":0},"end":{"line":43,"column":2}},"9":{"start":{"line":42,"column":2},"end":{"line":42,"column":44}},"10":{"start":{"line":45,"column":0},"end":{"line":54,"column":2}},"11":{"start":{"line":46,"column":2},"end":{"line":53,"column":5}},"12":{"start":{"line":52,"column":4},"end":{"line":52,"column":21}},"13":{"start":{"line":56,"column":0},"end":{"line":58,"column":3}},"14":{"start":{"line":62,"column":0},"end":{"line":64,"column":2}},"15":{"start":{"line":63,"column":2},"end":{"line":63,"column":32}}},"branchMap":{}},"/home/techuz/Nirav/data_viz/Code/Backend/node_boilerplate/modules/auth/controllers/authController.js":{"path":"/home/techuz/Nirav/data_viz/Code/Backend/node_boilerplate/modules/auth/controllers/authController.js","s":{"1":1,"2":1},"b":{},"f":{},"fnMap":{},"statementMap":{"1":{"start":{"line":6,"column":0},"end":{"line":6,"column":26}},"2":{"start":{"line":11,"column":0},"end":{"line":17,"column":2}}},"branchMap":{}},"/home/techuz/Nirav/data_viz/Code/Backend/node_boilerplate/modules/auth/controllers/auth/loginController.js":{"path":"/home/techuz/Nirav/data_viz/Code/Backend/node_boilerplate/modules/auth/controllers/auth/loginController.js","s":{"1":1,"2":1,"3":5,"4":5,"5":5,"6":5,"7":5,"8":5,"9":3,"10":2,"11":2,"12":0,"13":5,"14":5,"15":5,"16":0,"17":5,"18":0,"19":5,"20":5,"21":2,"22":3,"23":2,"24":0,"25":3,"26":3,"27":3,"28":3,"29":3,"30":3,"31":0,"32":3,"33":0,"34":1,"35":0},"b":{"1":[3,2],"2":[1,2],"3":[2,0],"4":[0,5],"5":[0,5],"6":[2,3],"7":[2,1],"8":[0,2],"9":[0,3]},"f":{"1":5,"2":5,"3":5,"4":5,"5":3,"6":0},"fnMap":{"1":{"name":"(anonymous_1)","line":22,"loc":{"start":{"line":22,"column":16},"end":{"line":22,"column":42}}},"2":{"name":"(anonymous_2)","line":42,"loc":{"start":{"line":42,"column":4},"end":{"line":42,"column":23}}},"3":{"name":"(anonymous_3)","line":44,"loc":{"start":{"line":44,"column":39},"end":{"line":44,"column":62}}},"4":{"name":"(anonymous_4)","line":54,"loc":{"start":{"line":54,"column":4},"end":{"line":54,"column":29}}},"5":{"name":"(anonymous_5)","line":100,"loc":{"start":{"line":100,"column":33},"end":{"line":100,"column":48}}},"6":{"name":"(anonymous_6)","line":108,"loc":{"start":{"line":108,"column":5},"end":{"line":108,"column":19}}}},"statementMap":{"1":{"start":{"line":6,"column":0},"end":{"line":14,"column":52}},"2":{"start":{"line":22,"column":0},"end":{"line":112,"column":2}},"3":{"start":{"line":24,"column":2},"end":{"line":24,"column":31}},"4":{"start":{"line":27,"column":2},"end":{"line":27,"column":43}},"5":{"start":{"line":28,"column":2},"end":{"line":28,"column":35}},"6":{"start":{"line":31,"column":2},"end":{"line":31,"column":16}},"7":{"start":{"line":32,"column":2},"end":{"line":32,"column":30}},"8":{"start":{"line":33,"column":2},"end":{"line":39,"column":3}},"9":{"start":{"line":34,"column":4},"end":{"line":34,"column":45}},"10":{"start":{"line":35,"column":9},"end":{"line":39,"column":3}},"11":{"start":{"line":36,"column":4},"end":{"line":36,"column":13}},"12":{"start":{"line":38,"column":4},"end":{"line":38,"column":82}},"13":{"start":{"line":41,"column":2},"end":{"line":110,"column":5}},"14":{"start":{"line":44,"column":6},"end":{"line":52,"column":9}},"15":{"start":{"line":45,"column":8},"end":{"line":51,"column":9}},"16":{"start":{"line":46,"column":10},"end":{"line":46,"column":24}},"17":{"start":{"line":47,"column":15},"end":{"line":51,"column":9}},"18":{"start":{"line":48,"column":10},"end":{"line":48,"column":84}},"19":{"start":{"line":50,"column":10},"end":{"line":50,"column":37}},"20":{"start":{"line":56,"column":6},"end":{"line":58,"column":7}},"21":{"start":{"line":57,"column":8},"end":{"line":57,"column":92}},"22":{"start":{"line":61,"column":6},"end":{"line":66,"column":7}},"23":{"start":{"line":63,"column":8},"end":{"line":65,"column":9}},"24":{"start":{"line":64,"column":10},"end":{"line":64,"column":81}},"25":{"start":{"line":68,"column":6},"end":{"line":74,"column":7}},"26":{"start":{"line":78,"column":6},"end":{"line":84,"column":8}},"27":{"start":{"line":87,"column":6},"end":{"line":87,"column":45}},"28":{"start":{"line":90,"column":6},"end":{"line":96,"column":8}},"29":{"start":{"line":100,"column":6},"end":{"line":106,"column":9}},"30":{"start":{"line":101,"column":8},"end":{"line":105,"column":9}},"31":{"start":{"line":102,"column":10},"end":{"line":102,"column":88}},"32":{"start":{"line":104,"column":10},"end":{"line":104,"column":93}},"33":{"start":{"line":109,"column":4},"end":{"line":109,"column":14}},"34":{"start":{"line":122,"column":0},"end":{"line":124,"column":2}},"35":{"start":{"line":123,"column":2},"end":{"line":123,"column":46}}},"branchMap":{"1":{"line":33,"type":"if","locations":[{"start":{"line":33,"column":2},"end":{"line":33,"column":2}},{"start":{"line":33,"column":2},"end":{"line":33,"column":2}}]},"2":{"line":34,"type":"cond-expr","locations":[{"start":{"line":34,"column":27},"end":{"line":34,"column":40}},{"start":{"line":34,"column":43},"end":{"line":34,"column":44}}]},"3":{"line":35,"type":"if","locations":[{"start":{"line":35,"column":9},"end":{"line":35,"column":9}},{"start":{"line":35,"column":9},"end":{"line":35,"column":9}}]},"4":{"line":45,"type":"if","locations":[{"start":{"line":45,"column":8},"end":{"line":45,"column":8}},{"start":{"line":45,"column":8},"end":{"line":45,"column":8}}]},"5":{"line":47,"type":"if","locations":[{"start":{"line":47,"column":15},"end":{"line":47,"column":15}},{"start":{"line":47,"column":15},"end":{"line":47,"column":15}}]},"6":{"line":56,"type":"if","locations":[{"start":{"line":56,"column":6},"end":{"line":56,"column":6}},{"start":{"line":56,"column":6},"end":{"line":56,"column":6}}]},"7":{"line":61,"type":"if","locations":[{"start":{"line":61,"column":6},"end":{"line":61,"column":6}},{"start":{"line":61,"column":6},"end":{"line":61,"column":6}}]},"8":{"line":63,"type":"if","locations":[{"start":{"line":63,"column":8},"end":{"line":63,"column":8}},{"start":{"line":63,"column":8},"end":{"line":63,"column":8}}]},"9":{"line":101,"type":"if","locations":[{"start":{"line":101,"column":8},"end":{"line":101,"column":8}},{"start":{"line":101,"column":8},"end":{"line":101,"column":8}}]}}},"/home/techuz/Nirav/data_viz/Code/Backend/node_boilerplate/models/User.js":{"path":"/home/techuz/Nirav/data_viz/Code/Backend/node_boilerplate/models/User.js","s":{"1":1,"2":1,"3":2,"4":2,"5":2,"6":2,"7":0,"8":2,"9":1,"10":5,"11":5,"12":5,"13":0,"14":5,"15":1,"16":2,"17":2,"18":1,"19":2,"20":1,"21":2,"22":2,"23":2,"24":0,"25":2,"26":1,"27":1,"28":1,"29":1,"30":1,"31":0,"32":1,"33":1,"34":1,"35":0,"36":1,"37":1,"38":0,"39":0,"40":0,"41":0,"42":0,"43":0,"44":0,"45":0,"46":0,"47":0,"48":0,"49":0,"50":0,"51":0,"52":0,"53":0,"54":0,"55":1,"56":0,"57":0,"58":0,"59":0,"60":0,"61":0,"62":0,"63":0,"64":0,"65":0,"66":0,"67":0,"68":0,"69":0,"70":0,"71":0,"72":0,"73":0,"74":0,"75":0,"76":0,"77":0,"78":0,"79":0,"80":0,"81":0,"82":0,"83":1,"84":4,"85":4,"86":4,"87":0,"88":4,"89":1,"90":0,"91":0,"92":0,"93":0,"94":0,"95":1,"96":0,"97":0,"98":0,"99":0,"100":0,"101":1,"102":0,"103":0,"104":0,"105":0,"106":0,"107":1,"108":0,"109":0,"110":0,"111":0,"112":0,"113":1,"114":0,"115":0,"116":0,"117":0,"118":0,"119":0,"120":0,"121":0,"122":0,"123":0,"124":1,"125":0,"126":0,"127":0,"128":0,"129":0,"130":1,"131":0,"132":0,"133":0,"134":0,"135":0,"136":0,"137":0,"138":0,"139":0,"140":0,"141":1,"142":0,"143":0,"144":0,"145":0,"146":0,"147":0,"148":0,"149":0,"150":0,"151":0,"152":0,"153":1,"154":0,"155":0,"156":0,"157":0,"158":0,"159":0},"b":{"1":[2,2],"2":[2,2],"3":[2,2],"4":[2,1],"5":[2,1],"6":[0,2],"7":[0,5],"8":[1,1],"9":[1,1],"10":[0,2],"11":[1,0],"12":[0,1],"13":[0,1],"14":[0,0],"15":[0,0],"16":[0,0],"17":[0,0],"18":[0,0],"19":[0,0],"20":[0,0],"21":[0,0],"22":[0,0],"23":[0,0],"24":[0,0],"25":[0,0],"26":[0,0],"27":[0,0],"28":[0,0],"29":[0,0],"30":[0,0],"31":[0,0],"32":[0,0],"33":[0,0],"34":[0,0],"35":[0,4],"36":[0,0],"37":[0,0],"38":[0,0],"39":[0,0],"40":[0,0],"41":[0,0],"42":[0,0],"43":[0,0],"44":[0,0],"45":[0,0],"46":[0,0],"47":[0,0],"48":[0,0],"49":[0,0],"50":[0,0]},"f":{"1":2,"2":5,"3":5,"4":2,"5":2,"6":1,"7":1,"8":0,"9":0,"10":0,"11":0,"12":4,"13":4,"14":0,"15":0,"16":0,"17":0,"18":0,"19":0,"20":0,"21":0,"22":0,"23":0,"24":0,"25":0,"26":0,"27":0,"28":0,"29":0,"30":0,"31":0,"32":0},"fnMap":{"1":{"name":"(anonymous_1)","line":62,"loc":{"start":{"line":62,"column":35},"end":{"line":62,"column":57}}},"2":{"name":"(anonymous_2)","line":75,"loc":{"start":{"line":75,"column":25},"end":{"line":75,"column":57}}},"3":{"name":"(anonymous_3)","line":78,"loc":{"start":{"line":78,"column":37},"end":{"line":78,"column":59}}},"4":{"name":"(anonymous_4)","line":88,"loc":{"start":{"line":88,"column":28},"end":{"line":88,"column":53}}},"5":{"name":"(anonymous_5)","line":99,"loc":{"start":{"line":99,"column":22},"end":{"line":99,"column":44}}},"6":{"name":"(anonymous_6)","line":108,"loc":{"start":{"line":108,"column":23},"end":{"line":108,"column":56}}},"7":{"name":"(anonymous_7)","line":118,"loc":{"start":{"line":118,"column":24},"end":{"line":118,"column":46}}},"8":{"name":"(anonymous_8)","line":127,"loc":{"start":{"line":127,"column":26},"end":{"line":127,"column":51}}},"9":{"name":"(anonymous_9)","line":151,"loc":{"start":{"line":151,"column":22},"end":{"line":151,"column":44}}},"10":{"name":"(anonymous_10)","line":160,"loc":{"start":{"line":160,"column":24},"end":{"line":160,"column":49}}},"11":{"name":"(anonymous_11)","line":197,"loc":{"start":{"line":197,"column":22},"end":{"line":197,"column":44}}},"12":{"name":"(anonymous_12)","line":206,"loc":{"start":{"line":206,"column":26},"end":{"line":206,"column":52}}},"13":{"name":"(anonymous_13)","line":209,"loc":{"start":{"line":209,"column":31},"end":{"line":209,"column":53}}},"14":{"name":"(anonymous_14)","line":218,"loc":{"start":{"line":218,"column":26},"end":{"line":218,"column":54}}},"15":{"name":"(anonymous_15)","line":221,"loc":{"start":{"line":221,"column":33},"end":{"line":221,"column":55}}},"16":{"name":"(anonymous_16)","line":236,"loc":{"start":{"line":236,"column":23},"end":{"line":236,"column":54}}},"17":{"name":"(anonymous_17)","line":239,"loc":{"start":{"line":239,"column":33},"end":{"line":239,"column":47}}},"18":{"name":"(anonymous_18)","line":254,"loc":{"start":{"line":254,"column":23},"end":{"line":254,"column":54}}},"19":{"name":"(anonymous_19)","line":257,"loc":{"start":{"line":257,"column":36},"end":{"line":257,"column":58}}},"20":{"name":"(anonymous_20)","line":276,"loc":{"start":{"line":276,"column":22},"end":{"line":276,"column":45}}},"21":{"name":"(anonymous_21)","line":279,"loc":{"start":{"line":279,"column":28},"end":{"line":279,"column":50}}},"22":{"name":"(anonymous_22)","line":293,"loc":{"start":{"line":293,"column":25},"end":{"line":293,"column":66}}},"23":{"name":"(anonymous_23)","line":297,"loc":{"start":{"line":297,"column":44},"end":{"line":297,"column":58}}},"24":{"name":"(anonymous_24)","line":305,"loc":{"start":{"line":305,"column":42},"end":{"line":305,"column":64}}},"25":{"name":"(anonymous_25)","line":320,"loc":{"start":{"line":320,"column":21},"end":{"line":320,"column":47}}},"26":{"name":"(anonymous_26)","line":322,"loc":{"start":{"line":322,"column":31},"end":{"line":322,"column":53}}},"27":{"name":"(anonymous_27)","line":332,"loc":{"start":{"line":332,"column":25},"end":{"line":332,"column":56}}},"28":{"name":"(anonymous_28)","line":349,"loc":{"start":{"line":349,"column":34},"end":{"line":349,"column":56}}},"29":{"name":"(anonymous_29)","line":357,"loc":{"start":{"line":357,"column":32},"end":{"line":357,"column":54}}},"30":{"name":"(anonymous_30)","line":403,"loc":{"start":{"line":403,"column":39},"end":{"line":403,"column":61}}},"31":{"name":"(anonymous_31)","line":411,"loc":{"start":{"line":411,"column":37},"end":{"line":411,"column":59}}},"32":{"name":"(anonymous_32)","line":439,"loc":{"start":{"line":439,"column":33},"end":{"line":439,"column":55}}}},"statementMap":{"1":{"start":{"line":6,"column":0},"end":{"line":7,"column":43}},"2":{"start":{"line":15,"column":0},"end":{"line":69,"column":1}},"3":{"start":{"line":16,"column":4},"end":{"line":39,"column":142}},"4":{"start":{"line":42,"column":4},"end":{"line":60,"column":6}},"5":{"start":{"line":62,"column":4},"end":{"line":68,"column":7}},"6":{"start":{"line":63,"column":8},"end":{"line":67,"column":9}},"7":{"start":{"line":64,"column":12},"end":{"line":64,"column":26}},"8":{"start":{"line":66,"column":12},"end":{"line":66,"column":40}},"9":{"start":{"line":75,"column":0},"end":{"line":85,"column":1}},"10":{"start":{"line":77,"column":4},"end":{"line":77,"column":65}},"11":{"start":{"line":78,"column":4},"end":{"line":84,"column":7}},"12":{"start":{"line":79,"column":8},"end":{"line":83,"column":9}},"13":{"start":{"line":80,"column":12},"end":{"line":80,"column":26}},"14":{"start":{"line":82,"column":12},"end":{"line":82,"column":40}},"15":{"start":{"line":88,"column":0},"end":{"line":106,"column":1}},"16":{"start":{"line":89,"column":4},"end":{"line":89,"column":20}},"17":{"start":{"line":90,"column":4},"end":{"line":92,"column":5}},"18":{"start":{"line":91,"column":8},"end":{"line":91,"column":56}},"19":{"start":{"line":94,"column":4},"end":{"line":96,"column":5}},"20":{"start":{"line":95,"column":8},"end":{"line":95,"column":60}},"21":{"start":{"line":98,"column":4},"end":{"line":98,"column":128}},"22":{"start":{"line":99,"column":4},"end":{"line":105,"column":7}},"23":{"start":{"line":100,"column":8},"end":{"line":104,"column":9}},"24":{"start":{"line":101,"column":12},"end":{"line":101,"column":26}},"25":{"start":{"line":103,"column":12},"end":{"line":103,"column":40}},"26":{"start":{"line":108,"column":0},"end":{"line":125,"column":1}},"27":{"start":{"line":109,"column":4},"end":{"line":109,"column":17}},"28":{"start":{"line":110,"column":4},"end":{"line":112,"column":5}},"29":{"start":{"line":111,"column":8},"end":{"line":111,"column":52}},"30":{"start":{"line":114,"column":4},"end":{"line":116,"column":5}},"31":{"start":{"line":115,"column":8},"end":{"line":115,"column":56}},"32":{"start":{"line":117,"column":4},"end":{"line":117,"column":109}},"33":{"start":{"line":118,"column":4},"end":{"line":124,"column":7}},"34":{"start":{"line":119,"column":8},"end":{"line":123,"column":9}},"35":{"start":{"line":120,"column":12},"end":{"line":120,"column":26}},"36":{"start":{"line":122,"column":12},"end":{"line":122,"column":39}},"37":{"start":{"line":127,"column":0},"end":{"line":158,"column":1}},"38":{"start":{"line":128,"column":4},"end":{"line":128,"column":55}},"39":{"start":{"line":129,"column":4},"end":{"line":129,"column":20}},"40":{"start":{"line":130,"column":4},"end":{"line":132,"column":5}},"41":{"start":{"line":131,"column":8},"end":{"line":131,"column":64}},"42":{"start":{"line":133,"column":4},"end":{"line":135,"column":5}},"43":{"start":{"line":134,"column":8},"end":{"line":134,"column":62}},"44":{"start":{"line":136,"column":4},"end":{"line":138,"column":5}},"45":{"start":{"line":137,"column":8},"end":{"line":137,"column":56}},"46":{"start":{"line":140,"column":4},"end":{"line":142,"column":5}},"47":{"start":{"line":141,"column":8},"end":{"line":141,"column":58}},"48":{"start":{"line":144,"column":4},"end":{"line":146,"column":5}},"49":{"start":{"line":145,"column":8},"end":{"line":145,"column":50}},"50":{"start":{"line":147,"column":4},"end":{"line":150,"column":54}},"51":{"start":{"line":151,"column":4},"end":{"line":157,"column":7}},"52":{"start":{"line":152,"column":8},"end":{"line":156,"column":9}},"53":{"start":{"line":153,"column":12},"end":{"line":153,"column":26}},"54":{"start":{"line":155,"column":12},"end":{"line":155,"column":40}},"55":{"start":{"line":160,"column":0},"end":{"line":204,"column":1}},"56":{"start":{"line":161,"column":4},"end":{"line":161,"column":55}},"57":{"start":{"line":162,"column":4},"end":{"line":162,"column":19}},"58":{"start":{"line":163,"column":4},"end":{"line":163,"column":55}},"59":{"start":{"line":164,"column":4},"end":{"line":164,"column":83}},"60":{"start":{"line":165,"column":4},"end":{"line":167,"column":5}},"61":{"start":{"line":166,"column":8},"end":{"line":166,"column":40}},"62":{"start":{"line":168,"column":4},"end":{"line":168,"column":20}},"63":{"start":{"line":169,"column":4},"end":{"line":171,"column":5}},"64":{"start":{"line":170,"column":8},"end":{"line":170,"column":64}},"65":{"start":{"line":172,"column":4},"end":{"line":174,"column":5}},"66":{"start":{"line":173,"column":8},"end":{"line":173,"column":62}},"67":{"start":{"line":175,"column":4},"end":{"line":177,"column":5}},"68":{"start":{"line":176,"column":8},"end":{"line":176,"column":56}},"69":{"start":{"line":178,"column":4},"end":{"line":180,"column":5}},"70":{"start":{"line":179,"column":8},"end":{"line":179,"column":58}},"71":{"start":{"line":181,"column":4},"end":{"line":183,"column":5}},"72":{"start":{"line":182,"column":8},"end":{"line":182,"column":50}},"73":{"start":{"line":184,"column":4},"end":{"line":184,"column":21}},"74":{"start":{"line":185,"column":4},"end":{"line":191,"column":5}},"75":{"start":{"line":186,"column":8},"end":{"line":186,"column":99}},"76":{"start":{"line":187,"column":8},"end":{"line":187,"column":65}},"77":{"start":{"line":190,"column":8},"end":{"line":190,"column":44}},"78":{"start":{"line":192,"column":4},"end":{"line":196,"column":39}},"79":{"start":{"line":197,"column":4},"end":{"line":203,"column":7}},"80":{"start":{"line":198,"column":8},"end":{"line":202,"column":9}},"81":{"start":{"line":199,"column":12},"end":{"line":199,"column":26}},"82":{"start":{"line":201,"column":12},"end":{"line":201,"column":40}},"83":{"start":{"line":206,"column":0},"end":{"line":216,"column":1}},"84":{"start":{"line":208,"column":4},"end":{"line":208,"column":53}},"85":{"start":{"line":209,"column":4},"end":{"line":215,"column":7}},"86":{"start":{"line":210,"column":8},"end":{"line":214,"column":9}},"87":{"start":{"line":211,"column":12},"end":{"line":211,"column":26}},"88":{"start":{"line":213,"column":12},"end":{"line":213,"column":40}},"89":{"start":{"line":218,"column":0},"end":{"line":228,"column":1}},"90":{"start":{"line":220,"column":4},"end":{"line":220,"column":50}},"91":{"start":{"line":221,"column":4},"end":{"line":227,"column":7}},"92":{"start":{"line":222,"column":8},"end":{"line":226,"column":9}},"93":{"start":{"line":223,"column":12},"end":{"line":223,"column":26}},"94":{"start":{"line":225,"column":12},"end":{"line":225,"column":40}},"95":{"start":{"line":236,"column":0},"end":{"line":246,"column":1}},"96":{"start":{"line":238,"column":4},"end":{"line":238,"column":57}},"97":{"start":{"line":239,"column":4},"end":{"line":245,"column":7}},"98":{"start":{"line":240,"column":8},"end":{"line":244,"column":9}},"99":{"start":{"line":241,"column":12},"end":{"line":241,"column":26}},"100":{"start":{"line":243,"column":12},"end":{"line":243,"column":27}},"101":{"start":{"line":254,"column":0},"end":{"line":264,"column":1}},"102":{"start":{"line":256,"column":4},"end":{"line":256,"column":57}},"103":{"start":{"line":257,"column":4},"end":{"line":263,"column":7}},"104":{"start":{"line":258,"column":8},"end":{"line":262,"column":9}},"105":{"start":{"line":259,"column":12},"end":{"line":259,"column":26}},"106":{"start":{"line":261,"column":12},"end":{"line":261,"column":35}},"107":{"start":{"line":276,"column":0},"end":{"line":286,"column":1}},"108":{"start":{"line":278,"column":4},"end":{"line":278,"column":50}},"109":{"start":{"line":279,"column":4},"end":{"line":285,"column":7}},"110":{"start":{"line":280,"column":8},"end":{"line":284,"column":9}},"111":{"start":{"line":281,"column":12},"end":{"line":281,"column":26}},"112":{"start":{"line":283,"column":12},"end":{"line":283,"column":40}},"113":{"start":{"line":293,"column":0},"end":{"line":313,"column":1}},"114":{"start":{"line":295,"column":4},"end":{"line":295,"column":71}},"115":{"start":{"line":296,"column":4},"end":{"line":312,"column":5}},"116":{"start":{"line":297,"column":8},"end":{"line":303,"column":11}},"117":{"start":{"line":298,"column":12},"end":{"line":302,"column":13}},"118":{"start":{"line":299,"column":16},"end":{"line":299,"column":30}},"119":{"start":{"line":301,"column":16},"end":{"line":301,"column":31}},"120":{"start":{"line":305,"column":8},"end":{"line":311,"column":11}},"121":{"start":{"line":306,"column":12},"end":{"line":310,"column":13}},"122":{"start":{"line":307,"column":16},"end":{"line":307,"column":30}},"123":{"start":{"line":309,"column":16},"end":{"line":309,"column":39}},"124":{"start":{"line":320,"column":0},"end":{"line":329,"column":1}},"125":{"start":{"line":321,"column":4},"end":{"line":321,"column":53}},"126":{"start":{"line":322,"column":4},"end":{"line":328,"column":7}},"127":{"start":{"line":323,"column":8},"end":{"line":327,"column":9}},"128":{"start":{"line":324,"column":12},"end":{"line":324,"column":26}},"129":{"start":{"line":326,"column":12},"end":{"line":326,"column":40}},"130":{"start":{"line":332,"column":0},"end":{"line":365,"column":1}},"131":{"start":{"line":334,"column":4},"end":{"line":347,"column":29}},"132":{"start":{"line":348,"column":4},"end":{"line":364,"column":5}},"133":{"start":{"line":349,"column":8},"end":{"line":355,"column":11}},"134":{"start":{"line":350,"column":12},"end":{"line":354,"column":13}},"135":{"start":{"line":351,"column":16},"end":{"line":351,"column":30}},"136":{"start":{"line":353,"column":16},"end":{"line":353,"column":44}},"137":{"start":{"line":357,"column":8},"end":{"line":363,"column":11}},"138":{"start":{"line":358,"column":12},"end":{"line":362,"column":13}},"139":{"start":{"line":359,"column":16},"end":{"line":359,"column":30}},"140":{"start":{"line":361,"column":16},"end":{"line":361,"column":44}},"141":{"start":{"line":372,"column":0},"end":{"line":421,"column":1}},"142":{"start":{"line":373,"column":4},"end":{"line":388,"column":18}},"143":{"start":{"line":390,"column":4},"end":{"line":401,"column":6}},"144":{"start":{"line":402,"column":4},"end":{"line":418,"column":5}},"145":{"start":{"line":403,"column":8},"end":{"line":409,"column
[...]
45}}},"11":{"name":"(anonymous_11)","line":171,"loc":{"start":{"line":171,"column":28},"end":{"line":171,"column":50}}}},"statementMap":{"1":{"start":{"line":6,"column":0},"end":{"line":7,"column":43}},"2":{"start":{"line":9,"column":0},"end":{"line":41,"column":1}},"3":{"start":{"line":10,"column":4},"end":{"line":22,"column":59}},"4":{"start":{"line":25,"column":4},"end":{"line":32,"column":6}},"5":{"start":{"line":34,"column":4},"end":{"line":40,"column":7}},"6":{"start":{"line":35,"column":8},"end":{"line":39,"column":9}},"7":{"start":{"line":36,"column":12},"end":{"line":36,"column":26}},"8":{"start":{"line":38,"column":12},"end":{"line":38,"column":40}},"9":{"start":{"line":43,"column":0},"end":{"line":65,"column":1}},"10":{"start":{"line":44,"column":4},"end":{"line":44,"column":31}},"11":{"start":{"line":46,"column":4},"end":{"line":48,"column":5}},"12":{"start":{"line":47,"column":8},"end":{"line":47,"column":57}},"13":{"start":{"line":49,"column":4},"end":{"line":51,"column":5}},"14":{"start":{"line":50,"column":8},"end":{"line":50,"column":59}},"15":{"start":{"line":52,"column":4},"end":{"line":54,"column":5}},"16":{"start":{"line":53,"column":8},"end":{"line":53,"column":55}},"17":{"start":{"line":55,"column":4},"end":{"line":57,"column":35}},"18":{"start":{"line":58,"column":4},"end":{"line":64,"column":7}},"19":{"start":{"line":59,"column":8},"end":{"line":63,"column":9}},"20":{"start":{"line":60,"column":12},"end":{"line":60,"column":26}},"21":{"start":{"line":62,"column":12},"end":{"line":62,"column":40}},"22":{"start":{"line":67,"column":0},"end":{"line":108,"column":1}},"23":{"start":{"line":68,"column":4},"end":{"line":68,"column":19}},"24":{"start":{"line":69,"column":4},"end":{"line":69,"column":55}},"25":{"start":{"line":70,"column":4},"end":{"line":70,"column":83}},"26":{"start":{"line":71,"column":4},"end":{"line":73,"column":5}},"27":{"start":{"line":72,"column":8},"end":{"line":72,"column":44}},"28":{"start":{"line":74,"column":4},"end":{"line":74,"column":31}},"29":{"start":{"line":77,"column":4},"end":{"line":79,"column":5}},"30":{"start":{"line":78,"column":8},"end":{"line":78,"column":57}},"31":{"start":{"line":80,"column":4},"end":{"line":82,"column":5}},"32":{"start":{"line":81,"column":8},"end":{"line":81,"column":59}},"33":{"start":{"line":83,"column":4},"end":{"line":85,"column":5}},"34":{"start":{"line":84,"column":8},"end":{"line":84,"column":55}},"35":{"start":{"line":87,"column":4},"end":{"line":87,"column":21}},"36":{"start":{"line":88,"column":4},"end":{"line":94,"column":5}},"37":{"start":{"line":89,"column":8},"end":{"line":89,"column":99}},"38":{"start":{"line":90,"column":8},"end":{"line":90,"column":65}},"39":{"start":{"line":93,"column":8},"end":{"line":93,"column":44}},"40":{"start":{"line":95,"column":4},"end":{"line":100,"column":38}},"41":{"start":{"line":101,"column":4},"end":{"line":107,"column":7}},"42":{"start":{"line":102,"column":8},"end":{"line":106,"column":9}},"43":{"start":{"line":103,"column":12},"end":{"line":103,"column":26}},"44":{"start":{"line":105,"column":12},"end":{"line":105,"column":40}},"45":{"start":{"line":110,"column":0},"end":{"line":119,"column":1}},"46":{"start":{"line":111,"column":4},"end":{"line":111,"column":51}},"47":{"start":{"line":112,"column":4},"end":{"line":118,"column":7}},"48":{"start":{"line":113,"column":8},"end":{"line":117,"column":9}},"49":{"start":{"line":114,"column":12},"end":{"line":114,"column":26}},"50":{"start":{"line":116,"column":12},"end":{"line":116,"column":40}},"51":{"start":{"line":121,"column":0},"end":{"line":162,"column":1}},"52":{"start":{"line":122,"column":4},"end":{"line":134,"column":17}},"53":{"start":{"line":136,"column":4},"end":{"line":144,"column":6}},"54":{"start":{"line":145,"column":4},"end":{"line":161,"column":5}},"55":{"start":{"line":146,"column":8},"end":{"line":152,"column":11}},"56":{"start":{"line":147,"column":12},"end":{"line":151,"column":13}},"57":{"start":{"line":148,"column":16},"end":{"line":148,"column":30}},"58":{"start":{"line":150,"column":16},"end":{"line":150,"column":39}},"59":{"start":{"line":154,"column":8},"end":{"line":160,"column":11}},"60":{"start":{"line":155,"column":12},"end":{"line":159,"column":13}},"61":{"start":{"line":156,"column":16},"end":{"line":156,"column":30}},"62":{"start":{"line":158,"column":16},"end":{"line":158,"column":39}},"63":{"start":{"line":164,"column":0},"end":{"line":178,"column":2}},"64":{"start":{"line":165,"column":4},"end":{"line":169,"column":21}},"65":{"start":{"line":171,"column":4},"end":{"line":177,"column":7}},"66":{"start":{"line":172,"column":8},"end":{"line":176,"column":9}},"67":{"start":{"line":173,"column":12},"end":{"line":173,"column":26}},"68":{"start":{"line":175,"column":12},"end":{"line":175,"column":35}}},"branchMap":{"1":{"line":35,"type":"if","locations":[{"start":{"line":35,"column":8},"end":{"line":35,"column":8}},{"start":{"line":35,"column":8},"end":{"line":35,"column":8}}]},"2":{"line":46,"type":"if","locations":[{"start":{"line":46,"column":4},"end":{"line":46,"column":4}},{"start":{"line":46,"column":4},"end":{"line":46,"column":4}}]},"3":{"line":49,"type":"if","locations":[{"start":{"line":49,"column":4},"end":{"line":49,"column":4}},{"start":{"line":49,"column":4},"end":{"line":49,"column":4}}]},"4":{"line":52,"type":"if","locations":[{"start":{"line":52,"column":4},"end":{"line":52,"column":4}},{"start":{"line":52,"column":4},"end":{"line":52,"column":4}}]},"5":{"line":59,"type":"if","locations":[{"start":{"line":59,"column":8},"end":{"line":59,"column":8}},{"start":{"line":59,"column":8},"end":{"line":59,"column":8}}]},"6":{"line":69,"type":"cond-expr","locations":[{"start":{"line":69,"column":27},"end":{"line":69,"column":50}},{"start":{"line":69,"column":53},"end":{"line":69,"column":54}}]},"7":{"line":70,"type":"cond-expr","locations":[{"start":{"line":70,"column":45},"end":{"line":70,"column":77}},{"start":{"line":70,"column":80},"end":{"line":70,"column":82}}]},"8":{"line":71,"type":"if","locations":[{"start":{"line":71,"column":4},"end":{"line":71,"column":4}},{"start":{"line":71,"column":4},"end":{"line":71,"column":4}}]},"9":{"line":77,"type":"if","locations":[{"start":{"line":77,"column":4},"end":{"line":77,"column":4}},{"start":{"line":77,"column":4},"end":{"line":77,"column":4}}]},"10":{"line":80,"type":"if","locations":[{"start":{"line":80,"column":4},"end":{"line":80,"column":4}},{"start":{"line":80,"column":4},"end":{"line":80,"column":4}}]},"11":{"line":83,"type":"if","locations":[{"start":{"line":83,"column":4},"end":{"line":83,"column":4}},{"start":{"line":83,"column":4},"end":{"line":83,"column":4}}]},"12":{"line":88,"type":"if","locations":[{"start":{"line":88,"column":4},"end":{"line":88,"column":4}},{"start":{"line":88,"column":4},"end":{"line":88,"column":4}}]},"13":{"line":89,"type":"cond-expr","locations":[{"start":{"line":89,"column":55},"end":{"line":89,"column":90}},{"start":{"line":89,"column":93},"end":{"line":89,"column":99}}]},"14":{"line":102,"type":"if","locations":[{"start":{"line":102,"column":8},"end":{"line":102,"column":8}},{"start":{"line":102,"column":8},"end":{"line":102,"column":8}}]},"15":{"line":113,"type":"if","locations":[{"start":{"line":113,"column":8},"end":{"line":113,"column":8}},{"start":{"line":113,"column":8},"end":{"line":113,"column":8}}]},"16":{"line":145,"type":"if","locations":[{"start":{"line":145,"column":4},"end":{"line":145,"column":4}},{"start":{"line":145,"column":4},"end":{"line":145,"column":4}}]},"17":{"line":147,"type":"if","locations":[{"start":{"line":147,"column":12},"end":{"line":147,"column":12}},{"start":{"line":147,"column":12},"end":{"line":147,"column":12}}]},"18":{"line":155,"type":"if","locations":[{"start":{"line":155,"column":12},"end":{"line":155,"column":12}},{"start":{"line":155,"column":12},"end":{"line":155,"column":12}}]},"19":{"line":172,"type":"if","locations":[{"start":{"line":172,"column":8},"end":{"line":172,"column":8}},{"start":{"line":172,"column":8},"end":{"line":172,"column":8}}]}}},"/home/techuz/Nirav/data_viz/Code/Backend/node_boilerplate/modules/video/controllers/video/video.get.controller.js":{"path":"/home/techuz/Nirav/data_viz/Code/Backend/node_boilerplate/modules/video/controllers/video/video.get.controller.js","s":{"1":1,"2":1,"3":0,"4":0,"5":0,"6":0,"7":0,"8":0,"9":0,"10":0,"11":0,"12":0,"13":0,"14":0,"15":0,"16":0,"17":0,"18":0,"19":0,"20":0,"21":0,"22":0},"b":{"1":[0,0],"2":[0,0],"3":[0,0],"4":[0,0],"5":[0,0]},"f":{"1":0,"2":0,"3":0,"4":0,"5":0,"6":0},"fnMap":{"1":{"name":"(anonymous_1)","line":17,"loc":{"start":{"line":17,"column":23},"end":{"line":17,"column":49}}},"2":{"name":"(anonymous_2)","line":19,"loc":{"start":{"line":19,"column":4},"end":{"line":19,"column":24}}},"3":{"name":"(anonymous_3)","line":20,"loc":{"start":{"line":20,"column":39},"end":{"line":20,"column":62}}},"4":{"name":"(anonymous_4)","line":28,"loc":{"start":{"line":28,"column":4},"end":{"line":28,"column":24}}},"5":{"name":"(anonymous_5)","line":29,"loc":{"start":{"line":29,"column":36},"end":{"line":29,"column":59}}},"6":{"name":"(anonymous_6)","line":38,"loc":{"start":{"line":38,"column":2},"end":{"line":38,"column":26}}}},"statementMap":{"1":{"start":{"line":6,"column":0},"end":{"line":10,"column":54}},"2":{"start":{"line":17,"column":0},"end":{"line":58,"column":2}},"3":{"start":{"line":18,"column":2},"end":{"line":56,"column":5}},"4":{"start":{"line":20,"column":6},"end":{"line":26,"column":9}},"5":{"start":{"line":21,"column":8},"end":{"line":25,"column":9}},"6":{"start":{"line":22,"column":10},"end":{"line":22,"column":24}},"7":{"start":{"line":24,"column":10},"end":{"line":24,"column":36}},"8":{"start":{"line":29,"column":6},"end":{"line":35,"column":9}},"9":{"start":{"line":30,"column":8},"end":{"line":34,"column":9}},"10":{"start":{"line":31,"column":10},"end":{"line":31,"column":24}},"11":{"start":{"line":33,"column":10},"end":{"line":33,"column":33}},"12":{"start":{"line":39,"column":4},"end":{"line":55,"column":5}},"13":{"start":{"line":40,"column":6},"end":{"line":40,"column":16}},"14":{"start":{"line":42,"column":6},"end":{"line":42,"column":21}},"15":{"start":{"line":43,"column":6},"end":{"line":43,"column":50}},"16":{"start":{"line":44,"column":6},"end":{"line":44,"column":75}},"17":{"start":{"line":45,"column":6},"end":{"line":45,"column":29}},"18":{"start":{"line":47,"column":6},"end":{"line":47,"column":18}},"19":{"start":{"line":48,"column":6},"end":{"line":52,"column":7}},"20":{"start":{"line":49,"column":8},"end":{"line":49,"column":34}},"21":{"start":{"line":51,"column":8},"end":{"line":51,"column":28}},"22":{"start":{"line":54,"column":6},"end":{"line":54,"column":62}}},"branchMap":{"1":{"line":21,"type":"if","locations":[{"start":{"line":21,"column":8},"end":{"line":21,"column":8}},{"start":{"line":21,"column":8},"end":{"line":21,"column":8}}]},"2":{"line":30,"type":"if","locations":[{"start":{"line":30,"column":8},"end":{"line":30,"column":8}},{"start":{"line":30,"column":8},"end":{"line":30,"column":8}}]},"3":{"line":39,"type":"if","locations":[{"start":{"line":39,"column":4},"end":{"line":39,"column":4}},{"start":{"line":39,"column":4},"end":{"line":39,"column":4}}]},"4":{"line":44,"type":"cond-expr","locations":[{"start":{"line":44,"column":42},"end":{"line":44,"column":70}},{"start":{"line":44,"column":73},"end":{"line":44,"column":74}}]},"5":{"line":48,"type":"if","locations":[{"start":{"line":48,"column":6},"end":{"line":48,"column":6}},{"start":{"line":48,"column":6},"end":{"line":48,"column":6}}]}}},"/home/techuz/Nirav/data_viz/Code/Backend/node_boilerplate/modules/video/controllers/video/video.modify.controller.js":{"path":"/home/techuz/Nirav/data_viz/Code/Backend/node_boilerplate/modules/video/controllers/video/video.modify.controller.js","s":{"1":1,"2":1,"3":0,"4":0,"5":0,"6":0,"7":0,"8":0,"9":0,"10":0,"11":0,"12":1,"13":0,"14":0,"15":0,"16":0,"17":1,"18":0,"19":0,"20":0,"21":0,"22":0,"23":0,"24":0,"25":1,"26":0,"27":0,"28":0,"29":0,"30":1,"31":0,"32":0,"33":0,"34":0,"35":0,"36":1,"37":0,"38":1,"39":0,"40":0,"41":0,"42":0},"b":{"1":[0,0],"2":[0,0],"3":[0,0],"4":[0,0],"5":[0,0],"6":[0,0],"7":[0,0]},"f":{"1":0,"2":0,"3":0,"4":0,"5":0,"6":0,"7":0,"8":0,"9":0,"10":0,"11":0,"12":0,"13":0,"14":0},"fnMap":{"1":{"name":"(anonymous_1)","line":17,"loc":{"start":{"line":17,"column":22},"end":{"line":17,"column":48}}},"2":{"name":"(anonymous_2)","line":21,"loc":{"start":{"line":21,"column":15},"end":{"line":21,"column":44}}},"3":{"name":"(anonymous_3)","line":36,"loc":{"start":{"line":36,"column":7},"end":{"line":36,"column":21}}},"4":{"name":"dbBegin","line":42,"loc":{"start":{"line":42,"column":4},"end":{"line":42,"column":31}}},"5":{"name":"(anonymous_5)","line":43,"loc":{"start":{"line":43,"column":28},"end":{"line":43,"column":42}}},"6":{"name":"chekcVideoExists","line":52,"loc":{"start":{"line":52,"column":4},"end":{"line":52,"column":40}}},"7":{"name":"(anonymous_7)","line":53,"loc":{"start":{"line":53,"column":42},"end":{"line":53,"column":65}}},"8":{"name":"updateVideo","line":65,"loc":{"start":{"line":65,"column":4},"end":{"line":65,"column":35}}},"9":{"name":"(anonymous_9)","line":66,"loc":{"start":{"line":66,"column":42},"end":{"line":66,"column":65}}},"10":{"name":"dbCommit","line":75,"loc":{"start":{"line":75,"column":4},"end":{"line":75,"column":40}}},"11":{"name":"(anonymous_11)","line":76,"loc":{"start":{"line":76,"column":29},"end":{"line":76,"column":43}}},"12":{"name":"success","line":86,"loc":{"start":{"line":86,"column":4},"end":{"line":86,"column":39}}},"13":{"name":"(anonymous_13)","line":99,"loc":{"start":{"line":99,"column":22},"end":{"line":99,"column":48}}},"14":{"name":"(anonymous_14)","line":100,"loc":{"start":{"line":100,"column":36},"end":{"line":100,"column":60}}}},"statementMap":{"1":{"start":{"line":6,"column":0},"end":{"line":12,"column":48}},"2":{"start":{"line":17,"column":0},"end":{"line":91,"column":1}},"3":{"start":{"line":19,"column":2},"end":{"line":19,"column":30}},"4":{"start":{"line":21,"column":2},"end":{"line":90,"column":5}},"5":{"start":{"line":24,"column":4},"end":{"line":28,"column":5}},"6":{"start":{"line":25,"column":6},"end":{"line":25,"column":22}},"7":{"start":{"line":26,"column":6},"end":{"line":26,"column":13}},"8":{"start":{"line":27,"column":6},"end":{"line":27,"column":92}},"9":{"start":{"line":30,"column":4},"end":{"line":39,"column":7}},"10":{"start":{"line":37,"column":6},"end":{"line":37,"column":34}},"11":{"start":{"line":38,"column":6},"end":{"line":38,"column":16}},"12":{"start":{"line":42,"column":4},"end":{"line":50,"column":5}},"13":{"start":{"line":43,"column":6},"end":{"line":49,"column":9}},"14":{"start":{"line":44,"column":8},"end":{"line":48,"column":9}},"15":{"start":{"line":45,"column":10},"end":{"line":45,"column":24}},"16":{"start":{"line":47,"column":10},"end":{"line":47,"column":25}},"17":{"start":{"line":52,"column":4},"end":{"line":63,"column":5}},"18":{"start":{"line":53,"column":6},"end":{"line":62,"column":9}},"19":{"start":{"line":54,"column":8},"end":{"line":61,"column":9}},"20":{"start":{"line":55,"column":10},"end":{"line":55,"column":24}},"21":{"start":{"line":56,"column":15},"end":{"line":61,"column":9}},"22":{"start":{"line":57,"column":10},"end":{"line":57,"column":38}},"23":{"start":{"line":58,"column":10},"end":{"line":58,"column":84}},"24":{"start":{"line":60,"column":10},"end":{"line":60,"column":25}},"25":{"start":{"line":65,"column":4},"end":{"line":73,"column":5}},"26":{"start":{"line":66,"column":6},"end":{"line":72,"column":9}},"27":{"start":{"line":67,"column":8},"end":{"line":71,"column":9}},"28":{"start":{"line":68,"column":10},"end":{"line":68,"column":24}},"29":{"start":{"line":70,"column":10},"end":{"line":70,"column":37}},"30":{"start":{"line":75,"column":4},"end":{"line":84,"column":5}},"31":{"start":{"line":76,"column":6},"end":{"line":83,"column":9}},"32":{"start":{"line":77,"column":8},"end":{"line":82,"column":9}},"33":{"start":{"line":78,"column":10},"end":{"line":78,"column":24}},"34":{"start":{"line":80,"column":10},"end":{"line":80,"column":17}},"35":{"start":{"line":81,"column":10},"end":{"line":81,"column":33}},"36":{"start":{"line":86,"column":4},"end":{"line":88,"column":5}},"37":{"start":{"line":87,"column":6},"end":{"line":87,"column":69}},"38":{"start":{"line":99,"column":0},"end":{"line":108,"column":2}},"39":{"start":{"line":100,"column":2},"end":{"line":106,"column":5}},"40":{"start":{"line":101,"column":4},"end":{"line":105,"column":5}},"41":{"start":{"line":102,"column":6},"end":{"line":102,"column":16}},"42":{"start":{"line":104,"column":6},"end":{"line":104,"column":50}}},"branchMap":{"1":{"line":24,"type":"if","locations":[{"start":{"line":24,"column":4},"end":{"line":24,"column":4}},{"start":{"line":24,"column":4},"end":{"line":24,"column":4}}]},"2":{"line":44,"type":"if","locations":[{"start":{"line":44,"column":8},"end":{"line":44,"column":8}},{"start":{"line":44,"column":8},"end":{"line":44,"column":8}}]},"3":{"line":54,"type":"if","locations":[{"start":{"line":54,"column":8},"end":{"line":54,"column":8}},{"start":{"line":54,"column":8},"end":{"line":54,"column":8}}]},"4":{"line":56,"type":"if","locations":[{"start":{"line":56,"column":15},"end":{"line":56,"column":15}},{"start":{"line":56,"column":15},"end":{"line":56,"column":15}}]},"5":{"line":67,"type":"if","locations":[{"start":{"line":67,"column":8},"end":{"line":67,"column":8}},{"start":{"line":67,"column":8},"end":{"line":67,"column":8}}]},"6":{"line":77,"type":"if","locations":[{"start":{"line":77,"column":8},"end":{"line":77,"column":8}},{"start":{"line":77,"column":8},"end":{"line":77,"column":8}}]},"7":{"line":101,"type":"if","locations":[{"start":{"line":101,"column":4},"end":{"line":101,"column":4}},{"start":{"line":101,"column":4},"end":{"line":101,"column":4}}]}}},"/home/techuz/Nirav/data_viz/Code/Backend/node_boilerplate/modules/video/controllers/video/video.delete.controller.js":{"path":"/home/techuz/Nirav/data_viz/Code/Backend/node_boilerplate/modules/video/controllers/video/video.delete.controller.js","s":{"1":1,"2":1,"3":0,"4":0,"5":0,"6":0,"7":0,"8":0,"9":0},"b":{"1":[0,0],"2":[0,0]},"f":{"1":0,"2":0},"fnMap":{"1":{"name":"(anonymous_1)","line":16,"loc":{"start":{"line":16,"column":22},"end":{"line":16,"column":48}}},"2":{"name":"(anonymous_2)","line":18,"loc":{"start":{"line":18,"column":28},"end":{"line":18,"column":52}}}},"statementMap":{"1":{"start":{"line":6,"column":0},"end":{"line":9,"column":54}},"2":{"start":{"line":16,"column":0},"end":{"line":28,"column":2}},"3":{"start":{"line":17,"column":2},"end":{"line":17,"column":29}},"4":{"start":{"line":18,"column":2},"end":{"line":27,"column":5}},"5":{"start":{"line":19,"column":4},"end":{"line":26,"column":5}},"6":{"start":{"line":20,"column":6},"end":{"line":22,"column":7}},"7":{"start":{"line":21,"column":8},"end":{"line":21,"column":88}},"8":{"start":{"line":23,"column":6},"end":{"line":23,"column":16}},"9":{"start":{"line":25,"column":6},"end":{"line":25,"column":50}}},"branchMap":{"1":{"line":19,"type":"if","locations":[{"start":{"line":19,"column":4},"end":{"line":19,"column":4}},{"start":{"line":19,"column":4},"end":{"line":19,"column":4}}]},"2":{"line":20,"type":"if","locations":[{"start":{"line":20,"column":6},"end":{"line":20,"column":6}},{"start":{"line":20,"column":6},"end":{"line":20,"column":6}}]}}},"/home/techuz/Nirav/data_viz/Code/Backend/node_boilerplate/modules/video/controllers/video/common.controller.js":{"path":"/home/techuz/Nirav/data_viz/Code/Backend/node_boilerplate/modules/video/controllers/video/common.controller.js","s":{"1":1,"2":1,"3":0},"b":{},"f":{"1":0},"fnMap":{"1":{"name":"(anonymous_1)","line":16,"loc":{"start":{"line":16,"column":19},"end":{"line":16,"column":44}}}},"statementMap":{"1":{"start":{"line":6,"column":0},"end":{"line":9,"column":56}},"2":{"start":{"line":16,"column":0},"end":{"line":18,"column":1}},"3":{"start":{"line":17,"column":4},"end":{"line":17,"column":74}}},"branchMap":{}}}