TN:
SF:/home/techuz/Nirav/data_viz/Code/Backend/node_boilerplate/config/config.js
FN:16,(anonymous_1)
FN:34,(anonymous_2)
FN:53,(anonymous_3)
FN:72,(anonymous_4)
FNF:4
FNH:4
FNDA:1,(anonymous_1)
FNDA:1,(anonymous_2)
FNDA:1,(anonymous_3)
FNDA:1,(anonymous_4)
DA:6,1
DA:16,1
DA:17,1
DA:18,1
DA:19,0
DA:20,0
DA:22,0
DA:24,0
DA:27,1
DA:34,1
DA:36,1
DA:37,0
DA:40,1
DA:41,1
DA:42,1
DA:43,1
DA:44,0
DA:45,0
DA:46,0
DA:53,1
DA:55,1
DA:56,0
DA:57,0
DA:58,0
DA:59,0
DA:60,0
DA:61,0
DA:62,0
DA:64,1
DA:72,1
DA:74,1
DA:78,1
DA:80,1
DA:83,1
DA:86,1
DA:89,1
DA:91,1
DA:97,1
LF:38
LH:23
BRDA:18,1,0,0
BRDA:18,1,1,1
BRDA:19,2,0,0
BRDA:19,2,1,0
BRDA:36,3,0,0
BRDA:36,3,1,1
BRDA:36,4,0,1
BRDA:36,4,1,1
BRDA:43,5,0,0
BRDA:43,5,1,1
BRDA:43,6,0,1
BRDA:43,6,1,1
BRDA:55,7,0,0
BRDA:55,7,1,1
BRDA:80,8,0,1
BRDA:80,8,1,0
BRF:16
BRH:9
end_of_record
TN:
SF:/home/techuz/Nirav/data_viz/Code/Backend/node_boilerplate/config/env/default.js
FNF:0
FNH:0
DA:3,1
LF:1
LH:1
BRDA:10,1,0,1
BRDA:10,1,1,1
BRF:2
BRH:2
end_of_record
TN:
SF:/home/techuz/Nirav/data_viz/Code/Backend/node_boilerplate/config/env/testing.js
FNF:0
FNH:0
DA:3,1
DA:5,1
LF:2
LH:2
BRDA:24,1,0,1
BRDA:24,1,1,1
BRDA:26,2,0,1
BRDA:26,2,1,1
BRDA:28,3,0,1
BRDA:28,3,1,1
BRDA:29,4,0,1
BRDA:29,4,1,1
BRF:8
BRH:8
end_of_record
TN:
SF:/home/techuz/Nirav/data_viz/Code/Backend/node_boilerplate/server.js
FN:24,(anonymous_1)
FN:37,(anonymous_2)
FNF:2
FNH:1
FNDA:1,(anonymous_1)
FNDA:0,(anonymous_2)
DA:6,1
DA:10,1
DA:11,1
DA:12,1
DA:13,1
DA:14,1
DA:15,1
DA:16,1
DA:17,1
DA:23,1
DA:26,1
DA:28,1
DA:29,1
DA:30,1
DA:31,1
DA:32,1
DA:36,0
DA:39,0
DA:41,0
DA:42,0
DA:43,0
DA:44,0
DA:45,0
DA:50,1
LF:24
LH:17
BRDA:13,1,0,1
BRDA:13,1,1,0
BRDA:13,2,0,1
BRDA:13,2,1,1
BRDA:16,3,0,1
BRDA:16,3,1,0
BRF:6
BRH:4
end_of_record
TN:
SF:/home/techuz/Nirav/data_viz/Code/Backend/node_boilerplate/lib/app.js
FN:13,init
FNF:1
FNH:1
FNDA:1,init
DA:6,1
DA:13,1
DA:14,1
DA:16,1
LF:4
LH:4
BRF:0
BRH:0
end_of_record
TN:
SF:/home/techuz/Nirav/data_viz/Code/Backend/node_boilerplate/lib/express.js
FN:25,(anonymous_1)
FN:34,(anonymous_2)
FN:41,(anonymous_3)
FN:44,(anonymous_4)
FN:63,(anonymous_5)
FN:75,(anonymous_6)
FN:93,(anonymous_7)
FN:104,(anonymous_8)
FN:114,(anonymous_9)
FN:123,(anonymous_10)
FN:146,(anonymous_11)
FN:166,(anonymous_12)
FN:171,(anonymous_13)
FN:181,(anonymous_14)
FN:190,(anonymous_15)
FN:200,(anonymous_16)
FNF:16
FNH:12
FNDA:1,(anonymous_1)
FNDA:1,(anonymous_2)
FNDA:0,(anonymous_3)
FNDA:0,(anonymous_4)
FNDA:12,(anonymous_5)
FNDA:1,(anonymous_6)
FNDA:12,(anonymous_7)
FNDA:1,(anonymous_8)
FNDA:1,(anonymous_9)
FNDA:1,(anonymous_10)
FNDA:1,(anonymous_11)
FNDA:0,(anonymous_12)
FNDA:0,(anonymous_13)
FNDA:1,(anonymous_14)
FNDA:1,(anonymous_15)
FNDA:1,(anonymous_16)
DA:6,1
DA:25,1
DA:27,1
DA:34,1
DA:36,1
DA:37,1
DA:38,1
DA:39,1
DA:42,0
DA:45,0
DA:46,0
DA:48,0
DA:52,0
DA:53,0
DA:54,0
DA:56,0
DA:60,1
DA:61,1
DA:63,1
DA:64,12
DA:65,12
DA:66,0
DA:68,12
DA:75,1
DA:77,1
DA:78,1
DA:79,1
DA:80,1
DA:81,1
DA:82,1
DA:87,1
DA:93,1
DA:95,12
DA:96,12
DA:97,12
DA:98,12
DA:104,1
DA:107,1
DA:114,1
DA:116,1
DA:123,1
DA:125,1
DA:126,1
DA:127,1
DA:128,1
DA:129,1
DA:130,1
DA:131,1
DA:132,1
DA:133,1
DA:146,1
DA:148,1
DA:150,0
DA:152,0
DA:165,1
DA:166,0
DA:167,0
DA:168,0
DA:171,1
DA:172,0
DA:173,0
DA:181,1
DA:183,1
DA:190,1
DA:192,1
DA:200,1
DA:203,1
DA:206,1
DA:209,1
DA:212,1
DA:215,1
DA:218,1
DA:221,1
DA:225,1
DA:228,1
DA:231,1
DA:235,1
LF:77
LH:61
BRDA:45,1,0,0
BRDA:45,1,1,0
BRDA:52,2,0,0
BRDA:52,2,1,0
BRDA:53,3,0,0
BRDA:53,3,1,0
BRDA:65,4,0,0
BRDA:65,4,1,12
BRDA:148,5,0,0
BRDA:148,5,1,1
BRDA:165,6,0,0
BRDA:165,6,1,1
BRF:12
BRH:3
end_of_record
TN:
SF:/home/techuz/Nirav/data_viz/Code/Backend/node_boilerplate/languages/en/errors.js
FNF:0
FNH:0
DA:6,1
DA:11,1
LF:2
LH:2
BRF:0
BRH:0
end_of_record
TN:
SF:/home/techuz/Nirav/data_viz/Code/Backend/node_boilerplate/languages/en/errors/auth.js
FNF:0
FNH:0
DA:3,1
DA:10,1
DA:17,1
DA:24,1
DA:31,1
LF:5
LH:5
BRF:0
BRH:0
end_of_record
TN:
SF:/home/techuz/Nirav/data_viz/Code/Backend/node_boilerplate/languages/en/errors/register.js
FNF:0
FNH:0
DA:4,1
LF:1
LH:1
BRF:0
BRH:0
end_of_record
TN:
SF:/home/techuz/Nirav/data_viz/Code/Backend/node_boilerplate/languages/en/errors/common.js
FNF:0
FNH:0
DA:4,1
DA:11,1
DA:18,1
DA:25,1
DA:32,1
DA:39,1
DA:46,1
DA:53,1
DA:60,1
DA:67,1
DA:74,1
DA:81,1
DA:88,1
DA:96,1
DA:103,1
DA:111,1
DA:118,1
DA:126,1
DA:134,1
DA:141,1
DA:148,1
DA:156,1
DA:164,1
LF:23
LH:23
BRF:0
BRH:0
end_of_record
TN:
SF:/home/techuz/Nirav/data_viz/Code/Backend/node_boilerplate/languages/en/errors/password.js
FNF:0
FNH:0
DA:3,1
DA:10,1
DA:17,1
DA:24,1
LF:4
LH:4
BRF:0
BRH:0
end_of_record
TN:
SF:/home/techuz/Nirav/data_viz/Code/Backend/node_boilerplate/lib/logger.js
FN:11,(anonymous_1)
FN:31,(anonymous_2)
FN:71,(anonymous_3)
FN:99,getMorganOptions
FN:103,(anonymous_5)
FNF:5
FNH:5
FNDA:1,(anonymous_1)
FNDA:1,(anonymous_2)
FNDA:12,(anonymous_3)
FNDA:1,getMorganOptions
FNDA:12,(anonymous_5)
DA:3,1
DA:8,1
DA:9,0
DA:11,1
DA:12,1
DA:14,1
DA:15,0
DA:22,1
DA:28,1
DA:31,1
DA:32,1
DA:34,1
DA:35,0
DA:42,1
DA:48,1
DA:54,1
DA:70,1
DA:72,12
DA:76,1
DA:77,5
DA:99,1
DA:101,1
DA:104,12
DA:105,12
DA:106,0
DA:108,12
DA:115,1
LF:27
LH:23
BRDA:8,1,0,0
BRDA:8,1,1,1
BRDA:14,2,0,0
BRDA:14,2,1,1
BRDA:34,3,0,0
BRDA:34,3,1,1
BRDA:80,4,0,5
BRDA:80,4,1,0
BRDA:81,5,0,0
BRDA:81,5,1,5
BRDA:82,6,0,5
BRDA:82,6,1,5
BRDA:83,7,0,5
BRDA:83,7,1,0
BRDA:84,8,0,5
BRDA:84,8,1,0
BRDA:85,9,0,0
BRDA:85,9,1,5
BRDA:86,10,0,5
BRDA:86,10,1,0
BRDA:86,10,2,0
BRDA:87,11,0,5
BRDA:87,11,1,5
BRDA:88,12,0,5
BRDA:88,12,1,0
BRDA:105,13,0,0
BRDA:105,13,1,12
BRF:27
BRH:15
end_of_record
TN:
SF:/home/techuz/Nirav/data_viz/Code/Backend/node_boilerplate/common/helper.js
FN:22,encrypt
FN:26,validPassword
FN:30,(anonymous_3)
FN:47,(anonymous_4)
FNF:4
FNH:3
FNDA:2,encrypt
FNDA:5,validPassword
FNDA:12,(anonymous_3)
FNDA:0,(anonymous_4)
DA:3,1
DA:13,1
DA:14,2
DA:17,1
DA:18,5
DA:22,1
DA:23,2
DA:26,1
DA:27,5
DA:30,1
DA:31,12
DA:32,12
DA:33,0
DA:35,12
DA:37,12
DA:38,12
DA:39,0
DA:41,12
DA:42,192
DA:44,12
DA:47,1
DA:48,0
LF:22
LH:19
BRDA:32,1,0,0
BRDA:32,1,1,12
BRDA:38,2,0,0
BRDA:38,2,1,12
BRF:4
BRH:2
end_of_record
TN:
SF:/home/techuz/Nirav/data_viz/Code/Backend/node_boilerplate/swagger/swagger.js
FN:54,(anonymous_1)
FN:57,(anonymous_2)
FNF:2
FNH:2
FNDA:1,(anonymous_1)
FNDA:1,(anonymous_2)
DA:3,1
DA:4,1
DA:5,1
DA:7,1
DA:8,1
DA:9,1
DA:17,1
DA:25,1
DA:33,1
DA:40,1
DA:41,1
DA:45,1
DA:46,1
DA:47,1
DA:50,1
DA:51,1
DA:52,1
DA:54,1
DA:57,1
DA:59,1
DA:62,1
DA:65,1
DA:68,1
LF:23
LH:23
BRDA:47,1,0,1
BRDA:47,1,1,0
BRDA:52,2,0,1
BRDA:52,2,1,0
BRF:4
BRH:2
end_of_record
TN:
SF:/home/techuz/Nirav/data_viz/Code/Backend/node_boilerplate/swagger/genericResponse.js
FNF:0
FNH:0
DA:3,1
LF:1
LH:1
BRF:0
BRH:0
end_of_record
TN:
SF:/home/techuz/Nirav/data_viz/Code/Backend/node_boilerplate/swagger/authSwagger.js
FNF:0
FNH:0
DA:1,1
DA:2,1
DA:24,1
DA:46,1
DA:68,1
DA:137,1
DA:189,1
DA:237,1
DA:289,1
DA:338,1
DA:354,1
DA:368,1
DA:382,1
DA:396,1
DA:408,1
DA:419,1
DA:432,1
LF:17
LH:17
BRF:0
BRH:0
end_of_record
TN:
SF:/home/techuz/Nirav/data_viz/Code/Backend/node_boilerplate/modules/auth/routes/auth.js
FN:10,(anonymous_1)
FNF:1
FNH:1
FNDA:1,(anonymous_1)
DA:6,1
DA:10,1
DA:13,1
DA:15,1
DA:21,1
DA:26,1
DA:31,1
LF:7
LH:7
BRF:0
BRH:0
end_of_record
TN:
SF:/home/techuz/Nirav/data_viz/Code/Backend/node_boilerplate/modules/auth/validate/authValidate.js
FNF:0
FNH:0
DA:6,1
DA:11,1
LF:2
LH:2
BRF:0
BRH:0
end_of_record
TN:
SF:/home/techuz/Nirav/data_viz/Code/Backend/node_boilerplate/modules/auth/validate/auth/login.js
FN:5,(anonymous_1)
FNF:1
FNH:1
FNDA:5,(anonymous_1)
DA:2,1
DA:5,1
DA:7,5
DA:21,5
DA:22,5
DA:23,5
DA:24,0
DA:26,5
LF:8
LH:7
BRDA:23,1,0,0
BRDA:23,1,1,5
BRF:2
BRH:1
end_of_record
TN:
SF:/home/techuz/Nirav/data_viz/Code/Backend/node_boilerplate/modules/auth/validate/auth/socialSignIn.js
FN:3,(anonymous_1)
FNF:1
FNH:1
FNDA:2,(anonymous_1)
DA:3,1
DA:5,2
DA:27,2
DA:28,2
DA:29,2
DA:30,0
DA:32,2
LF:7
LH:6
BRDA:29,1,0,0
BRDA:29,1,1,2
BRF:2
BRH:1
end_of_record
TN:
SF:/home/techuz/Nirav/data_viz/Code/Backend/node_boilerplate/modules/auth/validate/auth/register.js
FN:5,(anonymous_1)
FNF:1
FNH:1
FNDA:2,(anonymous_1)
DA:2,1
DA:5,1
DA:7,2
DA:29,2
DA:30,2
DA:31,2
DA:32,0
DA:34,2
LF:8
LH:7
BRDA:31,1,0,0
BRDA:31,1,1,2
BRF:2
BRH:1
end_of_record
TN:
SF:/home/techuz/Nirav/data_viz/Code/Backend/node_boilerplate/modules/stratagy.js
FN:9,(anonymous_1)
FN:11,(anonymous_2)
FN:21,(anonymous_3)
FN:23,(anonymous_4)
FN:29,(anonymous_5)
FN:31,(anonymous_6)
FN:40,(anonymous_7)
FN:42,(anonymous_8)
FN:52,checkToken
FN:58,(anonymous_10)
FN:76,(anonymous_11)
FNF:11
FNH:0
FNDA:0,(anonymous_1)
FNDA:0,(anonymous_2)
FNDA:0,(anonymous_3)
FNDA:0,(anonymous_4)
FNDA:0,(anonymous_5)
FNDA:0,(anonymous_6)
FNDA:0,(anonymous_7)
FNDA:0,(anonymous_8)
FNDA:0,checkToken
FNDA:0,(anonymous_10)
FNDA:0,(anonymous_11)
DA:3,1
DA:9,1
DA:11,0
DA:12,0
DA:13,0
DA:15,0
DA:21,1
DA:23,0
DA:24,0
DA:29,1
DA:31,0
DA:32,0
DA:33,0
DA:35,0
DA:40,1
DA:42,0
DA:43,0
DA:44,0
DA:46,0
DA:52,1
DA:54,0
DA:56,0
DA:58,0
DA:59,0
DA:60,0
DA:61,0
DA:62,0
DA:65,0
DA:66,0
DA:67,0
DA:70,0
DA:71,0
DA:73,0
DA:75,0
DA:76,0
DA:77,0
DA:78,0
DA:81,0
DA:82,0
DA:83,0
DA:85,0
DA:86,0
DA:92,0
LF:43
LH:6
BRDA:12,1,0,0
BRDA:12,1,1,0
BRDA:32,2,0,0
BRDA:32,2,1,0
BRDA:43,3,0,0
BRDA:43,3,1,0
BRDA:54,4,0,0
BRDA:54,4,1,0
BRDA:54,4,2,0
BRDA:56,5,0,0
BRDA:56,5,1,0
BRDA:59,6,0,0
BRDA:59,6,1,0
BRDA:61,7,0,0
BRDA:61,7,1,0
BRDA:66,8,0,0
BRDA:66,8,1,0
BRDA:73,9,0,0
BRDA:73,9,1,0
BRDA:75,10,0,0
BRDA:75,10,1,0
BRDA:77,11,0,0
BRDA:77,11,1,0
BRDA:82,12,0,0
BRDA:82,12,1,0
BRF:25
BRH:0
end_of_record
TN:
SF:/home/techuz/Nirav/data_viz/Code/Backend/node_boilerplate/models/Session.js
FN:15,(anonymous_1)
FN:24,(anonymous_2)
FN:32,(anonymous_3)
FN:50,(anonymous_4)
FN:55,(anonymous_5)
FN:63,(anonymous_6)
FN:79,(anonymous_7)
FN:84,(anonymous_8)
FN:90,(anonymous_9)
FN:103,(anonymous_10)
FN:108,(anonymous_11)
FN:114,(anonymous_12)
FN:129,(anonymous_13)
FN:135,(anonymous_14)
FN:143,(anonymous_15)
FN:159,(anonymous_16)
FN:164,(anonymous_17)
FNF:17
FNH:3
FNDA:6,(anonymous_1)
FNDA:3,(anonymous_2)
FNDA:3,(anonymous_3)
FNDA:0,(anonymous_4)
FNDA:0,(anonymous_5)
FNDA:0,(anonymous_6)
FNDA:0,(anonymous_7)
FNDA:0,(anonymous_8)
FNDA:0,(anonymous_9)
FNDA:0,(anonymous_10)
FNDA:0,(anonymous_11)
FNDA:0,(anonymous_12)
FNDA:0,(anonymous_13)
FNDA:0,(anonymous_14)
FNDA:0,(anonymous_15)
FNDA:0,(anonymous_16)
FNDA:0,(anonymous_17)
DA:6,1
DA:15,1
DA:17,6
DA:18,6
DA:23,6
DA:24,3
DA:25,3
DA:26,0
DA:28,3
DA:32,3
DA:33,3
DA:34,0
DA:36,3
DA:50,1
DA:52,0
DA:53,0
DA:54,0
DA:55,0
DA:56,0
DA:57,0
DA:59,0
DA:63,0
DA:64,0
DA:65,0
DA:67,0
DA:79,1
DA:81,0
DA:82,0
DA:83,0
DA:84,0
DA:85,0
DA:86,0
DA:90,0
DA:91,0
DA:92,0
DA:103,1
DA:105,0
DA:106,0
DA:107,0
DA:108,0
DA:109,0
DA:110,0
DA:114,0
DA:115,0
DA:116,0
DA:129,1
DA:131,0
DA:133,0
DA:134,0
DA:135,0
DA:136,0
DA:137,0
DA:139,0
DA:143,0
DA:144,0
DA:145,0
DA:147,0
DA:159,1
DA:161,0
DA:162,0
DA:163,0
DA:164,0
DA:165,0
DA:166,0
DA:168,0
LF:65
LH:16
BRDA:23,1,0,3
BRDA:23,1,1,3
BRDA:25,2,0,0
BRDA:25,2,1,3
BRDA:33,3,0,0
BRDA:33,3,1,3
BRDA:54,4,0,0
BRDA:54,4,1,0
BRDA:56,5,0,0
BRDA:56,5,1,0
BRDA:64,6,0,0
BRDA:64,6,1,0
BRDA:83,7,0,0
BRDA:83,7,1,0
BRDA:85,8,0,0
BRDA:85,8,1,0
BRDA:91,9,0,0
BRDA:91,9,1,0
BRDA:107,10,0,0
BRDA:107,10,1,0
BRDA:109,11,0,0
BRDA:109,11,1,0
BRDA:115,12,0,0
BRDA:115,12,1,0
BRDA:134,13,0,0
BRDA:134,13,1,0
BRDA:136,14,0,0
BRDA:136,14,1,0
BRDA:144,15,0,0
BRDA:144,15,1,0
BRDA:165,16,0,0
BRDA:165,16,1,0
BRF:32
BRH:4
end_of_record
TN:
SF:/home/techuz/Nirav/data_viz/Code/Backend/node_boilerplate/lib/db.js
FN:29,(anonymous_1)
FN:40,(anonymous_2)
FN:45,(anonymous_3)
FN:46,(anonymous_4)
FN:56,(anonymous_5)
FN:62,(anonymous_6)
FNF:6
FNH:5
FNDA:0,(anonymous_1)
FNDA:20,(anonymous_2)
FNDA:1,(anonymous_3)
FNDA:1,(anonymous_4)
FNDA:2,(anonymous_5)
FNDA:4,(anonymous_6)
DA:6,1
DA:7,1
DA:9,1
DA:15,1
DA:27,1
DA:29,1
DA:36,0
DA:40,1
DA:42,20
DA:45,1
DA:46,1
DA:52,1
DA:56,1
DA:62,1
DA:63,4
LF:15
LH:14
BRF:0
BRH:0
end_of_record
TN:
SF:/home/techuz/Nirav/data_viz/Code/Backend/node_boilerplate/modules/auth/controllers/authController.js
FNF:0
FNH:0
DA:6,1
DA:11,1
LF:2
LH:2
BRF:0
BRH:0
end_of_record
TN:
SF:/home/techuz/Nirav/data_viz/Code/Backend/node_boilerplate/modules/auth/controllers/auth/loginController.js
FN:22,(anonymous_1)
FN:42,(anonymous_2)
FN:44,(anonymous_3)
FN:54,(anonymous_4)
FN:100,(anonymous_5)
FN:108,(anonymous_6)
FNF:6
FNH:5
FNDA:5,(anonymous_1)
FNDA:5,(anonymous_2)
FNDA:5,(anonymous_3)
FNDA:5,(anonymous_4)
FNDA:3,(anonymous_5)
FNDA:0,(anonymous_6)
DA:6,1
DA:22,1
DA:24,5
DA:27,5
DA:28,5
DA:31,5
DA:32,5
DA:33,5
DA:34,3
DA:35,2
DA:36,2
DA:38,0
DA:41,5
DA:44,5
DA:45,5
DA:46,0
DA:47,5
DA:48,0
DA:50,5
DA:56,5
DA:57,2
DA:61,3
DA:63,2
DA:64,0
DA:68,3
DA:78,3
DA:87,3
DA:90,3
DA:100,3
DA:101,3
DA:102,0
DA:104,3
DA:109,0
DA:122,1
DA:123,0
LF:35
LH:28
BRDA:33,1,0,3
BRDA:33,1,1,2
BRDA:34,2,0,1
BRDA:34,2,1,2
BRDA:35,3,0,2
BRDA:35,3,1,0
BRDA:45,4,0,0
BRDA:45,4,1,5
BRDA:47,5,0,0
BRDA:47,5,1,5
BRDA:56,6,0,2
BRDA:56,6,1,3
BRDA:61,7,0,2
BRDA:61,7,1,1
BRDA:63,8,0,0
BRDA:63,8,1,2
BRDA:101,9,0,0
BRDA:101,9,1,3
BRF:18
BRH:13
end_of_record
TN:
SF:/home/techuz/Nirav/data_viz/Code/Backend/node_boilerplate/models/User.js
FN:62,(anonymous_1)
FN:75,(anonymous_2)
FN:78,(anonymous_3)
FN:88,(anonymous_4)
FN:99,(anonymous_5)
FN:108,(anonymous_6)
FN:118,(anonymous_7)
FN:127,(anonymous_8)
FN:151,(anonymous_9)
FN:160,(anonymous_10)
FN:197,(anonymous_11)
FN:206,(anonymous_12)
FN:209,(anonymous_13)
FN:218,(anonymous_14)
FN:221,(anonymous_15)
FN:236,(anonymous_16)
FN:239,(anonymous_17)
FN:254,(anonymous_18)
FN:257,(anonymous_19)
FN:276,(anonymous_20)
FN:279,(anonymous_21)
FN:293,(anonymous_22)
FN:297,(anonymous_23)
FN:305,(anonymous_24)
FN:320,(anonymous_25)
FN:322,(anonymous_26)
FN:332,(anonymous_27)
FN:349,(anonymous_28)
FN:357,(anonymous_29)
FN:403,(anonymous_30)
FN:411,(anonymous_31)
FN:439,(anonymous_32)
FNF:32
FNH:9
FNDA:2,(anonymous_1)
FNDA:5,(anonymous_2)
FNDA:5,(anonymous_3)
FNDA:2,(anonymous_4)
FNDA:2,(anonymous_5)
FNDA:1,(anonymous_6)
FNDA:1,(anonymous_7)
FNDA:0,(anonymous_8)
FNDA:0,(anonymous_9)
FNDA:0,(anonymous_10)
FNDA:0,(anonymous_11)
FNDA:4,(anonymous_12)
FNDA:4,(anonymous_13)
FNDA:0,(anonymous_14)
FNDA:0,(anonymous_15)
FNDA:0,(anonymous_16)
FNDA:0,(anonymous_17)
FNDA:0,(anonymous_18)
FNDA:0,(anonymous_19)
FNDA:0,(anonymous_20)
FNDA:0,(anonymous_21)
FNDA:0,(anonymous_22)
FNDA:0,(anonymous_23)
FNDA:0,(anonymous_24)
FNDA:0,(anonymous_25)
FNDA:0,(anonymous_26)
FNDA:0,(anonymous_27)
FNDA:0,(anonymous_28)
FNDA:0,(anonymous_29)
FNDA:0,(anonymous_30)
FNDA:0,(anonymous_31)
FNDA:0,(anonymous_32)
DA:6,1
DA:15,1
DA:16,2
DA:42,2
DA:62,2
DA:63,2
DA:64,0
DA:66,2
DA:75,1
DA:77,5
DA:78,5
DA:79,5
DA:80,0
DA:82,5
DA:88,1
DA:89,2
DA:90,2
DA:91,1
DA:94,2
DA:95,1
DA:98,2
DA:99,2
DA:100,2
DA:101,0
DA:103,2
DA:108,1
DA:109,1
DA:110,1
DA:111,1
DA:114,1
DA:115,0
DA:117,1
DA:118,1
DA:119,1
DA:120,0
DA:122,1
DA:127,1
DA:128,0
DA:129,0
DA:130,0
DA:131,0
DA:133,0
DA:134,0
DA:136,0
DA:137,0
DA:140,0
DA:141,0
DA:144,0
DA:145,0
DA:147,0
DA:151,0
DA:152,0
DA:153,0
DA:155,0
DA:160,1
DA:161,0
DA:162,0
DA:163,0
DA:164,0
DA:165,0
DA:166,0
DA:168,0
DA:169,0
DA:170,0
DA:172,0
DA:173,0
DA:175,0
DA:176,0
DA:178,0
DA:179,0
DA:181,0
DA:182,0
DA:184,0
DA:185,0
DA:186,0
DA:187,0
DA:190,0
DA:192,0
DA:197,0
DA:198,0
DA:199,0
DA:201,0
DA:206,1
DA:208,4
DA:209,4
DA:210,4
DA:211,0
DA:213,4
DA:218,1
DA:220,0
DA:221,0
DA:222,0
DA:223,0
DA:225,0
DA:236,1
DA:238,0
DA:239,0
DA:240,0
DA:241,0
DA:243,0
DA:254,1
DA:256,0
DA:257,0
DA:258,0
DA:259,0
DA:261,0
DA:276,1
DA:278,0
DA:279,0
DA:280,0
DA:281,0
DA:283,0
DA:293,1
DA:295,0
DA:296,0
DA:297,0
DA:298,0
DA:299,0
DA:301,0
DA:305,0
DA:306,0
DA:307,0
DA:309,0
DA:320,1
DA:321,0
DA:322,0
DA:323,0
DA:324,0
DA:326,0
DA:332,1
DA:334,0
DA:348,0
DA:349,0
DA:350,0
DA:351,0
DA:353,0
DA:357,0
DA:358,0
DA:359,0
DA:361,0
DA:372,1
DA:373,0
DA:390,0
DA:402,0
DA:403,0
DA:404,0
DA:405,0
DA:407,0
DA:411,0
DA:412,0
DA:413,0
DA:415,0
DA:424,1
DA:425,0
DA:434,0
DA:439,0
DA:440,0
DA:441,0
DA:443,0
LF:159
LH:47
BRDA:49,1,0,2
BRDA:49,1,1,2
BRDA:56,2,0,2
BRDA:56,2,1,2
BRDA:57,3,0,2
BRDA:57,3,1,2
BRDA:58,4,0,2
BRDA:58,4,1,1
BRDA:59,5,0,2
BRDA:59,5,1,1
BRDA:63,6,0,0
BRDA:63,6,1,2
BRDA:79,7,0,0
BRDA:79,7,1,5
BRDA:90,8,0,1
BRDA:90,8,1,1
BRDA:94,9,0,1
BRDA:94,9,1,1
BRDA:100,10,0,0
BRDA:100,10,1,2
BRDA:110,11,0,1
BRDA:110,11,1,0
BRDA:114,12,0,0
BRDA:114,12,1,1
BRDA:119,13,0,0
BRDA:119,13,1,1
BRDA:128,14,0,0
BRDA:128,14,1,0
BRDA:130,15,0,0
BRDA:130,15,1,0
BRDA:133,16,0,0
BRDA:133,16,1,0
BRDA:136,17,0,0
BRDA:136,17,1,0
BRDA:140,18,0,0
BRDA:140,18,1,0
BRDA:144,19,0,0
BRDA:144,19,1,0
BRDA:144,20,0,0
BRDA:144,20,1,0
BRDA:152,21,0,0
BRDA:152,21,1,0
BRDA:161,22,0,0
BRDA:161,22,1,0
BRDA:163,23,0,0
BRDA:163,23,1,0
BRDA:164,24,0,0
BRDA:164,24,1,0
BRDA:165,25,0,0
BRDA:165,25,1,0
BRDA:169,26,0,0
BRDA:169,26,1,0
BRDA:172,27,0,0
BRDA:172,27,1,0
BRDA:175,28,0,0
BRDA:175,28,1,0
BRDA:178,29,0,0
BRDA:178,29,1,0
BRDA:181,30,0,0
BRDA:181,30,1,0
BRDA:181,31,0,0
BRDA:181,31,1,0
BRDA:185,32,0,0
BRDA:185,32,1,0
BRDA:186,33,0,0
BRDA:186,33,1,0
BRDA:198,34,0,0
BRDA:198,34,1,0
BRDA:210,35,0,0
BRDA:210,35,1,4
BRDA:222,36,0,0
BRDA:222,36,1,0
BRDA:240,37,0,0
BRDA:240,37,1,0
BRDA:258,38,0,0
BRDA:258,38,1,0
BRDA:280,39,0,0
BRDA:280,39,1,0
BRDA:296,40,0,0
BRDA:296,40,1,0
BRDA:298,41,0,0
BRDA:298,41,1,0
BRDA:306,42,0,0
BRDA:306,42,1,0
BRDA:323,43,0,0
BRDA:323,43,1,0
BRDA:348,44,0,0
BRDA:348,44,1,0
BRDA:350,45,0,0
BRDA:350,45,1,0
BRDA:358,46,0,0
BRDA:358,46,1,0
BRDA:402,47,0,0
BRDA:402,47,1,0
BRDA:404,48,0,0
BRDA:404,48,1,0
BRDA:412,49,0,0
BRDA:412,49,1,0
BRDA:440,50,0,0
BRDA:440,50,1,0
BRF:100
BRH:21
end_of_record
TN:
SF:/home/techuz/Nirav/data_viz/Code/Backend/node_boilerplate/modules/auth/controllers/auth/refreshTokenController.js
FN:20,(anonymous_1)
FN:47,(anonymous_2)
FN:54,(anonymous_3)
FNF:3
FNH:0
FNDA:0,(anonymous_1)
FNDA:0,(anonymous_2)
FNDA:0,(anonymous_3)
DA:6,1
DA:20,1
DA:22,0
DA:25,0
DA:28,0
DA:29,0
DA:31,0
DA:34,0
DA:38,0
DA:47,0
DA:48,0
DA:49,0
DA:54,0
DA:55,0
DA:56,0
DA:58,0
LF:16
LH:2
BRDA:22,1,0,0
BRDA:22,1,1,0
BRDA:22,1,2,0
BRDA:48,2,0,0
BRDA:48,2,1,0
BRDA:55,3,0,0
BRDA:55,3,1,0
BRF:7
BRH:0
end_of_record
TN:
SF:/home/techuz/Nirav/data_viz/Code/Backend/node_boilerplate/modules/auth/controllers/auth/logoutController.js
FN:20,(anonymous_1)
FNF:1
FNH:0
FNDA:0,(anonymous_1)
DA:6,1
DA:15,1
DA:17,0
DA:18,0
DA:20,0
DA:21,0
DA:22,0
DA:24,0
LF:8
LH:2
BRDA:17,1,0,0
BRDA:17,1,1,0
BRDA:17,1,2,0
BRDA:21,2,0,0
BRDA:21,2,1,0
BRF:5
BRH:0
end_of_record
TN:
SF:/home/techuz/Nirav/data_viz/Code/Backend/node_boilerplate/modules/auth/controllers/auth/register.controller.js
FN:27,(anonymous_1)
FN:38,(anonymous_2)
FN:54,(anonymous_3)
FN:60,dbBegin
FN:61,(anonymous_5)
FN:70,checkEmailExists
FN:71,(anonymous_7)
FN:83,userRegister
FN:84,(anonymous_9)
FN:93,login
FN:126,(anonymous_11)
FN:137,dbCommit
FN:138,(anonymous_13)
FN:148,success
FN:155,sendParentRegistrationMail
FNF:15
FNH:13
FNDA:2,(anonymous_1)
FNDA:2,(anonymous_2)
FNDA:0,(anonymous_3)
FNDA:2,dbBegin
FNDA:2,(anonymous_5)
FNDA:2,checkEmailExists
FNDA:2,(anonymous_7)
FNDA:1,userRegister
FNDA:1,(anonymous_9)
FNDA:1,login
FNDA:1,(anonymous_11)
FNDA:1,dbCommit
FNDA:1,(anonymous_13)
FNDA:1,success
FNDA:0,sendParentRegistrationMail
DA:6,1
DA:27,1
DA:29,2
DA:30,2
DA:31,2
DA:32,2
DA:35,2
DA:38,2
DA:41,2
DA:42,0
DA:43,0
DA:44,0
DA:47,2
DA:55,0
DA:56,0
DA:60,1
DA:61,2
DA:62,2
DA:63,0
DA:65,2
DA:70,1
DA:71,2
DA:72,2
DA:73,0
DA:74,2
DA:75,1
DA:76,1
DA:78,1
DA:83,1
DA:84,1
DA:85,1
DA:86,0
DA:88,1
DA:93,1
DA:95,1
DA:104,1
DA:114,1
DA:118,1
DA:126,1
DA:127,1
DA:128,0
DA:129,0
DA:130,0
DA:132,1
DA:137,1
DA:138,1
DA:139,1
DA:140,0
DA:142,1
DA:143,1
DA:148,1
DA:150,1
DA:155,1
DA:156,0
DA:159,0
DA:160,0
DA:161,0
DA:163,0
LF:58
LH:41
BRDA:41,1,0,0
BRDA:41,1,1,2
BRDA:62,2,0,0
BRDA:62,2,1,2
BRDA:72,3,0,0
BRDA:72,3,1,2
BRDA:74,4,0,1
BRDA:74,4,1,1
BRDA:85,5,0,0
BRDA:85,5,1,1
BRDA:97,6,0,1
BRDA:97,6,1,1
BRDA:98,7,0,1
BRDA:98,7,1,1
BRDA:106,8,0,1
BRDA:106,8,1,1
BRDA:107,9,0,1
BRDA:107,9,1,1
BRDA:127,10,0,0
BRDA:127,10,1,1
BRDA:139,11,0,0
BRDA:139,11,1,1
BRDA:160,12,0,0
BRDA:160,12,1,0
BRF:24
BRH:16
end_of_record
TN:
SF:/home/techuz/Nirav/data_viz/Code/Backend/node_boilerplate/mail/mail.js
FN:15,(anonymous_1)
FN:22,(anonymous_2)
FN:30,mail
FN:38,(anonymous_4)
FN:49,mailWithAttachment
FN:59,(anonymous_6)
FNF:6
FNH:0
FNDA:0,(anonymous_1)
FNDA:0,(anonymous_2)
FNDA:0,mail
FNDA:0,(anonymous_4)
FNDA:0,mailWithAttachment
FNDA:0,(anonymous_6)
DA:2,1
DA:3,1
DA:4,1
DA:5,1
DA:6,1
DA:7,1
DA:11,1
DA:14,1
DA:15,0
DA:16,0
DA:17,0
DA:19,0
DA:20,0
DA:21,0
DA:22,0
DA:23,0
DA:30,1
DA:32,0
DA:38,0
DA:39,0
DA:40,0
DA:41,0
DA:43,0
DA:45,0
DA:49,1
DA:51,0
DA:59,0
DA:60,0
DA:61,0
DA:64,0
DA:66,0
LF:31
LH:10
BRDA:16,1,0,0
BRDA:16,1,1,0
BRDA:40,2,0,0
BRDA:40,2,1,0
BRDA:60,3,0,0
BRDA:60,3,1,0
BRF:6
BRH:0
end_of_record
TN:
SF:/home/techuz/Nirav/data_viz/Code/Backend/node_boilerplate/modules/auth/controllers/auth/socialSignIn.controller.js
FN:32,(anonymous_1)
FN:50,(anonymous_2)
FN:67,(anonymous_3)
FN:73,dbBegin
FN:74,(anonymous_5)
FN:83,checkSocialExists
FN:84,(anonymous_7)
FN:95,checkEmailExists
FN:101,(anonymous_9)
FN:115,userRegister
FN:120,(anonymous_11)
FN:128,(anonymous_12)
FN:138,login
FN:170,(anonymous_14)
FN:181,dbCommit
FN:182,(anonymous_16)
FN:192,success
FN:199,sendParentRegistrationMail
FNF:18
FNH:16
FNDA:2,(anonymous_1)
FNDA:2,(anonymous_2)
FNDA:0,(anonymous_3)
FNDA:2,dbBegin
FNDA:2,(anonymous_5)
FNDA:2,checkSocialExists
FNDA:2,(anonymous_7)
FNDA:2,checkEmailExists
FNDA:2,(anonymous_9)
FNDA:2,userRegister
FNDA:1,(anonymous_11)
FNDA:1,(anonymous_12)
FNDA:2,login
FNDA:2,(anonymous_14)
FNDA:2,dbCommit
FNDA:2,(anonymous_16)
FNDA:2,success
FNDA:0,sendParentRegistrationMail
DA:6,1
DA:32,1
DA:34,2
DA:35,2
DA:36,2
DA:39,2
DA:40,1
DA:43,2
DA:44,1
DA:50,2
DA:53,2
DA:54,0
DA:55,0
DA:56,0
DA:59,2
DA:68,0
DA:69,0
DA:73,1
DA:74,2
DA:75,2
DA:76,0
DA:78,2
DA:83,1
DA:84,2
DA:85,2
DA:86,0
DA:87,2
DA:88,0
DA:90,2
DA:95,1
DA:97,2
DA:98,2
DA:99,0
DA:101,2
DA:102,2
DA:103,0
DA:104,2
DA:105,1
DA:106,1
DA:108,1
DA:109,1
DA:115,1
DA:116,2
DA:117,0
DA:118,2
DA:119,1
DA:120,1
DA:121,1
DA:122,0
DA:124,1
DA:127,1
DA:128,1
DA:129,1
DA:130,0
DA:132,1
DA:138,1
DA:139,2
DA:148,2
DA:158,2
DA:162,2
DA:170,2
DA:171,2
DA:172,0
DA:173,0
DA:174,0
DA:176,2
DA:181,1
DA:182,2
DA:183,2
DA:184,0
DA:186,2
DA:187,2
DA:192,1
DA:194,2
DA:199,1
DA:200,0
DA:203,0
DA:204,0
DA:205,0
DA:207,0
LF:80
LH:58
BRDA:39,1,0,1
BRDA:39,1,1,1
BRDA:43,2,0,1
BRDA:43,2,1,1
BRDA:53,3,0,0
BRDA:53,3,1,2
BRDA:75,4,0,0
BRDA:75,4,1,2
BRDA:85,5,0,0
BRDA:85,5,1,2
BRDA:87,6,0,0
BRDA:87,6,1,2
BRDA:98,7,0,0
BRDA:98,7,1,2
BRDA:98,8,0,2
BRDA:98,8,1,0
BRDA:102,9,0,0
BRDA:102,9,1,2
BRDA:104,10,0,1
BRDA:104,10,1,1
BRDA:116,11,0,0
BRDA:116,11,1,2
BRDA:116,12,0,2
BRDA:116,12,1,0
BRDA:118,13,0,1
BRDA:118,13,1,1
BRDA:118,14,0,2
BRDA:118,14,1,2
BRDA:118,14,2,1
BRDA:121,15,0,0
BRDA:121,15,1,1
BRDA:127,16,0,1
BRDA:127,16,1,0
BRDA:129,17,0,0
BRDA:129,17,1,1
BRDA:141,18,0,2
BRDA:141,18,1,2
BRDA:142,19,0,2
BRDA:142,19,1,2
BRDA:150,20,0,2
BRDA:150,20,1,2
BRDA:151,21,0,2
BRDA:151,21,1,2
BRDA:171,22,0,0
BRDA:171,22,1,2
BRDA:183,23,0,0
BRDA:183,23,1,2
BRDA:204,24,0,0
BRDA:204,24,1,0
BRF:49
BRH:33
end_of_record
TN:
SF:/home/techuz/Nirav/data_viz/Code/Backend/node_boilerplate/modules/password/routes/password.js
FN:11,(anonymous_1)
FNF:1
FNH:1
FNDA:1,(anonymous_1)
DA:6,1
DA:7,1
DA:8,1
DA:11,1
DA:14,1
DA:17,1
DA:27,1
DA:35,1
DA:43,1
DA:50,1
LF:10
LH:10
BRF:0
BRH:0
end_of_record
TN:
SF:/home/techuz/Nirav/data_viz/Code/Backend/node_boilerplate/modules/password/validate/passwordValidate.js
FNF:0
FNH:0
DA:6,1
DA:11,1
LF:2
LH:2
BRF:0
BRH:0
end_of_record
TN:
SF:/home/techuz/Nirav/data_viz/Code/Backend/node_boilerplate/modules/password/validate/password/forgot.js
FN:3,(anonymous_1)
FNF:1
FNH:0
FNDA:0,(anonymous_1)
DA:3,1
DA:5,0
DA:19,0
DA:20,0
DA:21,0
DA:22,0
DA:24,0
LF:7
LH:1
BRDA:21,1,0,0
BRDA:21,1,1,0
BRF:2
BRH:0
end_of_record
TN:
SF:/home/techuz/Nirav/data_viz/Code/Backend/node_boilerplate/modules/password/validate/password/reset.js
FN:3,(anonymous_1)
FNF:1
FNH:0
FNDA:0,(anonymous_1)
DA:3,1
DA:5,0
DA:16,0
DA:17,0
DA:18,0
DA:19,0
DA:21,0
LF:7
LH:1
BRDA:18,1,0,0
BRDA:18,1,1,0
BRF:2
BRH:0
end_of_record
TN:
SF:/home/techuz/Nirav/data_viz/Code/Backend/node_boilerplate/modules/password/validate/password/change.js
FN:4,(anonymous_1)
FNF:1
FNH:0
FNDA:0,(anonymous_1)
DA:2,1
DA:4,1
DA:6,0
DA:17,0
DA:29,0
DA:30,0
DA:33,0
DA:34,0
DA:35,0
DA:36,0
DA:38,0
LF:11
LH:2
BRDA:29,1,0,0
BRDA:29,1,1,0
BRDA:35,2,0,0
BRDA:35,2,1,0
BRF:4
BRH:0
end_of_record
TN:
SF:/home/techuz/Nirav/data_viz/Code/Backend/node_boilerplate/modules/password/controllers/passwordController.js
FNF:0
FNH:0
DA:6,1
DA:11,1
LF:2
LH:2
BRF:0
BRH:0
end_of_record
TN:
SF:/home/techuz/Nirav/data_viz/Code/Backend/node_boilerplate/modules/password/controllers/password/forgot.password.controller.js
FN:27,(anonymous_1)
FN:33,(anonymous_2)
FN:48,(anonymous_3)
FN:53,dbBegin
FN:54,(anonymous_5)
FN:63,checkEmail
FN:64,(anonymous_7)
FN:76,addToken
FN:77,(anonymous_9)
FN:86,sentResetPasswordLink
FN:101,dbCommit
FN:102,(anonymous_12)
FN:112,success
FNF:13
FNH:0
FNDA:0,(anonymous_1)
FNDA:0,(anonymous_2)
FNDA:0,(anonymous_3)
FNDA:0,dbBegin
FNDA:0,(anonymous_5)
FNDA:0,checkEmail
FNDA:0,(anonymous_7)
FNDA:0,addToken
FNDA:0,(anonymous_9)
FNDA:0,sentResetPasswordLink
FNDA:0,dbCommit
FNDA:0,(anonymous_12)
FNDA:0,success
DA:6,1
DA:27,1
DA:29,0
DA:30,0
DA:31,0
DA:33,0
DA:36,0
DA:37,0
DA:38,0
DA:41,0
DA:49,0
DA:50,0
DA:53,1
DA:54,0
DA:55,0
DA:56,0
DA:58,0
DA:63,1
DA:64,0
DA:65,0
DA:66,0
DA:67,0
DA:68,0
DA:69,0
DA:71,0
DA:76,1
DA:77,0
DA:78,0
DA:79,0
DA:81,0
DA:86,1
DA:87,0
DA:92,0
DA:93,0
DA:94,0
DA:96,0
DA:101,1
DA:102,0
DA:103,0
DA:104,0
DA:106,0
DA:107,0
DA:112,1
DA:113,0
LF:44
LH:8
BRDA:36,1,0,0
BRDA:36,1,1,0
BRDA:55,2,0,0
BRDA:55,2,1,0
BRDA:65,3,0,0
BRDA:65,3,1,0
BRDA:67,4,0,0
BRDA:67,4,1,0
BRDA:78,5,0,0
BRDA:78,5,1,0
BRDA:89,6,0,0
BRDA:89,6,1,0
BRDA:93,7,0,0
BRDA:93,7,1,0
BRDA:103,8,0,0
BRDA:103,8,1,0
BRF:16
BRH:0
end_of_record
TN:
SF:/home/techuz/Nirav/data_viz/Code/Backend/node_boilerplate/models/ResetPassword.js
FN:14,(anonymous_1)
FN:16,(anonymous_2)
FN:21,(anonymous_3)
FN:38,(anonymous_4)
FN:41,(anonymous_5)
FN:56,(anonymous_6)
FN:65,(anonymous_7)
FNF:7
FNH:0
FNDA:0,(anonymous_1)
FNDA:0,(anonymous_2)
FNDA:0,(anonymous_3)
FNDA:0,(anonymous_4)
FNDA:0,(anonymous_5)
FNDA:0,(anonymous_6)
FNDA:0,(anonymous_7)
DA:6,1
DA:14,1
DA:16,0
DA:17,0
DA:18,0
DA:20,0
DA:21,0
DA:22,0
DA:23,0
DA:25,0
DA:38,1
DA:40,0
DA:41,0
DA:42,0
DA:43,0
DA:45,0
DA:56,1
DA:58,0
DA:65,0
DA:66,0
DA:67,0
DA:69,0
LF:22
LH:4
BRDA:17,1,0,0
BRDA:17,1,1,0
BRDA:22,2,0,0
BRDA:22,2,1,0
BRDA:42,3,0,0
BRDA:42,3,1,0
BRDA:66,4,0,0
BRDA:66,4,1,0
BRF:8
BRH:0
end_of_record
TN:
SF:/home/techuz/Nirav/data_viz/Code/Backend/node_boilerplate/modules/password/controllers/password/reset.password.controller.js
FN:25,(anonymous_1)
FN:33,(anonymous_2)
FN:48,(anonymous_3)
FN:53,dbBegin
FN:54,(anonymous_5)
FN:63,checkResetPasswordToken
FN:64,(anonymous_7)
FN:80,updatePassword
FN:81,(anonymous_9)
FN:90,removeResetPasswordToken
FN:91,(anonymous_11)
FN:100,dbCommit
FN:101,(anonymous_13)
FN:111,success
FNF:14
FNH:0
FNDA:0,(anonymous_1)
FNDA:0,(anonymous_2)
FNDA:0,(anonymous_3)
FNDA:0,dbBegin
FNDA:0,(anonymous_5)
FNDA:0,checkResetPasswordToken
FNDA:0,(anonymous_7)
FNDA:0,updatePassword
FNDA:0,(anonymous_9)
FNDA:0,removeResetPasswordToken
FNDA:0,(anonymous_11)
FNDA:0,dbCommit
FNDA:0,(anonymous_13)
FNDA:0,success
DA:6,1
DA:25,1
DA:27,0
DA:28,0
DA:30,0
DA:33,0
DA:36,0
DA:37,0
DA:38,0
DA:41,0
DA:49,0
DA:50,0
DA:53,1
DA:54,0
DA:55,0
DA:56,0
DA:58,0
DA:63,1
DA:64,0
DA:65,0
DA:66,0
DA:67,0
DA:68,0
DA:69,0
DA:70,0
DA:71,0
DA:72,0
DA:73,0
DA:75,0
DA:80,1
DA:81,0
DA:82,0
DA:83,0
DA:85,0
DA:90,1
DA:91,0
DA:92,0
DA:93,0
DA:95,0
DA:100,1
DA:101,0
DA:102,0
DA:103,0
DA:105,0
DA:106,0
DA:111,1
DA:112,0
LF:47
LH:8
BRDA:36,1,0,0
BRDA:36,1,1,0
BRDA:55,2,0,0
BRDA:55,2,1,0
BRDA:66,3,0,0
BRDA:66,3,1,0
BRDA:68,4,0,0
BRDA:68,4,1,0
BRDA:71,5,0,0
BRDA:71,5,1,0
BRDA:82,6,0,0
BRDA:82,6,1,0
BRDA:92,7,0,0
BRDA:92,7,1,0
BRDA:102,8,0,0
BRDA:102,8,1,0
BRF:16
BRH:0
end_of_record
TN:
SF:/home/techuz/Nirav/data_viz/Code/Backend/node_boilerplate/modules/password/controllers/password/change.password.controller.js
FN:23,(anonymous_1)
FN:38,(anonymous_2)
FN:42,checkOldPassword
FN:47,(anonymous_4)
FN:61,updatePassword
FN:62,(anonymous_6)
FN:73,success
FNF:7
FNH:0
FNDA:0,(anonymous_1)
FNDA:0,(anonymous_2)
FNDA:0,checkOldPassword
FNDA:0,(anonymous_4)
FNDA:0,updatePassword
FNDA:0,(anonymous_6)
FNDA:0,success
DA:6,1
DA:23,1
DA:25,0
DA:26,0
DA:27,0
DA:29,0
DA:32,0
DA:34,0
DA:39,0
DA:42,1
DA:44,0
DA:45,0
DA:47,0
DA:48,0
DA:49,0
DA:50,0
DA:51,0
DA:52,0
DA:53,0
DA:55,0
DA:61,1
DA:62,0
DA:63,0
DA:64,0
DA:65,0
DA:66,0
DA:68,0
DA:73,1
DA:74,0
LF:29
LH:5
BRDA:26,1,0,0
BRDA:26,1,1,0
BRDA:26,2,0,0
BRDA:26,2,1,0
BRDA:44,3,0,0
BRDA:44,3,1,0
BRDA:44,4,0,0
BRDA:44,4,1,0
BRDA:48,5,0,0
BRDA:48,5,1,0
BRDA:50,6,0,0
BRDA:50,6,1,0
BRDA:52,7,0,0
BRDA:52,7,1,0
BRDA:63,8,0,0
BRDA:63,8,1,0
BRDA:65,9,0,0
BRDA:65,9,1,0
BRF:18
BRH:0
end_of_record
TN:
SF:/home/techuz/Nirav/data_viz/Code/Backend/node_boilerplate/modules/password/controllers/password/check.current.password.controller.js
FN:19,(anonymous_1)
FN:24,(anonymous_2)
FNF:2
FNH:0
FNDA:0,(anonymous_1)
FNDA:0,(anonymous_2)
DA:6,1
DA:19,1
DA:21,0
DA:22,0
DA:24,0
DA:25,0
DA:26,0
DA:27,0
DA:28,0
DA:29,0
DA:30,0
DA:32,0
LF:12
LH:2
BRDA:21,1,0,0
BRDA:21,1,1,0
BRDA:25,2,0,0
BRDA:25,2,1,0
BRDA:27,3,0,0
BRDA:27,3,1,0
BRDA:29,4,0,0
BRDA:29,4,1,0
BRF:8
BRH:0
end_of_record
TN:
SF:/home/techuz/Nirav/data_viz/Code/Backend/node_boilerplate/modules/user/routes/user.js
FN:11,(anonymous_1)
FNF:1
FNH:1
FNDA:1,(anonymous_1)
DA:7,1
DA:8,1
DA:9,1
DA:11,1
DA:13,1
DA:15,1
DA:21,1
DA:27,1
DA:33,1
DA:43,1
LF:10
LH:10
BRF:0
BRH:0
end_of_record
TN:
SF:/home/techuz/Nirav/data_viz/Code/Backend/node_boilerplate/modules/user/validate/userValidate.js
FNF:0
FNH:0
DA:6,1
DA:11,1
LF:2
LH:2
BRF:0
BRH:0
end_of_record
TN:
SF:/home/techuz/Nirav/data_viz/Code/Backend/node_boilerplate/modules/user/validate/user/registerUser.js
FN:3,(anonymous_1)
FNF:1
FNH:0
FNDA:0,(anonymous_1)
DA:3,1
DA:5,0
DA:27,0
DA:28,0
DA:29,0
DA:30,0
DA:32,0
LF:7
LH:1
BRDA:29,1,0,0
BRDA:29,1,1,0
BRF:2
BRH:0
end_of_record
TN:
SF:/home/techuz/Nirav/data_viz/Code/Backend/node_boilerplate/modules/user/controllers/user/user.register.controller.js
FN:28,(anonymous_1)
FN:39,(anonymous_2)
FN:55,(anonymous_3)
FN:61,dbBegin
FN:62,(anonymous_5)
FN:71,checkEmailExists
FN:72,(anonymous_7)
FN:84,userRegister
FN:85,(anonymous_9)
FN:94,login
FN:126,(anonymous_11)
FN:137,dbCommit
FN:138,(anonymous_13)
FN:148,success
FN:155,sendParentRegistrationMail
FNF:15
FNH:0
FNDA:0,(anonymous_1)
FNDA:0,(anonymous_2)
FNDA:0,(anonymous_3)
FNDA:0,dbBegin
FNDA:0,(anonymous_5)
FNDA:0,checkEmailExists
FNDA:0,(anonymous_7)
FNDA:0,userRegister
FNDA:0,(anonymous_9)
FNDA:0,login
FNDA:0,(anonymous_11)
FNDA:0,dbCommit
FNDA:0,(anonymous_13)
FNDA:0,success
FNDA:0,sendParentRegistrationMail
DA:6,1
DA:28,1
DA:30,0
DA:31,0
DA:32,0
DA:33,0
DA:36,0
DA:39,0
DA:42,0
DA:43,0
DA:44,0
DA:45,0
DA:48,0
DA:56,0
DA:57,0
DA:61,1
DA:62,0
DA:63,0
DA:64,0
DA:66,0
DA:71,1
DA:72,0
DA:73,0
DA:74,0
DA:75,0
DA:76,0
DA:77,0
DA:79,0
DA:84,1
DA:85,0
DA:86,0
DA:87,0
DA:89,0
DA:94,1
DA:96,0
DA:105,0
DA:114,0
DA:118,0
DA:126,0
DA:127,0
DA:128,0
DA:129,0
DA:130,0
DA:132,0
DA:137,1
DA:138,0
DA:139,0
DA:140,0
DA:142,0
DA:143,0
DA:148,1
DA:150,0
DA:155,1
DA:156,0
DA:159,0
DA:160,0
DA:161,0
DA:163,0
LF:58
LH:9
BRDA:42,1,0,0
BRDA:42,1,1,0
BRDA:63,2,0,0
BRDA:63,2,1,0
BRDA:73,3,0,0
BRDA:73,3,1,0
BRDA:75,4,0,0
BRDA:75,4,1,0
BRDA:86,5,0,0
BRDA:86,5,1,0
BRDA:98,6,0,0
BRDA:98,6,1,0
BRDA:99,7,0,0
BRDA:99,7,1,0
BRDA:106,8,0,0
BRDA:106,8,1,0
BRDA:107,9,0,0
BRDA:107,9,1,0
BRDA:127,10,0,0
BRDA:127,10,1,0
BRDA:139,11,0,0
BRDA:139,11,1,0
BRDA:160,12,0,0
BRDA:160,12,1,0
BRF:24
BRH:0
end_of_record
TN:
SF:/home/techuz/Nirav/data_viz/Code/Backend/node_boilerplate/modules/user/controllers/user/user.get.controller.js
FN:13,(anonymous_1)
FN:16,(anonymous_2)
FN:17,(anonymous_3)
FN:25,(anonymous_4)
FN:26,(anonymous_5)
FN:35,(anonymous_6)
FNF:6
FNH:0
FNDA:0,(anonymous_1)
FNDA:0,(anonymous_2)
FNDA:0,(anonymous_3)
FNDA:0,(anonymous_4)
FNDA:0,(anonymous_5)
FNDA:0,(anonymous_6)
DA:6,1
DA:13,1
DA:15,0
DA:17,0
DA:18,0
DA:19,0
DA:21,0
DA:26,0
DA:27,0
DA:28,0
DA:30,0
DA:36,0
DA:37,0
DA:39,0
DA:40,0
DA:41,0
DA:42,0
DA:44,0
DA:45,0
DA:46,0
DA:48,0
DA:51,0
LF:22
LH:2
BRDA:18,1,0,0
BRDA:18,1,1,0
BRDA:27,2,0,0
BRDA:27,2,1,0
BRDA:36,3,0,0
BRDA:36,3,1,0
BRDA:41,4,0,0
BRDA:41,4,1,0
BRDA:45,5,0,0
BRDA:45,5,1,0
BRF:10
BRH:0
end_of_record
TN:
SF:/home/techuz/Nirav/data_viz/Code/Backend/node_boilerplate/modules/user/controllers/user/user.update.controller.js
FN:17,(anonymous_1)
FN:21,(anonymous_2)
FN:36,(anonymous_3)
FN:42,dbBegin
FN:43,(anonymous_5)
FN:52,chekcUserExists
FN:53,(anonymous_7)
FN:65,updateUser
FN:66,(anonymous_9)
FN:75,dbCommit
FN:76,(anonymous_11)
FN:86,success
FNF:12
FNH:0
FNDA:0,(anonymous_1)
FNDA:0,(anonymous_2)
FNDA:0,(anonymous_3)
FNDA:0,dbBegin
FNDA:0,(anonymous_5)
FNDA:0,chekcUserExists
FNDA:0,(anonymous_7)
FNDA:0,updateUser
FNDA:0,(anonymous_9)
FNDA:0,dbCommit
FNDA:0,(anonymous_11)
FNDA:0,success
DA:6,1
DA:17,1
DA:19,0
DA:21,0
DA:24,0
DA:25,0
DA:26,0
DA:27,0
DA:30,0
DA:37,0
DA:38,0
DA:42,1
DA:43,0
DA:44,0
DA:45,0
DA:47,0
DA:52,1
DA:53,0
DA:54,0
DA:55,0
DA:56,0
DA:57,0
DA:58,0
DA:60,0
DA:65,1
DA:66,0
DA:67,0
DA:68,0
DA:70,0
DA:75,1
DA:76,0
DA:77,0
DA:78,0
DA:80,0
DA:81,0
DA:86,1
DA:87,0
LF:37
LH:7
BRDA:24,1,0,0
BRDA:24,1,1,0
BRDA:44,2,0,0
BRDA:44,2,1,0
BRDA:54,3,0,0
BRDA:54,3,1,0
BRDA:56,4,0,0
BRDA:56,4,1,0
BRDA:67,5,0,0
BRDA:67,5,1,0
BRDA:77,6,0,0
BRDA:77,6,1,0
BRF:12
BRH:0
end_of_record
TN:
SF:/home/techuz/Nirav/data_viz/Code/Backend/node_boilerplate/modules/user/controllers/user/user.delete.controller.js
FN:16,(anonymous_1)
FN:18,(anonymous_2)
FNF:2
FNH:0
FNDA:0,(anonymous_1)
FNDA:0,(anonymous_2)
DA:6,1
DA:16,1
DA:17,0
DA:18,0
DA:19,0
DA:20,0
DA:21,0
DA:23,0
DA:25,0
LF:9
LH:2
BRDA:19,1,0,0
BRDA:19,1,1,0
BRDA:20,2,0,0
BRDA:20,2,1,0
BRF:4
BRH:0
end_of_record
TN:
SF:/home/techuz/Nirav/data_viz/Code/Backend/node_boilerplate/modules/user/controllers/user/admin.register.controller.js
FN:31,(anonymous_1)
FN:44,(anonymous_2)
FN:60,(anonymous_3)
FN:66,dbBegin
FN:67,(anonymous_5)
FN:76,checkEmailExists
FN:77,(anonymous_7)
FN:89,userRegister
FN:90,(anonymous_9)
FN:99,login
FN:131,(anonymous_11)
FN:142,dbCommit
FN:143,(anonymous_13)
FN:153,success
FN:160,sendParentRegistrationMail
FNF:15
FNH:0
FNDA:0,(anonymous_1)
FNDA:0,(anonymous_2)
FNDA:0,(anonymous_3)
FNDA:0,dbBegin
FNDA:0,(anonymous_5)
FNDA:0,checkEmailExists
FNDA:0,(anonymous_7)
FNDA:0,userRegister
FNDA:0,(anonymous_9)
FNDA:0,login
FNDA:0,(anonymous_11)
FNDA:0,dbCommit
FNDA:0,(anonymous_13)
FNDA:0,success
FNDA:0,sendParentRegistrationMail
DA:6,1
DA:31,1
DA:33,0
DA:34,0
DA:35,0
DA:38,0
DA:41,0
DA:44,0
DA:47,0
DA:48,0
DA:49,0
DA:50,0
DA:53,0
DA:61,0
DA:62,0
DA:66,1
DA:67,0
DA:68,0
DA:69,0
DA:71,0
DA:76,1
DA:77,0
DA:78,0
DA:79,0
DA:80,0
DA:81,0
DA:82,0
DA:84,0
DA:89,1
DA:90,0
DA:91,0
DA:92,0
DA:94,0
DA:99,1
DA:101,0
DA:110,0
DA:119,0
DA:123,0
DA:131,0
DA:132,0
DA:133,0
DA:134,0
DA:135,0
DA:137,0
DA:142,1
DA:143,0
DA:144,0
DA:145,0
DA:147,0
DA:148,0
DA:153,1
DA:155,0
DA:160,1
DA:161,0
DA:164,0
DA:165,0
DA:166,0
DA:168,0
LF:58
LH:9
BRDA:47,1,0,0
BRDA:47,1,1,0
BRDA:68,2,0,0
BRDA:68,2,1,0
BRDA:78,3,0,0
BRDA:78,3,1,0
BRDA:80,4,0,0
BRDA:80,4,1,0
BRDA:91,5,0,0
BRDA:91,5,1,0
BRDA:103,6,0,0
BRDA:103,6,1,0
BRDA:104,7,0,0
BRDA:104,7,1,0
BRDA:111,8,0,0
BRDA:111,8,1,0
BRDA:112,9,0,0
BRDA:112,9,1,0
BRDA:132,10,0,0
BRDA:132,10,1,0
BRDA:144,11,0,0
BRDA:144,11,1,0
BRDA:165,12,0,0
BRDA:165,12,1,0
BRF:24
BRH:0
end_of_record
TN:
SF:/home/techuz/Nirav/data_viz/Code/Backend/node_boilerplate/modules/user/controllers/user/common.controller.js
FN:17,(anonymous_1)
FN:19,(anonymous_2)
FNF:2
FNH:0
FNDA:0,(anonymous_1)
FNDA:0,(anonymous_2)
DA:6,1
DA:17,1
DA:18,0
DA:19,0
DA:20,0
DA:21,0
DA:22,0
DA:23,0
DA:24,0
DA:26,0
LF:10
LH:2
BRDA:21,1,0,0
BRDA:21,1,1,0
BRDA:23,2,0,0
BRDA:23,2,1,0
BRF:4
BRH:0
end_of_record
TN:
SF:/home/techuz/Nirav/data_viz/Code/Backend/node_boilerplate/modules/user/controllers/user/user.team.controller.js
FN:18,(anonymous_1)
FN:19,(anonymous_2)
FN:34,(anonymous_3)
FN:35,(anonymous_4)
FNF:4
FNH:0
FNDA:0,(anonymous_1)
FNDA:0,(anonymous_2)
FNDA:0,(anonymous_3)
FNDA:0,(anonymous_4)
DA:6,1
DA:18,1
DA:19,0
DA:20,0
DA:21,0
DA:23,0
DA:34,1
DA:35,0
DA:36,0
DA:37,0
DA:39,0
LF:11
LH:3
BRDA:20,1,0,0
BRDA:20,1,1,0
BRDA:36,2,0,0
BRDA:36,2,1,0
BRF:4
BRH:0
end_of_record
TN:
SF:/home/techuz/Nirav/data_viz/Code/Backend/node_boilerplate/modules/common/routes/common.js
FN:14,(anonymous_1)
FNF:1
FNH:1
FNDA:1,(anonymous_1)
DA:7,1
DA:14,1
DA:17,1
DA:20,1
DA:27,1
LF:5
LH:5
BRF:0
BRH:0
end_of_record
TN:
SF:/home/techuz/Nirav/data_viz/Code/Backend/node_boilerplate/modules/common/validate/commonValidate.js
FNF:0
FNH:0
DA:6,1
DA:11,1
LF:2
LH:2
BRF:0
BRH:0
end_of_record
TN:
SF:/home/techuz/Nirav/data_viz/Code/Backend/node_boilerplate/modules/common/validate/common/checkImage.js
FN:3,(anonymous_1)
FNF:1
FNH:0
FNDA:0,(anonymous_1)
DA:3,1
DA:5,0
DA:12,0
DA:13,0
DA:14,0
DA:15,0
DA:17,0
LF:7
LH:1
BRDA:14,1,0,0
BRDA:14,1,1,0
BRF:2
BRH:0
end_of_record
TN:
SF:/home/techuz/Nirav/data_viz/Code/Backend/node_boilerplate/modules/common/controllers/commonController.js
FNF:0
FNH:0
DA:6,1
DA:11,1
LF:2
LH:2
BRF:0
BRH:0
end_of_record
TN:
SF:/home/techuz/Nirav/data_viz/Code/Backend/node_boilerplate/modules/common/controllers/common/upload.controller.js
FN:15,(anonymous_1)
FN:38,(anonymous_2)
FN:53,(anonymous_3)
FNF:3
FNH:0
FNDA:0,(anonymous_1)
FNDA:0,(anonymous_2)
FNDA:0,(anonymous_3)
DA:6,1
DA:15,1
DA:16,0
DA:17,0
DA:19,0
DA:20,0
DA:23,0
DA:24,0
DA:27,0
DA:28,0
DA:33,0
DA:35,0
DA:36,0
DA:38,0
DA:39,0
DA:40,0
DA:42,0
DA:43,0
DA:44,0
DA:45,0
DA:53,1
DA:54,0
DA:55,0
DA:56,0
DA:57,0
DA:58,0
DA:61,0
LF:27
LH:3
BRDA:17,1,0,0
BRDA:17,1,1,0
BRDA:19,2,0,0
BRDA:19,2,1,0
BRDA:27,3,0,0
BRDA:27,3,1,0
BRDA:27,4,0,0
BRDA:27,4,1,0
BRDA:27,4,2,0
BRDA:39,5,0,0
BRDA:39,5,1,0
BRDA:55,6,0,0
BRDA:55,6,1,0
BRF:13
BRH:0
end_of_record
TN:
SF:/home/techuz/Nirav/data_viz/Code/Backend/node_boilerplate/modules/country/routes/country.js
FN:11,(anonymous_1)
FNF:1
FNH:1
FNDA:1,(anonymous_1)
DA:7,1
DA:8,1
DA:9,1
DA:11,1
DA:13,1
DA:15,1
DA:24,1
LF:7
LH:7
BRF:0
BRH:0
end_of_record
TN:
SF:/home/techuz/Nirav/data_viz/Code/Backend/node_boilerplate/modules/country/validate/countryValidate.js
FNF:0
FNH:0
DA:6,1
DA:11,1
LF:2
LH:2
BRF:0
BRH:0
end_of_record
TN:
SF:/home/techuz/Nirav/data_viz/Code/Backend/node_boilerplate/modules/country/validate/country/country.add.js
FN:3,(anonymous_1)
FNF:1
FNH:0
FNDA:0,(anonymous_1)
DA:3,1
DA:5,0
DA:16,0
DA:17,0
DA:18,0
DA:19,0
DA:21,0
LF:7
LH:1
BRDA:18,1,0,0
BRDA:18,1,1,0
BRF:2
BRH:0
end_of_record
TN:
SF:/home/techuz/Nirav/data_viz/Code/Backend/node_boilerplate/modules/country/controllers/countryController.js
FNF:0
FNH:0
DA:6,1
DA:11,1
LF:2
LH:2
BRF:0
BRH:0
end_of_record
TN:
SF:/home/techuz/Nirav/data_viz/Code/Backend/node_boilerplate/modules/country/controllers/country/country.add.controller.js
FN:15,(anonymous_1)
FN:19,(anonymous_2)
FN:24,checkCountryExists
FN:25,(anonymous_4)
FN:36,addCountry
FN:37,(anonymous_6)
FNF:6
FNH:0
FNDA:0,(anonymous_1)
FNDA:0,(anonymous_2)
FNDA:0,checkCountryExists
FNDA:0,(anonymous_4)
FNDA:0,addCountry
FNDA:0,(anonymous_6)
DA:6,1
DA:15,1
DA:16,0
DA:20,0
DA:24,1
DA:25,0
DA:26,0
DA:27,0
DA:28,0
DA:29,0
DA:31,0
DA:36,1
DA:37,0
DA:38,0
DA:39,0
DA:41,0
LF:16
LH:4
BRDA:26,1,0,0
BRDA:26,1,1,0
BRDA:28,2,0,0
BRDA:28,2,1,0
BRDA:38,3,0,0
BRDA:38,3,1,0
BRF:6
BRH:0
end_of_record
TN:
SF:/home/techuz/Nirav/data_viz/Code/Backend/node_boilerplate/models/Country.js
FN:16,(anonymous_1)
FN:19,(anonymous_2)
FN:28,(anonymous_3)
FN:38,(anonymous_4)
FN:47,(anonymous_5)
FN:78,(anonymous_6)
FN:88,(anonymous_7)
FN:91,(anonymous_8)
FN:100,(anonymous_9)
FN:103,(anonymous_10)
FN:113,(anonymous_11)
FN:129,(anonymous_12)
FN:153,(anonymous_13)
FN:161,(anonymous_14)
FN:173,(anonymous_15)
FN:180,(anonymous_16)
FNF:16
FNH:4
FNDA:0,(anonymous_1)
FNDA:0,(anonymous_2)
FNDA:1,(anonymous_3)
FNDA:1,(anonymous_4)
FNDA:1,(anonymous_5)
FNDA:1,(anonymous_6)
FNDA:0,(anonymous_7)
FNDA:0,(anonymous_8)
FNDA:0,(anonymous_9)
FNDA:0,(anonymous_10)
FNDA:0,(anonymous_11)
FNDA:0,(anonymous_12)
FNDA:0,(anonymous_13)
FNDA:0,(anonymous_14)
FNDA:0,(anonymous_15)
FNDA:0,(anonymous_16)
DA:6,1
DA:16,1
DA:18,0
DA:19,0
DA:20,0
DA:21,0
DA:23,0
DA:28,1
DA:29,1
DA:30,1
DA:31,0
DA:34,1
DA:38,1
DA:39,1
DA:40,0
DA:42,1
DA:47,1
DA:48,1
DA:49,1
DA:50,1
DA:51,1
DA:52,1
DA:54,1
DA:55,1
DA:56,0
DA:58,1
DA:59,1
DA:60,0
DA:62,1
DA:63,0
DA:65,1
DA:66,1
DA:67,0
DA:68,0
DA:71,1
DA:73,1
DA:78,1
DA:79,1
DA:80,0
DA:82,1
DA:88,1
DA:90,0
DA:91,0
DA:92,0
DA:93,0
DA:95,0
DA:100,1
DA:102,0
DA:103,0
DA:104,0
DA:105,0
DA:107,0
DA:113,1
DA:115,0
DA:125,0
DA:129,0
DA:130,0
DA:131,0
DA:133,0
DA:139,1
DA:140,0
DA:148,0
DA:152,0
DA:153,0
DA:154,0
DA:155,0
DA:157,0
DA:161,0
DA:162,0
DA:163,0
DA:165,0
DA:173,1
DA:174,0
DA:180,0
DA:181,0
DA:182,0
DA:184,0
LF:77
LH:32
BRDA:20,1,0,0
BRDA:20,1,1,0
BRDA:30,2,0,0
BRDA:30,2,1,1
BRDA:39,3,0,0
BRDA:39,3,1,1
BRDA:49,4,0,0
BRDA:49,4,1,1
BRDA:50,5,0,0
BRDA:50,5,1,1
BRDA:51,6,0,1
BRDA:51,6,1,0
BRDA:55,7,0,0
BRDA:55,7,1,1
BRDA:59,8,0,0
BRDA:59,8,1,1
BRDA:62,9,0,0
BRDA:62,9,1,1
BRDA:66,10,0,0
BRDA:66,10,1,1
BRDA:67,11,0,0
BRDA:67,11,1,0
BRDA:79,12,0,0
BRDA:79,12,1,1
BRDA:92,13,0,0
BRDA:92,13,1,0
BRDA:104,14,0,0
BRDA:104,14,1,0
BRDA:130,15,0,0
BRDA:130,15,1,0
BRDA:152,16,0,0
BRDA:152,16,1,0
BRDA:154,17,0,0
BRDA:154,17,1,0
BRDA:162,18,0,0
BRDA:162,18,1,0
BRDA:181,19,0,0
BRDA:181,19,1,0
BRF:38
BRH:10
end_of_record
TN:
SF:/home/techuz/Nirav/data_viz/Code/Backend/node_boilerplate/modules/country/controllers/country/country.modify.controller.js
FN:17,(anonymous_1)
FN:20,(anonymous_2)
FN:36,(anonymous_3)
FN:42,dbBegin
FN:43,(anonymous_5)
FN:52,checkCountryExistsById
FN:53,(anonymous_7)
FN:65,checkCountryExistsByName
FN:66,(anonymous_9)
FN:78,updateCountry
FN:79,(anonymous_11)
FN:88,dbCommit
FN:89,(anonymous_13)
FN:99,success
FNF:14
FNH:0
FNDA:0,(anonymous_1)
FNDA:0,(anonymous_2)
FNDA:0,(anonymous_3)
FNDA:0,dbBegin
FNDA:0,(anonymous_5)
FNDA:0,checkCountryExistsById
FNDA:0,(anonymous_7)
FNDA:0,checkCountryExistsByName
FNDA:0,(anonymous_9)
FNDA:0,updateCountry
FNDA:0,(anonymous_11)
FNDA:0,dbCommit
FNDA:0,(anonymous_13)
FNDA:0,success
DA:6,1
DA:17,1
DA:18,0
DA:20,0
DA:23,0
DA:24,0
DA:25,0
DA:26,0
DA:29,0
DA:37,0
DA:38,0
DA:42,1
DA:43,0
DA:44,0
DA:45,0
DA:47,0
DA:52,1
DA:53,0
DA:54,0
DA:55,0
DA:56,0
DA:57,0
DA:58,0
DA:60,0
DA:65,1
DA:66,0
DA:67,0
DA:68,0
DA:69,0
DA:70,0
DA:71,0
DA:73,0
DA:78,1
DA:79,0
DA:80,0
DA:81,0
DA:83,0
DA:88,1
DA:89,0
DA:90,0
DA:91,0
DA:93,0
DA:94,0
DA:99,1
DA:100,0
LF:45
LH:8
BRDA:23,1,0,0
BRDA:23,1,1,0
BRDA:44,2,0,0
BRDA:44,2,1,0
BRDA:54,3,0,0
BRDA:54,3,1,0
BRDA:56,4,0,0
BRDA:56,4,1,0
BRDA:67,5,0,0
BRDA:67,5,1,0
BRDA:69,6,0,0
BRDA:69,6,1,0
BRDA:80,7,0,0
BRDA:80,7,1,0
BRDA:90,8,0,0
BRDA:90,8,1,0
BRF:16
BRH:0
end_of_record
TN:
SF:/home/techuz/Nirav/data_viz/Code/Backend/node_boilerplate/modules/country/controllers/country/country.get.controller.js
FN:13,(anonymous_1)
FN:16,(anonymous_2)
FN:17,(anonymous_3)
FN:25,(anonymous_4)
FN:26,(anonymous_5)
FN:35,(anonymous_6)
FNF:6
FNH:6
FNDA:1,(anonymous_1)
FNDA:1,(anonymous_2)
FNDA:1,(anonymous_3)
FNDA:1,(anonymous_4)
FNDA:1,(anonymous_5)
FNDA:1,(anonymous_6)
DA:6,1
DA:13,1
DA:15,1
DA:17,1
DA:18,1
DA:19,0
DA:21,1
DA:26,1
DA:27,1
DA:28,0
DA:30,1
DA:36,1
DA:37,0
DA:39,1
DA:40,1
DA:41,1
DA:42,1
DA:44,1
DA:45,1
DA:46,0
DA:48,1
DA:51,1
LF:22
LH:18
BRDA:18,1,0,0
BRDA:18,1,1,1
BRDA:27,2,0,0
BRDA:27,2,1,1
BRDA:36,3,0,0
BRDA:36,3,1,1
BRDA:41,4,0,0
BRDA:41,4,1,1
BRDA:45,5,0,0
BRDA:45,5,1,1
BRF:10
BRH:5
end_of_record
TN:
SF:/home/techuz/Nirav/data_viz/Code/Backend/node_boilerplate/modules/country/controllers/country/country.delete.controller.js
FN:16,(anonymous_1)
FN:17,(anonymous_2)
FNF:2
FNH:0
FNDA:0,(anonymous_1)
FNDA:0,(anonymous_2)
DA:6,1
DA:16,1
DA:17,0
DA:18,0
DA:19,0
DA:20,0
DA:22,0
DA:24,0
LF:8
LH:2
BRDA:18,1,0,0
BRDA:18,1,1,0
BRDA:19,2,0,0
BRDA:19,2,1,0
BRF:4
BRH:0
end_of_record
TN:
SF:/home/techuz/Nirav/data_viz/Code/Backend/node_boilerplate/modules/country/controllers/country/common.controller.js
FN:12,(anonymous_1)
FNF:1
FNH:0
FNDA:0,(anonymous_1)
DA:6,1
DA:12,1
DA:14,0
LF:3
LH:2
BRF:0
BRH:0
end_of_record
TN:
SF:/home/techuz/Nirav/data_viz/Code/Backend/node_boilerplate/modules/university/routes/university.js
FN:11,(anonymous_1)
FNF:1
FNH:1
FNDA:1,(anonymous_1)
DA:7,1
DA:8,1
DA:9,1
DA:11,1
DA:13,1
DA:16,1
DA:25,1
LF:7
LH:7
BRF:0
BRH:0
end_of_record
TN:
SF:/home/techuz/Nirav/data_viz/Code/Backend/node_boilerplate/modules/university/validate/universityValidate.js
FNF:0
FNH:0
DA:6,1
DA:11,1
LF:2
LH:2
BRF:0
BRH:0
end_of_record
TN:
SF:/home/techuz/Nirav/data_viz/Code/Backend/node_boilerplate/modules/university/validate/university/university.add.js
FN:5,(anonymous_1)
FNF:1
FNH:0
FNDA:0,(anonymous_1)
DA:2,1
DA:5,1
DA:7,0
DA:22,0
DA:23,0
DA:24,0
DA:25,0
DA:27,0
LF:8
LH:2
BRDA:24,1,0,0
BRDA:24,1,1,0
BRF:2
BRH:0
end_of_record
TN:
SF:/home/techuz/Nirav/data_viz/Code/Backend/node_boilerplate/modules/university/controllers/universityController.js
FNF:0
FNH:0
DA:6,1
DA:11,1
LF:2
LH:2
BRF:0
BRH:0
end_of_record
TN:
SF:/home/techuz/Nirav/data_viz/Code/Backend/node_boilerplate/modules/university/controllers/university/university.add.controller.js
FN:15,(anonymous_1)
FN:19,(anonymous_2)
FN:24,checkUniversityExistsByName
FN:25,(anonymous_4)
FN:36,addUniversity
FN:37,(anonymous_6)
FNF:6
FNH:0
FNDA:0,(anonymous_1)
FNDA:0,(anonymous_2)
FNDA:0,checkUniversityExistsByName
FNDA:0,(anonymous_4)
FNDA:0,addUniversity
FNDA:0,(anonymous_6)
DA:6,1
DA:15,1
DA:16,0
DA:20,0
DA:24,1
DA:25,0
DA:26,0
DA:27,0
DA:28,0
DA:29,0
DA:31,0
DA:36,1
DA:37,0
DA:38,0
DA:39,0
DA:41,0
LF:16
LH:4
BRDA:26,1,0,0
BRDA:26,1,1,0
BRDA:28,2,0,0
BRDA:28,2,1,0
BRDA:38,3,0,0
BRDA:38,3,1,0
BRF:6
BRH:0
end_of_record
TN:
SF:/home/techuz/Nirav/data_viz/Code/Backend/node_boilerplate/models/University.js
FN:15,(anonymous_1)
FN:18,(anonymous_2)
FN:27,(anonymous_3)
FN:41,(anonymous_4)
FN:50,(anonymous_5)
FN:84,(anonymous_6)
FN:93,(anonymous_7)
FN:96,(anonymous_8)
FN:105,(anonymous_9)
FN:108,(anonymous_10)
FN:121,(anonymous_11)
FN:139,(anonymous_12)
FN:167,(anonymous_13)
FN:175,(anonymous_14)
FN:187,(anonymous_15)
FN:194,(anonymous_16)
FNF:16
FNH:4
FNDA:0,(anonymous_1)
FNDA:0,(anonymous_2)
FNDA:1,(anonymous_3)
FNDA:1,(anonymous_4)
FNDA:1,(anonymous_5)
FNDA:1,(anonymous_6)
FNDA:0,(anonymous_7)
FNDA:0,(anonymous_8)
FNDA:0,(anonymous_9)
FNDA:0,(anonymous_10)
FNDA:0,(anonymous_11)
FNDA:0,(anonymous_12)
FNDA:0,(anonymous_13)
FNDA:0,(anonymous_14)
FNDA:0,(anonymous_15)
FNDA:0,(anonymous_16)
DA:6,1
DA:15,1
DA:16,0
DA:17,0
DA:18,0
DA:19,0
DA:20,0
DA:22,0
DA:27,1
DA:28,1
DA:29,1
DA:30,0
DA:33,1
DA:34,0
DA:37,1
DA:41,1
DA:42,1
DA:43,0
DA:45,1
DA:50,1
DA:51,1
DA:52,1
DA:53,1
DA:54,1
DA:55,1
DA:57,1
DA:58,1
DA:59,0
DA:61,1
DA:62,1
DA:63,0
DA:65,1
DA:66,0
DA:68,1
DA:69,0
DA:71,1
DA:72,1
DA:73,0
DA:74,0
DA:77,1
DA:79,1
DA:84,1
DA:85,1
DA:86,0
DA:88,1
DA:93,1
DA:95,0
DA:96,0
DA:97,0
DA:98,0
DA:100,0
DA:105,1
DA:107,0
DA:108,0
DA:109,0
DA:110,0
DA:112,0
DA:121,1
DA:123,0
DA:134,0
DA:139,0
DA:140,0
DA:141,0
DA:143,0
DA:149,1
DA:150,0
DA:160,0
DA:166,0
DA:167,0
DA:168,0
DA:169,0
DA:171,0
DA:175,0
DA:176,0
DA:177,0
DA:179,0
DA:187,1
DA:188,0
DA:194,0
DA:195,0
DA:196,0
DA:198,0
LF:82
LH:34
BRDA:16,1,0,0
BRDA:16,1,1,0
BRDA:19,2,0,0
BRDA:19,2,1,0
BRDA:29,3,0,0
BRDA:29,3,1,1
BRDA:33,4,0,0
BRDA:33,4,1,1
BRDA:42,5,0,0
BRDA:42,5,1,1
BRDA:52,6,0,0
BRDA:52,6,1,1
BRDA:53,7,0,0
BRDA:53,7,1,1
BRDA:54,8,0,1
BRDA:54,8,1,0
BRDA:58,9,0,0
BRDA:58,9,1,1
BRDA:62,10,0,0
BRDA:62,10,1,1
BRDA:65,11,0,0
BRDA:65,11,1,1
BRDA:68,12,0,0
BRDA:68,12,1,1
BRDA:72,13,0,0
BRDA:72,13,1,1
BRDA:73,14,0,0
BRDA:73,14,1,0
BRDA:85,15,0,0
BRDA:85,15,1,1
BRDA:97,16,0,0
BRDA:97,16,1,0
BRDA:109,17,0,0
BRDA:109,17,1,0
BRDA:137,18,0,0
BRDA:137,18,1,0
BRDA:140,19,0,0
BRDA:140,19,1,0
BRDA:163,20,0,0
BRDA:163,20,1,0
BRDA:166,21,0,0
BRDA:166,21,1,0
BRDA:168,22,0,0
BRDA:168,22,1,0
BRDA:176,23,0,0
BRDA:176,23,1,0
BRDA:195,24,0,0
BRDA:195,24,1,0
BRF:48
BRH:12
end_of_record
TN:
SF:/home/techuz/Nirav/data_viz/Code/Backend/node_boilerplate/modules/university/controllers/university/university.modify.controller.js
FN:17,(anonymous_1)
FN:20,(anonymous_2)
FN:36,(anonymous_3)
FN:42,dbBegin
FN:43,(anonymous_5)
FN:52,checkUniversityExistsById
FN:53,(anonymous_7)
FN:65,checkUniversityExistsByName
FN:66,(anonymous_9)
FN:78,updateUniversity
FN:79,(anonymous_11)
FN:88,dbCommit
FN:89,(anonymous_13)
FN:99,success
FNF:14
FNH:0
FNDA:0,(anonymous_1)
FNDA:0,(anonymous_2)
FNDA:0,(anonymous_3)
FNDA:0,dbBegin
FNDA:0,(anonymous_5)
FNDA:0,checkUniversityExistsById
FNDA:0,(anonymous_7)
FNDA:0,checkUniversityExistsByName
FNDA:0,(anonymous_9)
FNDA:0,updateUniversity
FNDA:0,(anonymous_11)
FNDA:0,dbCommit
FNDA:0,(anonymous_13)
FNDA:0,success
DA:6,1
DA:17,1
DA:18,0
DA:20,0
DA:23,0
DA:24,0
DA:25,0
DA:26,0
DA:29,0
DA:37,0
DA:38,0
DA:42,1
DA:43,0
DA:44,0
DA:45,0
DA:47,0
DA:52,1
DA:53,0
DA:54,0
DA:55,0
DA:56,0
DA:57,0
DA:58,0
DA:60,0
DA:65,1
DA:66,0
DA:67,0
DA:68,0
DA:69,0
DA:70,0
DA:71,0
DA:73,0
DA:78,1
DA:79,0
DA:80,0
DA:81,0
DA:83,0
DA:88,1
DA:89,0
DA:90,0
DA:91,0
DA:93,0
DA:94,0
DA:99,1
DA:100,0
LF:45
LH:8
BRDA:23,1,0,0
BRDA:23,1,1,0
BRDA:44,2,0,0
BRDA:44,2,1,0
BRDA:54,3,0,0
BRDA:54,3,1,0
BRDA:56,4,0,0
BRDA:56,4,1,0
BRDA:67,5,0,0
BRDA:67,5,1,0
BRDA:69,6,0,0
BRDA:69,6,1,0
BRDA:80,7,0,0
BRDA:80,7,1,0
BRDA:90,8,0,0
BRDA:90,8,1,0
BRF:16
BRH:0
end_of_record
TN:
SF:/home/techuz/Nirav/data_viz/Code/Backend/node_boilerplate/modules/university/controllers/university/university.get.controller.js
FN:13,(anonymous_1)
FN:16,(anonymous_2)
FN:17,(anonymous_3)
FN:25,(anonymous_4)
FN:26,(anonymous_5)
FN:35,(anonymous_6)
FNF:6
FNH:6
FNDA:1,(anonymous_1)
FNDA:1,(anonymous_2)
FNDA:1,(anonymous_3)
FNDA:1,(anonymous_4)
FNDA:1,(anonymous_5)
FNDA:1,(anonymous_6)
DA:6,1
DA:13,1
DA:15,1
DA:17,1
DA:18,1
DA:19,0
DA:21,1
DA:26,1
DA:27,1
DA:28,0
DA:30,1
DA:36,1
DA:37,0
DA:39,1
DA:40,1
DA:41,1
DA:42,1
DA:44,1
DA:45,1
DA:46,0
DA:48,1
DA:51,1
LF:22
LH:18
BRDA:18,1,0,0
BRDA:18,1,1,1
BRDA:27,2,0,0
BRDA:27,2,1,1
BRDA:36,3,0,0
BRDA:36,3,1,1
BRDA:41,4,0,0
BRDA:41,4,1,1
BRDA:45,5,0,0
BRDA:45,5,1,1
BRF:10
BRH:5
end_of_record
TN:
SF:/home/techuz/Nirav/data_viz/Code/Backend/node_boilerplate/modules/university/controllers/university/university.delete.controller.js
FN:16,(anonymous_1)
FN:17,(anonymous_2)
FNF:2
FNH:0
FNDA:0,(anonymous_1)
FNDA:0,(anonymous_2)
DA:6,1
DA:16,1
DA:17,0
DA:18,0
DA:19,0
DA:20,0
DA:22,0
DA:24,0
LF:8
LH:2
BRDA:18,1,0,0
BRDA:18,1,1,0
BRDA:19,2,0,0
BRDA:19,2,1,0
BRF:4
BRH:0
end_of_record
TN:
SF:/home/techuz/Nirav/data_viz/Code/Backend/node_boilerplate/modules/university/controllers/university/common.controller.js
FN:12,(anonymous_1)
FNF:1
FNH:0
FNDA:0,(anonymous_1)
DA:6,1
DA:12,1
DA:14,0
LF:3
LH:2
BRF:0
BRH:0
end_of_record
TN:
SF:/home/techuz/Nirav/data_viz/Code/Backend/node_boilerplate/modules/category/routes/category.js
FN:11,(anonymous_1)
FNF:1
FNH:1
FNDA:1,(anonymous_1)
DA:7,1
DA:8,1
DA:9,1
DA:11,1
DA:13,1
DA:16,1
DA:25,1
LF:7
LH:7
BRF:0
BRH:0
end_of_record
TN:
SF:/home/techuz/Nirav/data_viz/Code/Backend/node_boilerplate/modules/category/validate/categoryValidate.js
FNF:0
FNH:0
DA:6,1
DA:11,1
LF:2
LH:2
BRF:0
BRH:0
end_of_record
TN:
SF:/home/techuz/Nirav/data_viz/Code/Backend/node_boilerplate/modules/category/validate/category/category.add.js
FN:5,(anonymous_1)
FNF:1
FNH:0
FNDA:0,(anonymous_1)
DA:2,1
DA:5,1
DA:7,0
DA:26,0
DA:27,0
DA:28,0
DA:29,0
DA:31,0
LF:8
LH:2
BRDA:28,1,0,0
BRDA:28,1,1,0
BRF:2
BRH:0
end_of_record
TN:
SF:/home/techuz/Nirav/data_viz/Code/Backend/node_boilerplate/modules/category/controllers/categoryController.js
FNF:0
FNH:0
DA:6,1
DA:11,1
LF:2
LH:2
BRF:0
BRH:0
end_of_record
TN:
SF:/home/techuz/Nirav/data_viz/Code/Backend/node_boilerplate/modules/category/controllers/category/category.add.controller.js
FN:15,(anonymous_1)
FN:19,(anonymous_2)
FN:24,checkCategoryExistsByNameNType
FN:25,(anonymous_4)
FN:36,addCategory
FN:37,(anonymous_6)
FNF:6
FNH:0
FNDA:0,(anonymous_1)
FNDA:0,(anonymous_2)
FNDA:0,checkCategoryExistsByNameNType
FNDA:0,(anonymous_4)
FNDA:0,addCategory
FNDA:0,(anonymous_6)
DA:6,1
DA:15,1
DA:16,0
DA:20,0
DA:24,1
DA:25,0
DA:26,0
DA:27,0
DA:28,0
DA:29,0
DA:31,0
DA:36,1
DA:37,0
DA:38,0
DA:39,0
DA:41,0
LF:16
LH:4
BRDA:26,1,0,0
BRDA:26,1,1,0
BRDA:28,2,0,0
BRDA:28,2,1,0
BRDA:38,3,0,0
BRDA:38,3,1,0
BRF:6
BRH:0
end_of_record
TN:
SF:/home/techuz/Nirav/data_viz/Code/Backend/node_boilerplate/models/Category.js
FN:15,(anonymous_1)
FN:18,(anonymous_2)
FN:27,(anonymous_3)
FN:41,(anonymous_4)
FN:50,(anonymous_5)
FN:84,(anonymous_6)
FN:93,(anonymous_7)
FN:96,(anonymous_8)
FN:105,(anonymous_9)
FN:108,(anonymous_10)
FN:118,(anonymous_11)
FN:134,(anonymous_12)
FN:160,(anonymous_13)
FN:168,(anonymous_14)
FN:180,(anonymous_15)
FN:187,(anonymous_16)
FNF:16
FNH:4
FNDA:0,(anonymous_1)
FNDA:0,(anonymous_2)
FNDA:1,(anonymous_3)
FNDA:1,(anonymous_4)
FNDA:1,(anonymous_5)
FNDA:1,(anonymous_6)
FNDA:0,(anonymous_7)
FNDA:0,(anonymous_8)
FNDA:0,(anonymous_9)
FNDA:0,(anonymous_10)
FNDA:0,(anonymous_11)
FNDA:0,(anonymous_12)
FNDA:0,(anonymous_13)
FNDA:0,(anonymous_14)
FNDA:0,(anonymous_15)
FNDA:0,(anonymous_16)
DA:6,1
DA:15,1
DA:16,0
DA:17,0
DA:18,0
DA:19,0
DA:20,0
DA:22,0
DA:27,1
DA:28,1
DA:29,1
DA:30,0
DA:33,1
DA:34,0
DA:37,1
DA:41,1
DA:42,1
DA:43,0
DA:45,1
DA:50,1
DA:51,1
DA:52,1
DA:53,1
DA:54,1
DA:55,1
DA:57,1
DA:58,1
DA:59,0
DA:61,1
DA:62,1
DA:63,0
DA:65,1
DA:66,0
DA:68,1
DA:69,0
DA:71,1
DA:72,1
DA:73,0
DA:74,0
DA:77,1
DA:79,1
DA:84,1
DA:85,1
DA:86,0
DA:88,1
DA:93,1
DA:95,0
DA:96,0
DA:97,0
DA:98,0
DA:100,0
DA:105,1
DA:107,0
DA:108,0
DA:109,0
DA:110,0
DA:112,0
DA:118,1
DA:120,0
DA:130,0
DA:134,0
DA:135,0
DA:136,0
DA:138,0
DA:144,1
DA:145,0
DA:154,0
DA:159,0
DA:160,0
DA:161,0
DA:162,0
DA:164,0
DA:168,0
DA:169,0
DA:170,0
DA:172,0
DA:180,1
DA:181,0
DA:187,0
DA:188,0
DA:189,0
DA:191,0
LF:82
LH:34
BRDA:16,1,0,0
BRDA:16,1,1,0
BRDA:19,2,0,0
BRDA:19,2,1,0
BRDA:29,3,0,0
BRDA:29,3,1,1
BRDA:33,4,0,0
BRDA:33,4,1,1
BRDA:42,5,0,0
BRDA:42,5,1,1
BRDA:52,6,0,0
BRDA:52,6,1,1
BRDA:53,7,0,0
BRDA:53,7,1,1
BRDA:54,8,0,1
BRDA:54,8,1,0
BRDA:58,9,0,0
BRDA:58,9,1,1
BRDA:62,10,0,0
BRDA:62,10,1,1
BRDA:65,11,0,0
BRDA:65,11,1,1
BRDA:68,12,0,0
BRDA:68,12,1,1
BRDA:72,13,0,0
BRDA:72,13,1,1
BRDA:73,14,0,0
BRDA:73,14,1,0
BRDA:85,15,0,0
BRDA:85,15,1,1
BRDA:97,16,0,0
BRDA:97,16,1,0
BRDA:109,17,0,0
BRDA:109,17,1,0
BRDA:135,18,0,0
BRDA:135,18,1,0
BRDA:159,19,0,0
BRDA:159,19,1,0
BRDA:161,20,0,0
BRDA:161,20,1,0
BRDA:169,21,0,0
BRDA:169,21,1,0
BRDA:188,22,0,0
BRDA:188,22,1,0
BRF:44
BRH:12
end_of_record
TN:
SF:/home/techuz/Nirav/data_viz/Code/Backend/node_boilerplate/modules/category/controllers/category/category.modify.controller.js
FN:17,(anonymous_1)
FN:20,(anonymous_2)
FN:36,(anonymous_3)
FN:42,dbBegin
FN:43,(anonymous_5)
FN:52,checkCategoryExistsById
FN:53,(anonymous_7)
FN:65,checkCategoryExistsByNameNType
FN:66,(anonymous_9)
FN:78,updateCategory
FN:79,(anonymous_11)
FN:88,dbCommit
FN:89,(anonymous_13)
FN:99,success
FNF:14
FNH:0
FNDA:0,(anonymous_1)
FNDA:0,(anonymous_2)
FNDA:0,(anonymous_3)
FNDA:0,dbBegin
FNDA:0,(anonymous_5)
FNDA:0,checkCategoryExistsById
FNDA:0,(anonymous_7)
FNDA:0,checkCategoryExistsByNameNType
FNDA:0,(anonymous_9)
FNDA:0,updateCategory
FNDA:0,(anonymous_11)
FNDA:0,dbCommit
FNDA:0,(anonymous_13)
FNDA:0,success
DA:6,1
DA:17,1
DA:18,0
DA:20,0
DA:23,0
DA:24,0
DA:25,0
DA:26,0
DA:29,0
DA:37,0
DA:38,0
DA:42,1
DA:43,0
DA:44,0
DA:45,0
DA:47,0
DA:52,1
DA:53,0
DA:54,0
DA:55,0
DA:56,0
DA:57,0
DA:58,0
DA:60,0
DA:65,1
DA:66,0
DA:67,0
DA:68,0
DA:69,0
DA:70,0
DA:71,0
DA:73,0
DA:78,1
DA:79,0
DA:80,0
DA:81,0
DA:83,0
DA:88,1
DA:89,0
DA:90,0
DA:91,0
DA:93,0
DA:94,0
DA:99,1
DA:100,0
LF:45
LH:8
BRDA:23,1,0,0
BRDA:23,1,1,0
BRDA:44,2,0,0
BRDA:44,2,1,0
BRDA:54,3,0,0
BRDA:54,3,1,0
BRDA:56,4,0,0
BRDA:56,4,1,0
BRDA:67,5,0,0
BRDA:67,5,1,0
BRDA:69,6,0,0
BRDA:69,6,1,0
BRDA:80,7,0,0
BRDA:80,7,1,0
BRDA:90,8,0,0
BRDA:90,8,1,0
BRF:16
BRH:0
end_of_record
TN:
SF:/home/techuz/Nirav/data_viz/Code/Backend/node_boilerplate/modules/category/controllers/category/category.get.controller.js
FN:13,(anonymous_1)
FN:16,(anonymous_2)
FN:17,(anonymous_3)
FN:25,(anonymous_4)
FN:26,(anonymous_5)
FN:35,(anonymous_6)
FNF:6
FNH:6
FNDA:1,(anonymous_1)
FNDA:1,(anonymous_2)
FNDA:1,(anonymous_3)
FNDA:1,(anonymous_4)
FNDA:1,(anonymous_5)
FNDA:1,(anonymous_6)
DA:6,1
DA:13,1
DA:15,1
DA:17,1
DA:18,1
DA:19,0
DA:21,1
DA:26,1
DA:27,1
DA:28,0
DA:30,1
DA:36,1
DA:37,0
DA:39,1
DA:40,1
DA:41,1
DA:42,1
DA:44,1
DA:45,1
DA:46,0
DA:48,1
DA:51,1
LF:22
LH:18
BRDA:18,1,0,0
BRDA:18,1,1,1
BRDA:27,2,0,0
BRDA:27,2,1,1
BRDA:36,3,0,0
BRDA:36,3,1,1
BRDA:41,4,0,0
BRDA:41,4,1,1
BRDA:45,5,0,0
BRDA:45,5,1,1
BRF:10
BRH:5
end_of_record
TN:
SF:/home/techuz/Nirav/data_viz/Code/Backend/node_boilerplate/modules/category/controllers/category/category.delete.controller.js
FN:16,(anonymous_1)
FN:17,(anonymous_2)
FNF:2
FNH:0
FNDA:0,(anonymous_1)
FNDA:0,(anonymous_2)
DA:6,1
DA:16,1
DA:17,0
DA:18,0
DA:19,0
DA:20,0
DA:22,0
DA:24,0
LF:8
LH:2
BRDA:18,1,0,0
BRDA:18,1,1,0
BRDA:19,2,0,0
BRDA:19,2,1,0
BRF:4
BRH:0
end_of_record
TN:
SF:/home/techuz/Nirav/data_viz/Code/Backend/node_boilerplate/modules/category/controllers/category/common.controller.js
FN:12,(anonymous_1)
FNF:1
FNH:0
FNDA:0,(anonymous_1)
DA:6,1
DA:12,1
DA:14,0
LF:3
LH:2
BRF:0
BRH:0
end_of_record
TN:
SF:/home/techuz/Nirav/data_viz/Code/Backend/node_boilerplate/modules/visual/routes/visual.js
FN:11,(anonymous_1)
FNF:1
FNH:1
FNDA:1,(anonymous_1)
DA:7,1
DA:8,1
DA:9,1
DA:11,1
DA:13,1
DA:15,1
DA:21,1
DA:27,1
DA:33,1
DA:38,1
DA:43,1
DA:54,1
DA:59,1
LF:13
LH:13
BRF:0
BRH:0
end_of_record
TN:
SF:/home/techuz/Nirav/data_viz/Code/Backend/node_boilerplate/modules/visual/validate/visualValidate.js
FNF:0
FNH:0
DA:6,1
DA:11,1
LF:2
LH:2
BRF:0
BRH:0
end_of_record
TN:
SF:/home/techuz/Nirav/data_viz/Code/Backend/node_boilerplate/modules/visual/validate/visual/visual.add.js
FN:3,(anonymous_1)
FNF:1
FNH:0
FNDA:0,(anonymous_1)
DA:3,1
DA:5,0
DA:16,0
DA:17,0
DA:18,0
DA:19,0
DA:21,0
LF:7
LH:1
BRDA:18,1,0,0
BRDA:18,1,1,0
BRF:2
BRH:0
end_of_record
TN:
SF:/home/techuz/Nirav/data_viz/Code/Backend/node_boilerplate/modules/visual/validate/visual/visual.setFeatured.js
FN:3,(anonymous_1)
FNF:1
FNH:0
FNDA:0,(anonymous_1)
DA:3,1
DA:5,0
DA:16,0
DA:17,0
DA:18,0
DA:19,0
DA:21,0
LF:7
LH:1
BRDA:18,1,0,0
BRDA:18,1,1,0
BRF:2
BRH:0
end_of_record
TN:
SF:/home/techuz/Nirav/data_viz/Code/Backend/node_boilerplate/modules/visual/controllers/visual/visual.add.controller.js
FN:17,(anonymous_1)
FN:22,(anonymous_2)
FN:37,(anonymous_3)
FN:43,dbBegin
FN:44,(anonymous_5)
FN:53,chekcUserExists
FN:54,(anonymous_7)
FN:66,addVisual
FN:67,(anonymous_9)
FN:76,dbCommit
FN:77,(anonymous_11)
FN:87,success
FNF:12
FNH:0
FNDA:0,(anonymous_1)
FNDA:0,(anonymous_2)
FNDA:0,(anonymous_3)
FNDA:0,dbBegin
FNDA:0,(anonymous_5)
FNDA:0,chekcUserExists
FNDA:0,(anonymous_7)
FNDA:0,addVisual
FNDA:0,(anonymous_9)
FNDA:0,dbCommit
FNDA:0,(anonymous_11)
FNDA:0,success
DA:6,1
DA:17,1
DA:18,0
DA:19,0
DA:22,0
DA:25,0
DA:26,0
DA:27,0
DA:28,0
DA:31,0
DA:38,0
DA:39,0
DA:43,1
DA:44,0
DA:45,0
DA:46,0
DA:48,0
DA:53,1
DA:54,0
DA:55,0
DA:56,0
DA:57,0
DA:58,0
DA:59,0
DA:61,0
DA:66,1
DA:67,0
DA:68,0
DA:69,0
DA:71,0
DA:76,1
DA:77,0
DA:78,0
DA:79,0
DA:81,0
DA:82,0
DA:87,1
DA:88,0
LF:38
LH:7
BRDA:18,1,0,0
BRDA:18,1,1,0
BRDA:25,2,0,0
BRDA:25,2,1,0
BRDA:45,3,0,0
BRDA:45,3,1,0
BRDA:55,4,0,0
BRDA:55,4,1,0
BRDA:57,5,0,0
BRDA:57,5,1,0
BRDA:68,6,0,0
BRDA:68,6,1,0
BRDA:78,7,0,0
BRDA:78,7,1,0
BRF:14
BRH:0
end_of_record
TN:
SF:/home/techuz/Nirav/data_viz/Code/Backend/node_boilerplate/models/Visual.js
FN:42,(anonymous_1)
FN:51,(anonymous_2)
FN:76,(anonymous_3)
FN:85,(anonymous_4)
FN:177,(anonymous_5)
FN:186,(anonymous_6)
FN:188,(anonymous_7)
FN:196,(anonymous_8)
FN:198,(anonymous_9)
FN:222,(anonymous_10)
FN:230,(anonymous_11)
FN:270,(anonymous_12)
FN:278,(anonymous_13)
FN:288,(anonymous_14)
FN:295,(anonymous_15)
FN:304,(anonymous_16)
FN:322,(anonymous_17)
FN:331,(anonymous_18)
FN:365,(anonymous_19)
FN:375,(anonymous_20)
FN:379,(anonymous_21)
FN:406,(anonymous_22)
FN:417,(anonymous_23)
FN:421,(anonymous_24)
FN:468,(anonymous_25)
FN:480,(anonymous_26)
FN:484,(anonymous_27)
FN:518,(anonymous_28)
FN:528,(anonymous_29)
FN:532,(anonymous_30)
FN:556,(anonymous_31)
FN:571,(anonymous_32)
FNF:32
FNH:0
FNDA:0,(anonymous_1)
FNDA:0,(anonymous_2)
FNDA:0,(anonymous_3)
FNDA:0,(anonymous_4)
FNDA:0,(anonymous_5)
FNDA:0,(anonymous_6)
FNDA:0,(anonymous_7)
FNDA:0,(anonymous_8)
FNDA:0,(anonymous_9)
FNDA:0,(anonymous_10)
FNDA:0,(anonymous_11)
FNDA:0,(anonymous_12)
FNDA:0,(anonymous_13)
FNDA:0,(anonymous_14)
FNDA:0,(anonymous_15)
FNDA:0,(anonymous_16)
FNDA:0,(anonymous_17)
FNDA:0,(anonymous_18)
FNDA:0,(anonymous_19)
FNDA:0,(anonymous_20)
FNDA:0,(anonymous_21)
FNDA:0,(anonymous_22)
FNDA:0,(anonymous_23)
FNDA:0,(anonymous_24)
FNDA:0,(anonymous_25)
FNDA:0,(anonymous_26)
FNDA:0,(anonymous_27)
FNDA:0,(anonymous_28)
FNDA:0,(anonymous_29)
FNDA:0,(anonymous_30)
FNDA:0,(anonymous_31)
FNDA:0,(anonymous_32)
DA:6,1
DA:9,1
DA:10,0
DA:29,0
DA:42,0
DA:43,0
DA:44,0
DA:46,0
DA:51,1
DA:52,0
DA:54,0
DA:55,0
DA:57,0
DA:58,0
DA:60,0
DA:61,0
DA:64,0
DA:65,0
DA:67,0
DA:68,0
DA:70,0
DA:71,0
DA:73,0
DA:76,0
DA:77,0
DA:78,0
DA:80,0
DA:85,1
DA:86,0
DA:87,0
DA:88,0
DA:89,0
DA:90,0
DA:91,0
DA:93,0
DA:95,0
DA:96,0
DA:99,0
DA:100,0
DA:102,0
DA:103,0
DA:105,0
DA:106,0
DA:108,0
DA:109,0
DA:111,0
DA:112,0
DA:115,0
DA:116,0
DA:118,0
DA:119,0
DA:121,0
DA:122,0
DA:125,0
DA:126,0
DA:127,0
DA:128,0
DA:131,0
DA:133,0
DA:134,0
DA:136,0
DA:159,0
DA:177,0
DA:178,0
DA:179,0
DA:181,0
DA:186,1
DA:187,0
DA:188,0
DA:189,0
DA:190,0
DA:192,0
DA:196,1
DA:197,0
DA:198,0
DA:199,0
DA:200,0
DA:202,0
DA:207,1
DA:208,0
DA:217,0
DA:221,0
DA:222,0
DA:223,0
DA:224,0
DA:226,0
DA:230,0
DA:231,0
DA:232,0
DA:234,0
DA:240,1
DA:241,0
DA:257,0
DA:269,0
DA:270,0
DA:271,0
DA:272,0
DA:274,0
DA:278,0
DA:279,0
DA:280,0
DA:282,0
DA:288,1
DA:289,0
DA:295,0
DA:296,0
DA:297,0
DA:299,0
DA:304,1
DA:305,0
DA:307,0
DA:308,0
DA:310,0
DA:311,0
DA:313,0
DA:314,0
DA:316,0
DA:322,0
DA:323,0
DA:324,0
DA:326,0
DA:331,1
DA:332,0
DA:333,0
DA:334,0
DA:335,0
DA:336,0
DA:338,0
DA:340,0
DA:341,0
DA:343,0
DA:344,0
DA:346,0
DA:347,0
DA:350,0
DA:351,0
DA:352,0
DA:353,0
DA:356,0
DA:365,0
DA:366,0
DA:367,0
DA:369,0
DA:375,1
DA:376,0
DA:379,0
DA:380,0
DA:381,0
DA:383,0
DA:384,0
DA:386,0
DA:387,0
DA:389,0
DA:390,0
DA:392,0
DA:393,0
DA:396,0
DA:397,0
DA:403,0
DA:406,0
DA:407,0
DA:408,0
DA:410,0
DA:417,1
DA:418,0
DA:421,0
DA:422,0
DA:423,0
DA:425,0
DA:426,0
DA:427,0
DA:428,0
DA:429,0
DA:430,0
DA:432,0
DA:434,0
DA:435,0
DA:437,0
DA:438,0
DA:440,0
DA:441,0
DA:444,0
DA:445,0
DA:446,0
DA:447,0
DA:450,0
DA:451,0
DA:452,0
DA:462,0
DA:468,0
DA:469,0
DA:470,0
DA:472,0
DA:480,1
DA:481,0
DA:484,0
DA:485,0
DA:486,0
DA:488,0
DA:494,1
DA:495,0
DA:496,0
DA:497,0
DA:506,0
DA:514,0
DA:518,0
DA:519,0
DA:520,0
DA:522,0
DA:528,1
DA:529,0
DA:532,0
DA:533,0
DA:534,0
DA:536,0
DA:542,1
DA:543,0
DA:552,0
DA:556,0
DA:557,0
DA:558,0
DA:560,0
DA:565,1
DA:566,0
DA:571,0
DA:572,0
DA:573,0
DA:575,0
LF:228
LH:18
BRDA:38,1,0,0
BRDA:38,1,1,0
BRDA:43,2,0,0
BRDA:43,2,1,0
BRDA:54,3,0,0
BRDA:54,3,1,0
BRDA:57,4,0,0
BRDA:57,4,1,0
BRDA:60,5,0,0
BRDA:60,5,1,0
BRDA:60,6,0,0
BRDA:60,6,1,0
BRDA:64,7,0,0
BRDA:64,7,1,0
BRDA:67,8,0,0
BRDA:67,8,1,0
BRDA:70,9,0,0
BRDA:70,9,1,0
BRDA:77,10,0,0
BRDA:77,10,1,0
BRDA:86,11,0,0
BRDA:86,11,1,0
BRDA:88,12,0,0
BRDA:88,12,1,0
BRDA:89,13,0,0
BRDA:89,13,1,0
BRDA:90,14,0,0
BRDA:90,14,1,0
BRDA:95,15,0,0
BRDA:95,15,1,0
BRDA:99,16,0,0
BRDA:99,16,1,0
BRDA:102,17,0,0
BRDA:102,17,1,0
BRDA:105,18,0,0
BRDA:105,18,1,0
BRDA:108,19,0,0
BRDA:108,19,1,0
BRDA:111,20,0,0
BRDA:111,20,1,0
BRDA:111,21,0,0
BRDA:111,21,1,0
BRDA:115,22,0,0
BRDA:115,22,1,0
BRDA:118,23,0,0
BRDA:118,23,1,0
BRDA:121,24,0,0
BRDA:121,24,1,0
BRDA:126,25,0,0
BRDA:126,25,1,0
BRDA:127,26,0,0
BRDA:127,26,1,0
BRDA:134,27,0,0
BRDA:134,27,1,0
BRDA:178,28,0,0
BRDA:178,28,1,0
BRDA:189,29,0,0
BRDA:189,29,1,0
BRDA:199,30,0,0
BRDA:199,30,1,0
BRDA:221,31,0,0
BRDA:221,31,1,0
BRDA:223,32,0,0
BRDA:223,32,1,0
BRDA:231,33,0,0
BRDA:231,33,1,0
BRDA:269,34,0,0
BRDA:269,34,1,0
BRDA:271,35,0,0
BRDA:271,35,1,0
BRDA:279,36,0,0
BRDA:279,36,1,0
BRDA:296,37,0,0
BRDA:296,37,1,0
BRDA:307,38,0,0
BRDA:307,38,1,0
BRDA:310,39,0,0
BRDA:310,39,1,0
BRDA:313,40,0,0
BRDA:313,40,1,0
BRDA:323,41,0,0
BRDA:323,41,1,0
BRDA:333,42,0,0
BRDA:333,42,1,0
BRDA:334,43,0,0
BRDA:334,43,1,0
BRDA:335,44,0,0
BRDA:335,44,1,0
BRDA:340,45,0,0
BRDA:340,45,1,0
BRDA:343,46,0,0
BRDA:343,46,1,0
BRDA:346,47,0,0
BRDA:346,47,1,0
BRDA:351,48,0,0
BRDA:351,48,1,0
BRDA:352,49,0,0
BRDA:352,49,1,0
BRDA:366,50,0,0
BRDA:366,50,1,0
BRDA:380,51,0,0
BRDA:380,51,1,0
BRDA:386,52,0,0
BRDA:386,52,1,0
BRDA:389,53,0,0
BRDA:389,53,1,0
BRDA:392,54,0,0
BRDA:392,54,1,0
BRDA:396,55,0,0
BRDA:396,55,1,0
BRDA:407,56,0,0
BRDA:407,56,1,0
BRDA:422,57,0,0
BRDA:422,57,1,0
BRDA:427,58,0,0
BRDA:427,58,1,0
BRDA:428,59,0,0
BRDA:428,59,1,0
BRDA:429,60,0,0
BRDA:429,60,1,0
BRDA:434,61,0,0
BRDA:434,61,1,0
BRDA:437,62,0,0
BRDA:437,62,1,0
BRDA:440,63,0,0
BRDA:440,63,1,0
BRDA:445,64,0,0
BRDA:445,64,1,0
BRDA:446,65,0,0
BRDA:446,65,1,0
BRDA:451,66,0,0
BRDA:451,66,1,0
BRDA:469,67,0,0
BRDA:469,67,1,0
BRDA:485,68,0,0
BRDA:485,68,1,0
BRDA:496,69,0,0
BRDA:496,69,1,0
BRDA:519,70,0,0
BRDA:519,70,1,0
BRDA:533,71,0,0
BRDA:533,71,1,0
BRDA:557,72,0,0
BRDA:557,72,1,0
BRDA:572,73,0,0
BRDA:572,73,1,0
BRF:146
BRH:0
end_of_record
TN:
SF:/home/techuz/Nirav/data_viz/Code/Backend/node_boilerplate/modules/visual/controllers/visual/visual.get.controller.js
FN:17,(anonymous_1)
FN:21,(anonymous_2)
FN:22,(anonymous_3)
FN:30,(anonymous_4)
FN:31,(anonymous_5)
FN:40,(anonymous_6)
FNF:6
FNH:0
FNDA:0,(anonymous_1)
FNDA:0,(anonymous_2)
FNDA:0,(anonymous_3)
FNDA:0,(anonymous_4)
FNDA:0,(anonymous_5)
FNDA:0,(anonymous_6)
DA:6,1
DA:17,1
DA:18,0
DA:19,0
DA:20,0
DA:22,0
DA:23,0
DA:24,0
DA:26,0
DA:31,0
DA:32,0
DA:33,0
DA:35,0
DA:41,0
DA:42,0
DA:44,0
DA:45,0
DA:46,0
DA:47,0
DA:49,0
DA:50,0
DA:51,0
DA:53,0
DA:56,0
LF:24
LH:2
BRDA:18,1,0,0
BRDA:18,1,1,0
BRDA:23,2,0,0
BRDA:23,2,1,0
BRDA:32,3,0,0
BRDA:32,3,1,0
BRDA:41,4,0,0
BRDA:41,4,1,0
BRDA:46,5,0,0
BRDA:46,5,1,0
BRDA:50,6,0,0
BRDA:50,6,1,0
BRF:12
BRH:0
end_of_record
TN:
SF:/home/techuz/Nirav/data_viz/Code/Backend/node_boilerplate/modules/visual/controllers/visual/visual.modify.controller.js
FN:18,(anonymous_1)
FN:25,(anonymous_2)
FN:40,(anonymous_3)
FN:46,dbBegin
FN:47,(anonymous_5)
FN:56,chekcVisualExists
FN:57,(anonymous_7)
FN:69,updateVisual
FN:70,(anonymous_9)
FN:79,dbCommit
FN:80,(anonymous_11)
FN:90,success
FN:103,(anonymous_13)
FN:104,(anonymous_14)
FNF:14
FNH:0
FNDA:0,(anonymous_1)
FNDA:0,(anonymous_2)
FNDA:0,(anonymous_3)
FNDA:0,dbBegin
FNDA:0,(anonymous_5)
FNDA:0,chekcVisualExists
FNDA:0,(anonymous_7)
FNDA:0,updateVisual
FNDA:0,(anonymous_9)
FNDA:0,dbCommit
FNDA:0,(anonymous_11)
FNDA:0,success
FNDA:0,(anonymous_13)
FNDA:0,(anonymous_14)
DA:6,1
DA:18,1
DA:20,0
DA:21,0
DA:22,0
DA:25,0
DA:28,0
DA:29,0
DA:30,0
DA:31,0
DA:34,0
DA:41,0
DA:42,0
DA:46,1
DA:47,0
DA:48,0
DA:49,0
DA:51,0
DA:56,1
DA:57,0
DA:58,0
DA:59,0
DA:60,0
DA:61,0
DA:62,0
DA:64,0
DA:69,1
DA:70,0
DA:71,0
DA:72,0
DA:74,0
DA:79,1
DA:80,0
DA:81,0
DA:82,0
DA:84,0
DA:85,0
DA:90,1
DA:91,0
DA:103,1
DA:104,0
DA:105,0
DA:106,0
DA:108,0
LF:44
LH:8
BRDA:21,1,0,0
BRDA:21,1,1,0
BRDA:28,2,0,0
BRDA:28,2,1,0
BRDA:48,3,0,0
BRDA:48,3,1,0
BRDA:58,4,0,0
BRDA:58,4,1,0
BRDA:60,5,0,0
BRDA:60,5,1,0
BRDA:71,6,0,0
BRDA:71,6,1,0
BRDA:81,7,0,0
BRDA:81,7,1,0
BRDA:105,8,0,0
BRDA:105,8,1,0
BRF:16
BRH:0
end_of_record
TN:
SF:/home/techuz/Nirav/data_viz/Code/Backend/node_boilerplate/modules/visual/controllers/visual/visual.delete.controller.js
FN:16,(anonymous_1)
FN:22,(anonymous_2)
FNF:2
FNH:0
FNDA:0,(anonymous_1)
FNDA:0,(anonymous_2)
DA:6,1
DA:16,1
DA:17,0
DA:18,0
DA:19,0
DA:20,0
DA:22,0
DA:23,0
DA:24,0
DA:25,0
DA:27,0
DA:29,0
LF:12
LH:2
BRDA:19,1,0,0
BRDA:19,1,1,0
BRDA:23,2,0,0
BRDA:23,2,1,0
BRDA:24,3,0,0
BRDA:24,3,1,0
BRF:6
BRH:0
end_of_record
TN:
SF:/home/techuz/Nirav/data_viz/Code/Backend/node_boilerplate/modules/visual/controllers/visual/common.controller.js
FN:16,(anonymous_1)
FNF:1
FNH:0
FNDA:0,(anonymous_1)
DA:6,1
DA:16,1
DA:17,0
LF:3
LH:2
BRF:0
BRH:0
end_of_record
TN:
SF:/home/techuz/Nirav/data_viz/Code/Backend/node_boilerplate/modules/visual/controllers/visual/vizOfDay.controller.js
FN:13,(anonymous_1)
FN:16,(anonymous_2)
FN:17,(anonymous_3)
FN:25,(anonymous_4)
FN:26,(anonymous_5)
FN:35,(anonymous_6)
FN:56,(anonymous_7)
FN:58,(anonymous_8)
FN:59,(anonymous_9)
FN:67,(anonymous_10)
FN:68,(anonymous_11)
FN:77,(anonymous_12)
FN:98,(anonymous_13)
FN:109,(anonymous_14)
FN:114,chekcVisualExists
FN:115,(anonymous_16)
FN:126,checkNUpdateVizList
FN:129,(anonymous_18)
FN:139,(anonymous_19)
FN:153,updateVizOfDay
FN:154,(anonymous_21)
FN:163,success
FNF:22
FNH:0
FNDA:0,(anonymous_1)
FNDA:0,(anonymous_2)
FNDA:0,(anonymous_3)
FNDA:0,(anonymous_4)
FNDA:0,(anonymous_5)
FNDA:0,(anonymous_6)
FNDA:0,(anonymous_7)
FNDA:0,(anonymous_8)
FNDA:0,(anonymous_9)
FNDA:0,(anonymous_10)
FNDA:0,(anonymous_11)
FNDA:0,(anonymous_12)
FNDA:0,(anonymous_13)
FNDA:0,(anonymous_14)
FNDA:0,chekcVisualExists
FNDA:0,(anonymous_16)
FNDA:0,checkNUpdateVizList
FNDA:0,(anonymous_18)
FNDA:0,(anonymous_19)
FNDA:0,updateVizOfDay
FNDA:0,(anonymous_21)
FNDA:0,success
DA:6,1
DA:13,1
DA:15,0
DA:17,0
DA:18,0
DA:19,0
DA:21,0
DA:26,0
DA:27,0
DA:28,0
DA:30,0
DA:36,0
DA:37,0
DA:39,0
DA:40,0
DA:41,0
DA:42,0
DA:44,0
DA:45,0
DA:46,0
DA:48,0
DA:51,0
DA:56,1
DA:57,0
DA:59,0
DA:60,0
DA:61,0
DA:63,0
DA:68,0
DA:69,0
DA:70,0
DA:72,0
DA:78,0
DA:79,0
DA:81,0
DA:82,0
DA:83,0
DA:84,0
DA:86,0
DA:87,0
DA:88,0
DA:90,0
DA:93,0
DA:98,1
DA:100,0
DA:101,0
DA:102,0
DA:104,0
DA:110,0
DA:114,1
DA:115,0
DA:116,0
DA:117,0
DA:118,0
DA:119,0
DA:121,0
DA:126,1
DA:127,0
DA:128,0
DA:129,0
DA:130,0
DA:131,0
DA:132,0
DA:133,0
DA:135,0
DA:138,0
DA:139,0
DA:140,0
DA:141,0
DA:142,0
DA:143,0
DA:145,0
DA:149,0
DA:153,1
DA:154,0
DA:155,0
DA:156,0
DA:158,0
DA:163,1
DA:164,0
LF:80
LH:8
BRDA:18,1,0,0
BRDA:18,1,1,0
BRDA:27,2,0,0
BRDA:27,2,1,0
BRDA:36,3,0,0
BRDA:36,3,1,0
BRDA:41,4,0,0
BRDA:41,4,1,0
BRDA:45,5,0,0
BRDA:45,5,1,0
BRDA:60,6,0,0
BRDA:60,6,1,0
BRDA:69,7,0,0
BRDA:69,7,1,0
BRDA:78,8,0,0
BRDA:78,8,1,0
BRDA:83,9,0,0
BRDA:83,9,1,0
BRDA:87,10,0,0
BRDA:87,10,1,0
BRDA:116,11,0,0
BRDA:116,11,1,0
BRDA:118,12,0,0
BRDA:118,12,1,0
BRDA:128,13,0,0
BRDA:128,13,1,0
BRDA:130,14,0,0
BRDA:130,14,1,0
BRDA:132,15,0,0
BRDA:132,15,1,0
BRDA:138,16,0,0
BRDA:138,16,1,0
BRDA:140,17,0,0
BRDA:140,17,1,0
BRDA:142,18,0,0
BRDA:142,18,1,0
BRDA:155,19,0,0
BRDA:155,19,1,0
BRF:38
BRH:0
end_of_record
TN:
SF:/home/techuz/Nirav/data_viz/Code/Backend/node_boilerplate/modules/visual/controllers/visual/upvote.controller.js
FN:14,(anonymous_1)
FN:24,(anonymous_2)
FN:29,chekcVisualExists
FN:30,(anonymous_4)
FN:41,checkNUpvoteVisual
FN:42,(anonymous_6)
FN:53,createUpvote
FN:54,(anonymous_8)
FN:63,updateVisualVote
FN:64,(anonymous_10)
FN:73,success
FNF:11
FNH:0
FNDA:0,(anonymous_1)
FNDA:0,(anonymous_2)
FNDA:0,chekcVisualExists
FNDA:0,(anonymous_4)
FNDA:0,checkNUpvoteVisual
FNDA:0,(anonymous_6)
FNDA:0,createUpvote
FNDA:0,(anonymous_8)
FNDA:0,updateVisualVote
FNDA:0,(anonymous_10)
FNDA:0,success
DA:6,1
DA:14,1
DA:16,0
DA:17,0
DA:18,0
DA:25,0
DA:29,1
DA:30,0
DA:31,0
DA:32,0
DA:33,0
DA:34,0
DA:36,0
DA:41,1
DA:42,0
DA:43,0
DA:44,0
DA:45,0
DA:46,0
DA:48,0
DA:53,1
DA:54,0
DA:55,0
DA:56,0
DA:58,0
DA:63,1
DA:64,0
DA:65,0
DA:66,0
DA:68,0
DA:73,1
DA:74,0
LF:32
LH:7
BRDA:31,1,0,0
BRDA:31,1,1,0
BRDA:33,2,0,0
BRDA:33,2,1,0
BRDA:43,3,0,0
BRDA:43,3,1,0
BRDA:45,4,0,0
BRDA:45,4,1,0
BRDA:55,5,0,0
BRDA:55,5,1,0
BRDA:65,6,0,0
BRDA:65,6,1,0
BRF:12
BRH:0
end_of_record
TN:
SF:/home/techuz/Nirav/data_viz/Code/Backend/node_boilerplate/modules/video/routes/video.js
FN:11,(anonymous_1)
FNF:1
FNH:1
FNDA:1,(anonymous_1)
DA:7,1
DA:8,1
DA:9,1
DA:11,1
DA:13,1
DA:15,1
DA:26,1
LF:7
LH:7
BRF:0
BRH:0
end_of_record
TN:
SF:/home/techuz/Nirav/data_viz/Code/Backend/node_boilerplate/modules/video/validate/videoValidate.js
FNF:0
FNH:0
DA:6,1
DA:11,1
LF:2
LH:2
BRF:0
BRH:0
end_of_record
TN:
SF:/home/techuz/Nirav/data_viz/Code/Backend/node_boilerplate/modules/video/validate/video/video.add.js
FN:3,(anonymous_1)
FNF:1
FNH:0
FNDA:0,(anonymous_1)
DA:3,1
DA:5,0
DA:16,0
DA:17,0
DA:18,0
DA:19,0
DA:21,0
LF:7
LH:1
BRDA:18,1,0,0
BRDA:18,1,1,0
BRF:2
BRH:0
end_of_record
TN:
SF:/home/techuz/Nirav/data_viz/Code/Backend/node_boilerplate/modules/video/controllers/videoController.js
FNF:0
FNH:0
DA:6,1
DA:11,1
LF:2
LH:2
BRF:0
BRH:0
end_of_record
TN:
SF:/home/techuz/Nirav/data_viz/Code/Backend/node_boilerplate/modules/video/controllers/video/video.add.controller.js
FN:16,(anonymous_1)
FN:17,(anonymous_2)
FNF:2
FNH:0
FNDA:0,(anonymous_1)
FNDA:0,(anonymous_2)
DA:6,1
DA:16,1
DA:17,0
DA:18,0
DA:19,0
DA:21,0
LF:6
LH:2
BRDA:18,1,0,0
BRDA:18,1,1,0
BRF:2
BRH:0
end_of_record
TN:
SF:/home/techuz/Nirav/data_viz/Code/Backend/node_boilerplate/models/Video.js
FN:34,(anonymous_1)
FN:43,(anonymous_2)
FN:58,(anonymous_3)
FN:67,(anonymous_4)
FN:101,(anonymous_5)
FN:110,(anonymous_6)
FN:112,(anonymous_7)
FN:146,(anonymous_8)
FN:154,(anonymous_9)
FN:164,(anonymous_10)
FN:171,(anonymous_11)
FNF:11
FNH:0
FNDA:0,(anonymous_1)
FNDA:0,(anonymous_2)
FNDA:0,(anonymous_3)
FNDA:0,(anonymous_4)
FNDA:0,(anonymous_5)
FNDA:0,(anonymous_6)
FNDA:0,(anonymous_7)
FNDA:0,(anonymous_8)
FNDA:0,(anonymous_9)
FNDA:0,(anonymous_10)
FNDA:0,(anonymous_11)
DA:6,1
DA:9,1
DA:10,0
DA:25,0
DA:34,0
DA:35,0
DA:36,0
DA:38,0
DA:43,1
DA:44,0
DA:46,0
DA:47,0
DA:49,0
DA:50,0
DA:52,0
DA:53,0
DA:55,0
DA:58,0
DA:59,0
DA:60,0
DA:62,0
DA:67,1
DA:68,0
DA:69,0
DA:70,0
DA:71,0
DA:72,0
DA:74,0
DA:77,0
DA:78,0
DA:80,0
DA:81,0
DA:83,0
DA:84,0
DA:87,0
DA:88,0
DA:89,0
DA:90,0
DA:93,0
DA:95,0
DA:101,0
DA:102,0
DA:103,0
DA:105,0
DA:110,1
DA:111,0
DA:112,0
DA:113,0
DA:114,0
DA:116,0
DA:121,1
DA:122,0
DA:136,0
DA:145,0
DA:146,0
DA:147,0
DA:148,0
DA:150,0
DA:154,0
DA:155,0
DA:156,0
DA:158,0
DA:164,1
DA:165,0
DA:171,0
DA:172,0
DA:173,0
DA:175,0
LF:68
LH:7
BRDA:35,1,0,0
BRDA:35,1,1,0
BRDA:46,2,0,0
BRDA:46,2,1,0
BRDA:49,3,0,0
BRDA:49,3,1,0
BRDA:52,4,0,0
BRDA:52,4,1,0
BRDA:59,5,0,0
BRDA:59,5,1,0
BRDA:69,6,0,0
BRDA:69,6,1,0
BRDA:70,7,0,0
BRDA:70,7,1,0
BRDA:71,8,0,0
BRDA:71,8,1,0
BRDA:77,9,0,0
BRDA:77,9,1,0
BRDA:80,10,0,0
BRDA:80,10,1,0
BRDA:83,11,0,0
BRDA:83,11,1,0
BRDA:88,12,0,0
BRDA:88,12,1,0
BRDA:89,13,0,0
BRDA:89,13,1,0
BRDA:102,14,0,0
BRDA:102,14,1,0
BRDA:113,15,0,0
BRDA:113,15,1,0
BRDA:145,16,0,0
BRDA:145,16,1,0
BRDA:147,17,0,0
BRDA:147,17,1,0
BRDA:155,18,0,0
BRDA:155,18,1,0
BRDA:172,19,0,0
BRDA:172,19,1,0
BRF:38
BRH:0
end_of_record
TN:
SF:/home/techuz/Nirav/data_viz/Code/Backend/node_boilerplate/modules/video/controllers/video/video.get.controller.js
FN:17,(anonymous_1)
FN:19,(anonymous_2)
FN:20,(anonymous_3)
FN:28,(anonymous_4)
FN:29,(anonymous_5)
FN:38,(anonymous_6)
FNF:6
FNH:0
FNDA:0,(anonymous_1)
FNDA:0,(anonymous_2)
FNDA:0,(anonymous_3)
FNDA:0,(anonymous_4)
FNDA:0,(anonymous_5)
FNDA:0,(anonymous_6)
DA:6,1
DA:17,1
DA:18,0
DA:20,0
DA:21,0
DA:22,0
DA:24,0
DA:29,0
DA:30,0
DA:31,0
DA:33,0
DA:39,0
DA:40,0
DA:42,0
DA:43,0
DA:44,0
DA:45,0
DA:47,0
DA:48,0
DA:49,0
DA:51,0
DA:54,0
LF:22
LH:2
BRDA:21,1,0,0
BRDA:21,1,1,0
BRDA:30,2,0,0
BRDA:30,2,1,0
BRDA:39,3,0,0
BRDA:39,3,1,0
BRDA:44,4,0,0
BRDA:44,4,1,0
BRDA:48,5,0,0
BRDA:48,5,1,0
BRF:10
BRH:0
end_of_record
TN:
SF:/home/techuz/Nirav/data_viz/Code/Backend/node_boilerplate/modules/video/controllers/video/video.modify.controller.js
FN:17,(anonymous_1)
FN:21,(anonymous_2)
FN:36,(anonymous_3)
FN:42,dbBegin
FN:43,(anonymous_5)
FN:52,chekcVideoExists
FN:53,(anonymous_7)
FN:65,updateVideo
FN:66,(anonymous_9)
FN:75,dbCommit
FN:76,(anonymous_11)
FN:86,success
FN:99,(anonymous_13)
FN:100,(anonymous_14)
FNF:14
FNH:0
FNDA:0,(anonymous_1)
FNDA:0,(anonymous_2)
FNDA:0,(anonymous_3)
FNDA:0,dbBegin
FNDA:0,(anonymous_5)
FNDA:0,chekcVideoExists
FNDA:0,(anonymous_7)
FNDA:0,updateVideo
FNDA:0,(anonymous_9)
FNDA:0,dbCommit
FNDA:0,(anonymous_11)
FNDA:0,success
FNDA:0,(anonymous_13)
FNDA:0,(anonymous_14)
DA:6,1
DA:17,1
DA:19,0
DA:21,0
DA:24,0
DA:25,0
DA:26,0
DA:27,0
DA:30,0
DA:37,0
DA:38,0
DA:42,1
DA:43,0
DA:44,0
DA:45,0
DA:47,0
DA:52,1
DA:53,0
DA:54,0
DA:55,0
DA:56,0
DA:57,0
DA:58,0
DA:60,0
DA:65,1
DA:66,0
DA:67,0
DA:68,0
DA:70,0
DA:75,1
DA:76,0
DA:77,0
DA:78,0
DA:80,0
DA:81,0
DA:86,1
DA:87,0
DA:99,1
DA:100,0
DA:101,0
DA:102,0
DA:104,0
LF:42
LH:8
BRDA:24,1,0,0
BRDA:24,1,1,0
BRDA:44,2,0,0
BRDA:44,2,1,0
BRDA:54,3,0,0
BRDA:54,3,1,0
BRDA:56,4,0,0
BRDA:56,4,1,0
BRDA:67,5,0,0
BRDA:67,5,1,0
BRDA:77,6,0,0
BRDA:77,6,1,0
BRDA:101,7,0,0
BRDA:101,7,1,0
BRF:14
BRH:0
end_of_record
TN:
SF:/home/techuz/Nirav/data_viz/Code/Backend/node_boilerplate/modules/video/controllers/video/video.delete.controller.js
FN:16,(anonymous_1)
FN:18,(anonymous_2)
FNF:2
FNH:0
FNDA:0,(anonymous_1)
FNDA:0,(anonymous_2)
DA:6,1
DA:16,1
DA:17,0
DA:18,0
DA:19,0
DA:20,0
DA:21,0
DA:23,0
DA:25,0
LF:9
LH:2
BRDA:19,1,0,0
BRDA:19,1,1,0
BRDA:20,2,0,0
BRDA:20,2,1,0
BRF:4
BRH:0
end_of_record
TN:
SF:/home/techuz/Nirav/data_viz/Code/Backend/node_boilerplate/modules/video/controllers/video/common.controller.js
FN:16,(anonymous_1)
FNF:1
FNH:0
FNDA:0,(anonymous_1)
DA:6,1
DA:16,1
DA:17,0
LF:3
LH:2
BRF:0
BRH:0
end_of_record
